{"/home/semicolon/GrantFox/scout-off-backend/src/config.ts": {"path":"/home/semicolon/GrantFox/scout-off-backend/src/config.ts","statementMap":{"0":{"start":{"line":1,"column":0},"end":{"line":1,"column":28}},"1":{"start":{"line":2,"column":0},"end":{"line":2,"column":16}},"2":{"start":{"line":5,"column":16},"end":{"line":5,"column":33}},"3":{"start":{"line":6,"column":2},"end":{"line":8,"column":3}},"4":{"start":{"line":7,"column":4},"end":{"line":7,"column":43}},"5":{"start":{"line":9,"column":2},"end":{"line":9,"column":15}},"6":{"start":{"line":15,"column":40},"end":{"line":15,"column":97}},"7":{"start":{"line":17,"column":19},"end":{"line":17,"column":56}},"8":{"start":{"line":18,"column":0},"end":{"line":20,"column":1}},"9":{"start":{"line":19,"column":2},"end":{"line":19,"column":102}},"10":{"start":{"line":21,"column":16},"end":{"line":21,"column":37}},"11":{"start":{"line":26,"column":25},"end":{"line":26,"column":55}},"12":{"start":{"line":27,"column":0},"end":{"line":35,"column":1}},"13":{"start":{"line":28,"column":2},"end":{"line":30,"column":3}},"14":{"start":{"line":29,"column":4},"end":{"line":29,"column":159}},"15":{"start":{"line":31,"column":2},"end":{"line":34,"column":3}},"16":{"start":{"line":33,"column":4},"end":{"line":33,"column":149}},"17":{"start":{"line":37,"column":49},"end":{"line":42,"column":2}},"18":{"start":{"line":44,"column":15},"end":{"line":134,"column":2}},"19":{"start":{"line":61,"column":68},"end":{"line":61,"column":76}},"20":{"start":{"line":70,"column":19},"end":{"line":70,"column":69}},"21":{"start":{"line":71,"column":16},"end":{"line":71,"column":53}},"22":{"start":{"line":72,"column":4},"end":{"line":74,"column":5}},"23":{"start":{"line":73,"column":6},"end":{"line":73,"column":82}},"24":{"start":{"line":75,"column":4},"end":{"line":75,"column":15}},"25":{"start":{"line":80,"column":98},"end":{"line":80,"column":106}},"26":{"start":{"line":80,"column":120},"end":{"line":80,"column":132}},"27":{"start":{"line":108,"column":56},"end":{"line":108,"column":64}},"28":{"start":{"line":125,"column":27},"end":{"line":125,"column":35}},"29":{"start":{"line":136,"column":0},"end":{"line":136,"column":22}},"30":{"start":{"line":138,"column":42},"end":{"line":138,"column":81}},"31":{"start":{"line":138,"column":0},"end":{"line":138,"column":16}},"32":{"start":{"line":139,"column":39},"end":{"line":139,"column":75}},"33":{"start":{"line":139,"column":0},"end":{"line":139,"column":16}},"34":{"start":{"line":140,"column":43},"end":{"line":140,"column":83}},"35":{"start":{"line":140,"column":0},"end":{"line":140,"column":16}},"36":{"start":{"line":143,"column":13},"end":{"line":143,"column":59}},"37":{"start":{"line":144,"column":13},"end":{"line":144,"column":68}}},"fnMap":{"0":{"name":"required","decl":{"start":{"line":4,"column":9},"end":{"line":4,"column":17}},"loc":{"start":{"line":4,"column":30},"end":{"line":10,"column":1}}},"1":{"name":"(anonymous_2)","decl":{"start":{"line":61,"column":63},"end":{"line":61,"column":64}},"loc":{"start":{"line":61,"column":68},"end":{"line":61,"column":76}}},"2":{"name":"(anonymous_3)","decl":{"start":{"line":69,"column":22},"end":{"line":69,"column":25}},"loc":{"start":{"line":69,"column":27},"end":{"line":76,"column":3}}},"3":{"name":"(anonymous_4)","decl":{"start":{"line":80,"column":93},"end":{"line":80,"column":94}},"loc":{"start":{"line":80,"column":98},"end":{"line":80,"column":106}}},"4":{"name":"(anonymous_5)","decl":{"start":{"line":80,"column":115},"end":{"line":80,"column":116}},"loc":{"start":{"line":80,"column":120},"end":{"line":80,"column":132}}},"5":{"name":"(anonymous_6)","decl":{"start":{"line":108,"column":49},"end":{"line":108,"column":50}},"loc":{"start":{"line":108,"column":56},"end":{"line":108,"column":64}}},"6":{"name":"(anonymous_7)","decl":{"start":{"line":125,"column":22},"end":{"line":125,"column":23}},"loc":{"start":{"line":125,"column":27},"end":{"line":125,"column":35}}},"7":{"name":"isProduction","decl":{"start":{"line":138,"column":16},"end":{"line":138,"column":28}},"loc":{"start":{"line":138,"column":28},"end":{"line":138,"column":83}}},"8":{"name":"isStaging","decl":{"start":{"line":139,"column":16},"end":{"line":139,"column":25}},"loc":{"start":{"line":139,"column":25},"end":{"line":139,"column":77}}},"9":{"name":"isDevelopment","decl":{"start":{"line":140,"column":16},"end":{"line":140,"column":29}},"loc":{"start":{"line":140,"column":29},"end":{"line":140,"column":85}}}},"branchMap":{"0":{"loc":{"start":{"line":6,"column":2},"end":{"line":8,"column":3}},"type":"if","locations":[{"start":{"line":6,"column":2},"end":{"line":8,"column":3}}]},"1":{"loc":{"start":{"line":17,"column":19},"end":{"line":17,"column":56}},"type":"binary-expr","locations":[{"start":{"line":17,"column":19},"end":{"line":17,"column":39}},{"start":{"line":17,"column":43},"end":{"line":17,"column":56}}]},"2":{"loc":{"start":{"line":18,"column":0},"end":{"line":20,"column":1}},"type":"if","locations":[{"start":{"line":18,"column":0},"end":{"line":20,"column":1}}]},"3":{"loc":{"start":{"line":26,"column":25},"end":{"line":26,"column":55}},"type":"binary-expr","locations":[{"start":{"line":26,"column":25},"end":{"line":26,"column":49}},{"start":{"line":26,"column":53},"end":{"line":26,"column":55}}]},"4":{"loc":{"start":{"line":27,"column":0},"end":{"line":35,"column":1}},"type":"if","locations":[{"start":{"line":27,"column":0},"end":{"line":35,"column":1}}]},"5":{"loc":{"start":{"line":28,"column":2},"end":{"line":30,"column":3}},"type":"if","locations":[{"start":{"line":28,"column":2},"end":{"line":30,"column":3}}]},"6":{"loc":{"start":{"line":31,"column":2},"end":{"line":34,"column":3}},"type":"if","locations":[{"start":{"line":31,"column":2},"end":{"line":34,"column":3}}]},"7":{"loc":{"start":{"line":46,"column":17},"end":{"line":46,"column":43}},"type":"binary-expr","locations":[{"start":{"line":46,"column":17},"end":{"line":46,"column":33}},{"start":{"line":46,"column":37},"end":{"line":46,"column":43}}]},"8":{"loc":{"start":{"line":47,"column":12},"end":{"line":47,"column":44}},"type":"binary-expr","locations":[{"start":{"line":47,"column":12},"end":{"line":47,"column":31}},{"start":{"line":47,"column":35},"end":{"line":47,"column":44}}]},"9":{"loc":{"start":{"line":49,"column":4},"end":{"line":49,"column":73}},"type":"binary-expr","locations":[{"start":{"line":49,"column":4},"end":{"line":49,"column":34}},{"start":{"line":49,"column":38},"end":{"line":49,"column":73}}]},"10":{"loc":{"start":{"line":51,"column":4},"end":{"line":51,"column":68}},"type":"binary-expr","locations":[{"start":{"line":51,"column":4},"end":{"line":51,"column":27}},{"start":{"line":51,"column":31},"end":{"line":51,"column":68}}]},"11":{"loc":{"start":{"line":53,"column":4},"end":{"line":53,"column":72}},"type":"binary-expr","locations":[{"start":{"line":53,"column":4},"end":{"line":53,"column":31}},{"start":{"line":53,"column":35},"end":{"line":53,"column":72}}]},"12":{"loc":{"start":{"line":56,"column":18},"end":{"line":56,"column":51}},"type":"binary-expr","locations":[{"start":{"line":56,"column":18},"end":{"line":56,"column":45}},{"start":{"line":56,"column":49},"end":{"line":56,"column":51}}]},"13":{"loc":{"start":{"line":58,"column":12},"end":{"line":58,"column":44}},"type":"binary-expr","locations":[{"start":{"line":58,"column":12},"end":{"line":58,"column":38}},{"start":{"line":58,"column":42},"end":{"line":58,"column":44}}]},"14":{"loc":{"start":{"line":59,"column":12},"end":{"line":59,"column":43}},"type":"binary-expr","locations":[{"start":{"line":59,"column":12},"end":{"line":59,"column":37}},{"start":{"line":59,"column":41},"end":{"line":59,"column":43}}]},"15":{"loc":{"start":{"line":60,"column":13},"end":{"line":60,"column":73}},"type":"binary-expr","locations":[{"start":{"line":60,"column":13},"end":{"line":60,"column":39}},{"start":{"line":60,"column":43},"end":{"line":60,"column":73}}]},"16":{"loc":{"start":{"line":61,"column":14},"end":{"line":65,"column":null}},"type":"binary-expr","locations":[{"start":{"line":61,"column":14},"end":{"line":61,"column":93}},{"start":{"line":61,"column":97},"end":{"line":65,"column":null}}]},"17":{"loc":{"start":{"line":61,"column":15},"end":{"line":61,"column":46}},"type":"binary-expr","locations":[{"start":{"line":61,"column":15},"end":{"line":61,"column":40}},{"start":{"line":61,"column":44},"end":{"line":61,"column":46}}]},"18":{"loc":{"start":{"line":67,"column":27},"end":{"line":67,"column":64}},"type":"binary-expr","locations":[{"start":{"line":67,"column":27},"end":{"line":67,"column":55}},{"start":{"line":67,"column":59},"end":{"line":67,"column":64}}]},"19":{"loc":{"start":{"line":68,"column":21},"end":{"line":68,"column":58}},"type":"binary-expr","locations":[{"start":{"line":68,"column":21},"end":{"line":68,"column":52}},{"start":{"line":68,"column":56},"end":{"line":68,"column":58}}]},"20":{"loc":{"start":{"line":70,"column":20},"end":{"line":70,"column":57}},"type":"binary-expr","locations":[{"start":{"line":70,"column":20},"end":{"line":70,"column":40}},{"start":{"line":70,"column":44},"end":{"line":70,"column":57}}]},"21":{"loc":{"start":{"line":71,"column":16},"end":{"line":71,"column":53}},"type":"binary-expr","locations":[{"start":{"line":71,"column":16},"end":{"line":71,"column":47}},{"start":{"line":71,"column":51},"end":{"line":71,"column":53}}]},"22":{"loc":{"start":{"line":72,"column":4},"end":{"line":74,"column":5}},"type":"if","locations":[{"start":{"line":72,"column":4},"end":{"line":74,"column":5}}]},"23":{"loc":{"start":{"line":72,"column":8},"end":{"line":72,"column":23}},"type":"binary-expr","locations":[{"start":{"line":72,"column":8},"end":{"line":72,"column":12}},{"start":{"line":72,"column":16},"end":{"line":72,"column":23}}]},"24":{"loc":{"start":{"line":77,"column":10},"end":{"line":77,"column":47}},"type":"binary-expr","locations":[{"start":{"line":77,"column":10},"end":{"line":77,"column":29}},{"start":{"line":77,"column":33},"end":{"line":77,"column":47}}]},"25":{"loc":{"start":{"line":79,"column":15},"end":{"line":79,"column":45}},"type":"binary-expr","locations":[{"start":{"line":79,"column":15},"end":{"line":79,"column":39}},{"start":{"line":79,"column":43},"end":{"line":79,"column":45}}]},"26":{"loc":{"start":{"line":80,"column":17},"end":{"line":80,"column":76}},"type":"binary-expr","locations":[{"start":{"line":80,"column":17},"end":{"line":80,"column":42}},{"start":{"line":80,"column":46},"end":{"line":80,"column":70}},{"start":{"line":80,"column":74},"end":{"line":80,"column":76}}]},"27":{"loc":{"start":{"line":81,"column":27},"end":{"line":81,"column":61}},"type":"binary-expr","locations":[{"start":{"line":81,"column":27},"end":{"line":81,"column":54}},{"start":{"line":81,"column":58},"end":{"line":81,"column":61}}]},"28":{"loc":{"start":{"line":83,"column":10},"end":{"line":83,"column":76}},"type":"binary-expr","locations":[{"start":{"line":83,"column":10},"end":{"line":83,"column":35}},{"start":{"line":83,"column":39},"end":{"line":83,"column":76}}]},"29":{"loc":{"start":{"line":84,"column":25},"end":{"line":84,"column":81}},"type":"binary-expr","locations":[{"start":{"line":84,"column":25},"end":{"line":84,"column":68}},{"start":{"line":84,"column":72},"end":{"line":84,"column":81}}]},"30":{"loc":{"start":{"line":85,"column":19},"end":{"line":85,"column":65}},"type":"binary-expr","locations":[{"start":{"line":85,"column":19},"end":{"line":85,"column":55}},{"start":{"line":85,"column":59},"end":{"line":85,"column":65}}]},"31":{"loc":{"start":{"line":86,"column":20},"end":{"line":86,"column":73}},"type":"binary-expr","locations":[{"start":{"line":86,"column":20},"end":{"line":86,"column":56}},{"start":{"line":86,"column":60},"end":{"line":86,"column":73}}]},"32":{"loc":{"start":{"line":88,"column":9},"end":{"line":88,"column":57}},"type":"binary-expr","locations":[{"start":{"line":88,"column":9},"end":{"line":88,"column":33}},{"start":{"line":88,"column":37},"end":{"line":88,"column":57}}]},"33":{"loc":{"start":{"line":92,"column":9},"end":{"line":92,"column":38}},"type":"binary-expr","locations":[{"start":{"line":92,"column":9},"end":{"line":92,"column":32}},{"start":{"line":92,"column":36},"end":{"line":92,"column":38}}]},"34":{"loc":{"start":{"line":96,"column":23},"end":{"line":96,"column":66}},"type":"binary-expr","locations":[{"start":{"line":96,"column":23},"end":{"line":96,"column":55}},{"start":{"line":96,"column":59},"end":{"line":96,"column":66}}]},"35":{"loc":{"start":{"line":97,"column":18},"end":{"line":97,"column":97}},"type":"binary-expr","locations":[{"start":{"line":97,"column":18},"end":{"line":97,"column":44}},{"start":{"line":97,"column":49},"end":{"line":97,"column":96}}]},"36":{"loc":{"start":{"line":97,"column":49},"end":{"line":97,"column":96}},"type":"cond-expr","locations":[{"start":{"line":97,"column":83},"end":{"line":97,"column":89}},{"start":{"line":97,"column":92},"end":{"line":97,"column":96}}]},"37":{"loc":{"start":{"line":100,"column":23},"end":{"line":100,"column":71}},"type":"binary-expr","locations":[{"start":{"line":100,"column":23},"end":{"line":100,"column":60}},{"start":{"line":100,"column":64},"end":{"line":100,"column":71}}]},"38":{"loc":{"start":{"line":101,"column":18},"end":{"line":101,"column":101}},"type":"binary-expr","locations":[{"start":{"line":101,"column":18},"end":{"line":101,"column":49}},{"start":{"line":101,"column":54},"end":{"line":101,"column":100}}]},"39":{"loc":{"start":{"line":101,"column":54},"end":{"line":101,"column":100}},"type":"cond-expr","locations":[{"start":{"line":101,"column":88},"end":{"line":101,"column":94}},{"start":{"line":101,"column":97},"end":{"line":101,"column":100}}]},"40":{"loc":{"start":{"line":105,"column":10},"end":{"line":105,"column":49}},"type":"binary-expr","locations":[{"start":{"line":105,"column":10},"end":{"line":105,"column":40}},{"start":{"line":105,"column":44},"end":{"line":105,"column":49}}]},"41":{"loc":{"start":{"line":107,"column":18},"end":{"line":109,"column":8}},"type":"cond-expr","locations":[{"start":{"line":108,"column":6},"end":{"line":108,"column":81}},{"start":{"line":109,"column":6},"end":{"line":109,"column":8}}]},"42":{"loc":{"start":{"line":110,"column":13},"end":{"line":110,"column":60}},"type":"binary-expr","locations":[{"start":{"line":110,"column":13},"end":{"line":110,"column":34}},{"start":{"line":110,"column":38},"end":{"line":110,"column":60}}]},"43":{"loc":{"start":{"line":111,"column":20},"end":{"line":111,"column":67}},"type":"binary-expr","locations":[{"start":{"line":111,"column":20},"end":{"line":111,"column":45}},{"start":{"line":111,"column":49},"end":{"line":111,"column":67}}]},"44":{"loc":{"start":{"line":112,"column":19},"end":{"line":112,"column":66}},"type":"binary-expr","locations":[{"start":{"line":112,"column":19},"end":{"line":112,"column":44}},{"start":{"line":112,"column":48},"end":{"line":112,"column":66}}]},"45":{"loc":{"start":{"line":113,"column":22},"end":{"line":115,"column":10}},"type":"cond-expr","locations":[{"start":{"line":114,"column":6},"end":{"line":114,"column":60}},{"start":{"line":115,"column":6},"end":{"line":115,"column":10}}]},"46":{"loc":{"start":{"line":118,"column":4},"end":{"line":118,"column":55}},"type":"binary-expr","locations":[{"start":{"line":118,"column":4},"end":{"line":118,"column":47}},{"start":{"line":118,"column":51},"end":{"line":118,"column":55}}]},"47":{"loc":{"start":{"line":122,"column":29},"end":{"line":122,"column":70}},"type":"binary-expr","locations":[{"start":{"line":122,"column":29},"end":{"line":122,"column":59}},{"start":{"line":122,"column":63},"end":{"line":122,"column":70}}]},"48":{"loc":{"start":{"line":124,"column":16},"end":{"line":124,"column":106}},"type":"binary-expr","locations":[{"start":{"line":124,"column":16},"end":{"line":124,"column":42}},{"start":{"line":124,"column":46},"end":{"line":124,"column":106}}]},"49":{"loc":{"start":{"line":126,"column":27},"end":{"line":126,"column":61}},"type":"binary-expr","locations":[{"start":{"line":126,"column":27},"end":{"line":126,"column":54}},{"start":{"line":126,"column":58},"end":{"line":126,"column":61}}]},"50":{"loc":{"start":{"line":129,"column":29},"end":{"line":129,"column":71}},"type":"binary-expr","locations":[{"start":{"line":129,"column":29},"end":{"line":129,"column":60}},{"start":{"line":129,"column":64},"end":{"line":129,"column":71}}]},"51":{"loc":{"start":{"line":132,"column":30},"end":{"line":132,"column":75}},"type":"binary-expr","locations":[{"start":{"line":132,"column":30},"end":{"line":132,"column":63}},{"start":{"line":132,"column":67},"end":{"line":132,"column":75}}]},"52":{"loc":{"start":{"line":143,"column":26},"end":{"line":143,"column":58}},"type":"binary-expr","locations":[{"start":{"line":143,"column":26},"end":{"line":143,"column":48}},{"start":{"line":143,"column":52},"end":{"line":143,"column":58}}]},"53":{"loc":{"start":{"line":144,"column":29},"end":{"line":144,"column":67}},"type":"binary-expr","locations":[{"start":{"line":144,"column":29},"end":{"line":144,"column":54}},{"start":{"line":144,"column":58},"end":{"line":144,"column":67}}]}},"s":{"0":1,"1":1,"2":2,"3":2,"4":0,"5":2,"6":1,"7":1,"8":1,"9":0,"10":1,"11":1,"12":1,"13":0,"14":0,"15":0,"16":0,"17":1,"18":1,"19":1,"20":1,"21":1,"22":1,"23":0,"24":1,"25":1,"26":1,"27":0,"28":5,"29":1,"30":0,"31":1,"32":0,"33":1,"34":0,"35":1,"36":1,"37":1},"f":{"0":2,"1":1,"2":1,"3":1,"4":1,"5":0,"6":5,"7":0,"8":0,"9":0},"b":{"0":[0],"1":[1,0],"2":[0],"3":[1,0],"4":[0],"5":[0],"6":[0],"7":[1,0],"8":[1,1],"9":[1,1],"10":[1,1],"11":[1,1],"12":[1,1],"13":[1,1],"14":[1,1],"15":[1,1],"16":[1,0],"17":[1,1],"18":[1,1],"19":[1,1],"20":[1,0],"21":[1,1],"22":[0],"23":[1,1],"24":[1,0],"25":[1,0],"26":[1,1,0],"27":[1,1],"28":[1,1],"29":[1,1],"30":[1,1],"31":[1,1],"32":[1,1],"33":[1,1],"34":[1,1],"35":[1,1],"36":[1,0],"37":[1,1],"38":[1,1],"39":[1,0],"40":[1,1],"41":[0,1],"42":[1,1],"43":[1,1],"44":[1,1],"45":[0,1],"46":[1,1],"47":[1,1],"48":[1,1],"49":[1,1],"50":[1,1],"51":[1,1],"52":[1,1],"53":[1,1]}}
,"/home/semicolon/GrantFox/scout-off-backend/src/db/index.ts": {"path":"/home/semicolon/GrantFox/scout-off-backend/src/db/index.ts","statementMap":{"0":{"start":{"line":1,"column":0},"end":{"line":1,"column":38}},"1":{"start":{"line":2,"column":0},"end":{"line":2,"column":31}},"2":{"start":{"line":4,"column":0},"end":{"line":4,"column":42}},"3":{"start":{"line":5,"column":0},"end":{"line":5,"column":41}},"4":{"start":{"line":8,"column":2},"end":{"line":8,"column":67}},"5":{"start":{"line":13,"column":16},"end":{"line":13,"column":26}},"6":{"start":{"line":14,"column":17},"end":{"line":14,"column":21}},"7":{"start":{"line":15,"column":19},"end":{"line":15,"column":37}},"8":{"start":{"line":16,"column":2},"end":{"line":18,"column":3}},"9":{"start":{"line":17,"column":4},"end":{"line":17,"column":57}},"10":{"start":{"line":19,"column":2},"end":{"line":19,"column":16}},"11":{"start":{"line":12,"column":0},"end":{"line":12,"column":16}},"12":{"start":{"line":24,"column":36},"end":{"line":24,"column":40}},"13":{"start":{"line":32,"column":2},"end":{"line":32,"column":36}},"14":{"start":{"line":33,"column":2},"end":{"line":82,"column":5}},"15":{"start":{"line":84,"column":2},"end":{"line":84,"column":21}},"16":{"start":{"line":31,"column":0},"end":{"line":31,"column":16}},"17":{"start":{"line":88,"column":2},"end":{"line":88,"column":78}},"18":{"start":{"line":88,"column":12},"end":{"line":88,"column":78}},"19":{"start":{"line":89,"column":2},"end":{"line":89,"column":13}},"20":{"start":{"line":87,"column":0},"end":{"line":87,"column":16}},"21":{"start":{"line":95,"column":14},"end":{"line":95,"column":61}},"22":{"start":{"line":96,"column":14},"end":{"line":97,"column":null}},"23":{"start":{"line":97,"column":4},"end":{"line":97,"column":76}},"24":{"start":{"line":99,"column":2},"end":{"line":99,"column":43}},"25":{"start":{"line":94,"column":0},"end":{"line":94,"column":16}},"26":{"start":{"line":103,"column":14},"end":{"line":103,"column":122}},"27":{"start":{"line":104,"column":2},"end":{"line":104,"column":81}},"28":{"start":{"line":104,"column":24},"end":{"line":104,"column":79}},"29":{"start":{"line":102,"column":0},"end":{"line":102,"column":16}},"30":{"start":{"line":124,"column":13},"end":{"line":124,"column":20}},"31":{"start":{"line":125,"column":28},"end":{"line":125,"column":38}},"32":{"start":{"line":126,"column":24},"end":{"line":126,"column":67}},"33":{"start":{"line":130,"column":2},"end":{"line":142,"column":3}},"34":{"start":{"line":131,"column":4},"end":{"line":131,"column":85}},"35":{"start":{"line":132,"column":4},"end":{"line":132,"column":89}},"36":{"start":{"line":132,"column":33},"end":{"line":132,"column":87}},"37":{"start":{"line":133,"column":9},"end":{"line":142,"column":3}},"38":{"start":{"line":134,"column":4},"end":{"line":134,"column":68}},"39":{"start":{"line":135,"column":4},"end":{"line":135,"column":74}},"40":{"start":{"line":135,"column":33},"end":{"line":135,"column":72}},"41":{"start":{"line":136,"column":9},"end":{"line":142,"column":3}},"42":{"start":{"line":137,"column":4},"end":{"line":137,"column":70}},"43":{"start":{"line":138,"column":4},"end":{"line":138,"column":83}},"44":{"start":{"line":138,"column":33},"end":{"line":138,"column":81}},"45":{"start":{"line":140,"column":4},"end":{"line":140,"column":53}},"46":{"start":{"line":141,"column":4},"end":{"line":141,"column":70}},"47":{"start":{"line":141,"column":33},"end":{"line":141,"column":68}},"48":{"start":{"line":144,"column":2},"end":{"line":150,"column":6}},"49":{"start":{"line":144,"column":26},"end":{"line":150,"column":4}},"50":{"start":{"line":120,"column":0},"end":{"line":120,"column":16}},"51":{"start":{"line":154,"column":13},"end":{"line":154,"column":20}},"52":{"start":{"line":155,"column":14},"end":{"line":157,"column":44}},"53":{"start":{"line":158,"column":14},"end":{"line":160,"column":83}},"54":{"start":{"line":159,"column":28},"end":{"line":159,"column":86}},"55":{"start":{"line":160,"column":28},"end":{"line":160,"column":82}},"56":{"start":{"line":161,"column":2},"end":{"line":161,"column":25}},"57":{"start":{"line":153,"column":0},"end":{"line":153,"column":16}},"58":{"start":{"line":196,"column":2},"end":{"line":201,"column":63}},"59":{"start":{"line":190,"column":0},"end":{"line":190,"column":16}},"60":{"start":{"line":207,"column":2},"end":{"line":214,"column":48}},"61":{"start":{"line":204,"column":0},"end":{"line":204,"column":16}},"62":{"start":{"line":225,"column":14},"end":{"line":231,"column":47}},"63":{"start":{"line":232,"column":2},"end":{"line":234,"column":4}},"64":{"start":{"line":233,"column":4},"end":{"line":233,"column":135}},"65":{"start":{"line":217,"column":0},"end":{"line":217,"column":16}},"66":{"start":{"line":238,"column":14},"end":{"line":238,"column":73}},"67":{"start":{"line":239,"column":2},"end":{"line":239,"column":67}},"68":{"start":{"line":239,"column":24},"end":{"line":239,"column":65}},"69":{"start":{"line":237,"column":0},"end":{"line":237,"column":16}},"70":{"start":{"line":249,"column":14},"end":{"line":251,"column":96}},"71":{"start":{"line":252,"column":2},"end":{"line":252,"column":58}},"72":{"start":{"line":252,"column":24},"end":{"line":252,"column":56}},"73":{"start":{"line":248,"column":0},"end":{"line":248,"column":16}},"74":{"start":{"line":256,"column":14},"end":{"line":258,"column":96}},"75":{"start":{"line":259,"column":2},"end":{"line":259,"column":58}},"76":{"start":{"line":259,"column":24},"end":{"line":259,"column":56}},"77":{"start":{"line":255,"column":0},"end":{"line":255,"column":16}},"78":{"start":{"line":263,"column":14},"end":{"line":263,"column":62}},"79":{"start":{"line":264,"column":2},"end":{"line":266,"column":4}},"80":{"start":{"line":265,"column":5},"end":{"line":265,"column":79}},"81":{"start":{"line":262,"column":0},"end":{"line":262,"column":16}},"82":{"start":{"line":286,"column":14},"end":{"line":288,"column":42}},"83":{"start":{"line":289,"column":2},"end":{"line":289,"column":131}},"84":{"start":{"line":289,"column":24},"end":{"line":289,"column":129}},"85":{"start":{"line":278,"column":0},"end":{"line":278,"column":16}},"86":{"start":{"line":293,"column":14},"end":{"line":293,"column":69}},"87":{"start":{"line":294,"column":2},"end":{"line":294,"column":63}},"88":{"start":{"line":294,"column":24},"end":{"line":294,"column":61}},"89":{"start":{"line":292,"column":0},"end":{"line":292,"column":16}},"90":{"start":{"line":307,"column":13},"end":{"line":307,"column":20}},"91":{"start":{"line":309,"column":36},"end":{"line":309,"column":38}},"92":{"start":{"line":310,"column":38},"end":{"line":310,"column":40}},"93":{"start":{"line":312,"column":2},"end":{"line":315,"column":3}},"94":{"start":{"line":313,"column":4},"end":{"line":313,"column":52}},"95":{"start":{"line":314,"column":4},"end":{"line":314,"column":41}},"96":{"start":{"line":316,"column":2},"end":{"line":319,"column":3}},"97":{"start":{"line":317,"column":4},"end":{"line":317,"column":43}},"98":{"start":{"line":318,"column":4},"end":{"line":318,"column":34}},"99":{"start":{"line":320,"column":2},"end":{"line":323,"column":3}},"100":{"start":{"line":321,"column":4},"end":{"line":321,"column":41}},"101":{"start":{"line":322,"column":4},"end":{"line":322,"column":32}},"102":{"start":{"line":324,"column":2},"end":{"line":327,"column":3}},"103":{"start":{"line":325,"column":4},"end":{"line":325,"column":45}},"104":{"start":{"line":326,"column":4},"end":{"line":326,"column":34}},"105":{"start":{"line":329,"column":22},"end":{"line":329,"column":96}},"106":{"start":{"line":332,"column":19},"end":{"line":334,"column":35}},"107":{"start":{"line":335,"column":19},"end":{"line":335,"column":103}},"108":{"start":{"line":335,"column":46},"end":{"line":335,"column":102}},"109":{"start":{"line":336,"column":16},"end":{"line":336,"column":30}},"110":{"start":{"line":339,"column":15},"end":{"line":339,"column":32}},"111":{"start":{"line":340,"column":19},"end":{"line":340,"column":41}},"112":{"start":{"line":341,"column":17},"end":{"line":341,"column":38}},"113":{"start":{"line":342,"column":18},"end":{"line":346,"column":37}},"114":{"start":{"line":347,"column":15},"end":{"line":347,"column":119}},"115":{"start":{"line":347,"column":41},"end":{"line":347,"column":118}},"116":{"start":{"line":349,"column":2},"end":{"line":349,"column":25}},"117":{"start":{"line":306,"column":0},"end":{"line":306,"column":16}},"118":{"start":{"line":353,"column":14},"end":{"line":353,"column":57}},"119":{"start":{"line":354,"column":2},"end":{"line":356,"column":4}},"120":{"start":{"line":355,"column":5},"end":{"line":355,"column":73}},"121":{"start":{"line":352,"column":0},"end":{"line":352,"column":16}},"122":{"start":{"line":360,"column":31},"end":{"line":360,"column":33}},"123":{"start":{"line":361,"column":38},"end":{"line":361,"column":40}},"124":{"start":{"line":363,"column":2},"end":{"line":366,"column":3}},"125":{"start":{"line":364,"column":4},"end":{"line":364,"column":34}},"126":{"start":{"line":365,"column":4},"end":{"line":365,"column":29}},"127":{"start":{"line":367,"column":2},"end":{"line":370,"column":3}},"128":{"start":{"line":368,"column":4},"end":{"line":368,"column":36}},"129":{"start":{"line":369,"column":4},"end":{"line":369,"column":31}},"130":{"start":{"line":371,"column":2},"end":{"line":374,"column":3}},"131":{"start":{"line":372,"column":4},"end":{"line":372,"column":43}},"132":{"start":{"line":373,"column":4},"end":{"line":373,"column":30}},"133":{"start":{"line":376,"column":16},"end":{"line":376,"column":76}},"134":{"start":{"line":377,"column":2},"end":{"line":377,"column":27}},"135":{"start":{"line":381,"column":28},"end":{"line":381,"column":56}},"136":{"start":{"line":382,"column":16},"end":{"line":382,"column":32}},"137":{"start":{"line":383,"column":17},"end":{"line":383,"column":33}},"138":{"start":{"line":384,"column":14},"end":{"line":384,"column":87}},"139":{"start":{"line":385,"column":2},"end":{"line":387,"column":4}},"140":{"start":{"line":386,"column":4},"end":{"line":386,"column":69}},"141":{"start":{"line":380,"column":0},"end":{"line":380,"column":16}},"142":{"start":{"line":391,"column":28},"end":{"line":391,"column":56}},"143":{"start":{"line":392,"column":14},"end":{"line":392,"column":62}},"144":{"start":{"line":393,"column":2},"end":{"line":396,"column":5}},"145":{"start":{"line":394,"column":16},"end":{"line":394,"column":72}},"146":{"start":{"line":395,"column":4},"end":{"line":395,"column":21}},"147":{"start":{"line":390,"column":0},"end":{"line":390,"column":16}},"148":{"start":{"line":409,"column":27},"end":{"line":409,"column":46}},"149":{"start":{"line":416,"column":14},"end":{"line":416,"column":79}},"150":{"start":{"line":417,"column":14},"end":{"line":417,"column":24}},"151":{"start":{"line":418,"column":2},"end":{"line":420,"column":4}},"152":{"start":{"line":419,"column":5},"end":{"line":419,"column":81}},"153":{"start":{"line":415,"column":0},"end":{"line":415,"column":16}},"154":{"start":{"line":434,"column":14},"end":{"line":434,"column":24}},"155":{"start":{"line":435,"column":14},"end":{"line":439,"column":4}},"156":{"start":{"line":440,"column":2},"end":{"line":444,"column":4}},"157":{"start":{"line":441,"column":4},"end":{"line":443,"column":80}},"158":{"start":{"line":429,"column":0},"end":{"line":429,"column":16}},"159":{"start":{"line":452,"column":14},"end":{"line":452,"column":66}},"160":{"start":{"line":453,"column":2},"end":{"line":456,"column":5}},"161":{"start":{"line":454,"column":17},"end":{"line":454,"column":53}},"162":{"start":{"line":455,"column":4},"end":{"line":455,"column":24}},"163":{"start":{"line":451,"column":0},"end":{"line":451,"column":16}},"164":{"start":{"line":471,"column":14},"end":{"line":471,"column":124}},"165":{"start":{"line":472,"column":2},"end":{"line":474,"column":4}},"166":{"start":{"line":473,"column":5},"end":{"line":473,"column":82}},"167":{"start":{"line":470,"column":0},"end":{"line":470,"column":16}},"168":{"start":{"line":483,"column":14},"end":{"line":483,"column":106}},"169":{"start":{"line":484,"column":2},"end":{"line":487,"column":5}},"170":{"start":{"line":485,"column":17},"end":{"line":485,"column":93}},"171":{"start":{"line":486,"column":4},"end":{"line":486,"column":42}},"172":{"start":{"line":477,"column":0},"end":{"line":477,"column":16}},"173":{"start":{"line":491,"column":14},"end":{"line":491,"column":78}},"174":{"start":{"line":492,"column":2},"end":{"line":492,"column":78}},"175":{"start":{"line":492,"column":24},"end":{"line":492,"column":76}},"176":{"start":{"line":490,"column":0},"end":{"line":490,"column":16}},"177":{"start":{"line":496,"column":14},"end":{"line":496,"column":70}},"178":{"start":{"line":497,"column":2},"end":{"line":497,"column":72}},"179":{"start":{"line":497,"column":24},"end":{"line":497,"column":70}},"180":{"start":{"line":495,"column":0},"end":{"line":495,"column":16}},"181":{"start":{"line":515,"column":14},"end":{"line":515,"column":159}},"182":{"start":{"line":516,"column":2},"end":{"line":516,"column":105}},"183":{"start":{"line":516,"column":24},"end":{"line":516,"column":103}},"184":{"start":{"line":509,"column":0},"end":{"line":509,"column":16}},"185":{"start":{"line":520,"column":14},"end":{"line":520,"column":94}},"186":{"start":{"line":521,"column":2},"end":{"line":521,"column":92}},"187":{"start":{"line":521,"column":31},"end":{"line":521,"column":90}},"188":{"start":{"line":519,"column":0},"end":{"line":519,"column":16}},"189":{"start":{"line":525,"column":14},"end":{"line":525,"column":94}},"190":{"start":{"line":526,"column":2},"end":{"line":526,"column":94}},"191":{"start":{"line":526,"column":31},"end":{"line":526,"column":92}},"192":{"start":{"line":524,"column":0},"end":{"line":524,"column":16}},"193":{"start":{"line":545,"column":14},"end":{"line":545,"column":106}},"194":{"start":{"line":546,"column":2},"end":{"line":548,"column":4}},"195":{"start":{"line":547,"column":4},"end":{"line":547,"column":109}},"196":{"start":{"line":539,"column":0},"end":{"line":539,"column":16}},"197":{"start":{"line":558,"column":31},"end":{"line":558,"column":33}},"198":{"start":{"line":559,"column":38},"end":{"line":559,"column":40}},"199":{"start":{"line":560,"column":2},"end":{"line":560,"column":85}},"200":{"start":{"line":560,"column":24},"end":{"line":560,"column":54}},"201":{"start":{"line":560,"column":55},"end":{"line":560,"column":83}},"202":{"start":{"line":561,"column":2},"end":{"line":561,"column":96}},"203":{"start":{"line":561,"column":27},"end":{"line":561,"column":62}},"204":{"start":{"line":561,"column":63},"end":{"line":561,"column":94}},"205":{"start":{"line":562,"column":2},"end":{"line":562,"column":92}},"206":{"start":{"line":562,"column":25},"end":{"line":562,"column":60}},"207":{"start":{"line":562,"column":61},"end":{"line":562,"column":90}},"208":{"start":{"line":563,"column":16},"end":{"line":563,"column":76}},"209":{"start":{"line":564,"column":16},"end":{"line":564,"column":35}},"210":{"start":{"line":565,"column":17},"end":{"line":565,"column":36}},"211":{"start":{"line":566,"column":14},"end":{"line":566,"column":90}},"212":{"start":{"line":567,"column":2},"end":{"line":567,"column":100}},"213":{"start":{"line":567,"column":31},"end":{"line":567,"column":98}},"214":{"start":{"line":551,"column":0},"end":{"line":551,"column":16}},"215":{"start":{"line":575,"column":31},"end":{"line":575,"column":33}},"216":{"start":{"line":576,"column":38},"end":{"line":576,"column":40}},"217":{"start":{"line":577,"column":2},"end":{"line":577,"column":85}},"218":{"start":{"line":577,"column":24},"end":{"line":577,"column":54}},"219":{"start":{"line":577,"column":55},"end":{"line":577,"column":83}},"220":{"start":{"line":578,"column":2},"end":{"line":578,"column":96}},"221":{"start":{"line":578,"column":27},"end":{"line":578,"column":62}},"222":{"start":{"line":578,"column":63},"end":{"line":578,"column":94}},"223":{"start":{"line":579,"column":2},"end":{"line":579,"column":92}},"224":{"start":{"line":579,"column":25},"end":{"line":579,"column":60}},"225":{"start":{"line":579,"column":61},"end":{"line":579,"column":90}},"226":{"start":{"line":580,"column":16},"end":{"line":580,"column":76}},"227":{"start":{"line":581,"column":14},"end":{"line":581,"column":64}},"228":{"start":{"line":582,"column":2},"end":{"line":585,"column":5}},"229":{"start":{"line":583,"column":16},"end":{"line":583,"column":72}},"230":{"start":{"line":584,"column":4},"end":{"line":584,"column":21}},"231":{"start":{"line":570,"column":0},"end":{"line":570,"column":16}},"232":{"start":{"line":603,"column":14},"end":{"line":603,"column":61}},"233":{"start":{"line":604,"column":2},"end":{"line":606,"column":4}},"234":{"start":{"line":605,"column":5},"end":{"line":605,"column":76}},"235":{"start":{"line":602,"column":0},"end":{"line":602,"column":16}},"236":{"start":{"line":616,"column":14},"end":{"line":616,"column":134}},"237":{"start":{"line":617,"column":2},"end":{"line":617,"column":120}},"238":{"start":{"line":617,"column":24},"end":{"line":617,"column":118}},"239":{"start":{"line":609,"column":0},"end":{"line":609,"column":16}},"240":{"start":{"line":626,"column":14},"end":{"line":626,"column":106}},"241":{"start":{"line":627,"column":2},"end":{"line":627,"column":113}},"242":{"start":{"line":627,"column":24},"end":{"line":627,"column":111}},"243":{"start":{"line":620,"column":0},"end":{"line":620,"column":16}},"244":{"start":{"line":645,"column":14},"end":{"line":645,"column":91}},"245":{"start":{"line":646,"column":2},"end":{"line":646,"column":89}},"246":{"start":{"line":646,"column":24},"end":{"line":646,"column":87}},"247":{"start":{"line":640,"column":0},"end":{"line":640,"column":16}},"248":{"start":{"line":650,"column":14},"end":{"line":650,"column":66}},"249":{"start":{"line":651,"column":2},"end":{"line":651,"column":78}},"250":{"start":{"line":651,"column":31},"end":{"line":651,"column":76}},"251":{"start":{"line":649,"column":0},"end":{"line":649,"column":16}},"252":{"start":{"line":655,"column":14},"end":{"line":655,"column":53}},"253":{"start":{"line":656,"column":2},"end":{"line":656,"column":54}},"254":{"start":{"line":656,"column":24},"end":{"line":656,"column":52}},"255":{"start":{"line":654,"column":0},"end":{"line":654,"column":16}},"256":{"start":{"line":660,"column":14},"end":{"line":660,"column":92}},"257":{"start":{"line":661,"column":2},"end":{"line":661,"column":80}},"258":{"start":{"line":661,"column":24},"end":{"line":661,"column":78}},"259":{"start":{"line":659,"column":0},"end":{"line":659,"column":16}}},"fnMap":{"0":{"name":"slowQueryThresholdMs","decl":{"start":{"line":7,"column":9},"end":{"line":7,"column":29}},"loc":{"start":{"line":7,"column":29},"end":{"line":9,"column":1}}},"1":{"name":"timedQuery","decl":{"start":{"line":12,"column":16},"end":{"line":12,"column":26}},"loc":{"start":{"line":12,"column":54},"end":{"line":20,"column":1}}},"2":{"name":"initDb","decl":{"start":{"line":31,"column":16},"end":{"line":31,"column":22}},"loc":{"start":{"line":31,"column":22},"end":{"line":85,"column":1}}},"3":{"name":"getDb","decl":{"start":{"line":87,"column":16},"end":{"line":87,"column":21}},"loc":{"start":{"line":87,"column":21},"end":{"line":90,"column":1}}},"4":{"name":"getLastLedger","decl":{"start":{"line":94,"column":16},"end":{"line":94,"column":29}},"loc":{"start":{"line":94,"column":29},"end":{"line":100,"column":1}}},"5":{"name":"(anonymous_6)","decl":{"start":{"line":96,"column":30},"end":{"line":96,"column":33}},"loc":{"start":{"line":97,"column":4},"end":{"line":97,"column":76}}},"6":{"name":"setLastLedger","decl":{"start":{"line":102,"column":16},"end":{"line":102,"column":29}},"loc":{"start":{"line":102,"column":44},"end":{"line":105,"column":1}}},"7":{"name":"(anonymous_8)","decl":{"start":{"line":104,"column":18},"end":{"line":104,"column":21}},"loc":{"start":{"line":104,"column":24},"end":{"line":104,"column":79}}},"8":{"name":"getEvents","decl":{"start":{"line":120,"column":16},"end":{"line":120,"column":25}},"loc":{"start":{"line":122,"column":25},"end":{"line":151,"column":1}}},"9":{"name":"(anonymous_10)","decl":{"start":{"line":132,"column":27},"end":{"line":132,"column":30}},"loc":{"start":{"line":132,"column":33},"end":{"line":132,"column":87}}},"10":{"name":"(anonymous_11)","decl":{"start":{"line":135,"column":27},"end":{"line":135,"column":30}},"loc":{"start":{"line":135,"column":33},"end":{"line":135,"column":72}}},"11":{"name":"(anonymous_12)","decl":{"start":{"line":138,"column":27},"end":{"line":138,"column":30}},"loc":{"start":{"line":138,"column":33},"end":{"line":138,"column":81}}},"12":{"name":"(anonymous_13)","decl":{"start":{"line":141,"column":27},"end":{"line":141,"column":30}},"loc":{"start":{"line":141,"column":33},"end":{"line":141,"column":68}}},"13":{"name":"(anonymous_14)","decl":{"start":{"line":144,"column":18},"end":{"line":144,"column":19}},"loc":{"start":{"line":144,"column":26},"end":{"line":150,"column":4}}},"14":{"name":"getEventsCount","decl":{"start":{"line":153,"column":16},"end":{"line":153,"column":30}},"loc":{"start":{"line":153,"column":55},"end":{"line":162,"column":1}}},"15":{"name":"(anonymous_16)","decl":{"start":{"line":159,"column":22},"end":{"line":159,"column":25}},"loc":{"start":{"line":159,"column":28},"end":{"line":159,"column":86}}},"16":{"name":"(anonymous_17)","decl":{"start":{"line":160,"column":22},"end":{"line":160,"column":25}},"loc":{"start":{"line":160,"column":28},"end":{"line":160,"column":82}}},"17":{"name":"insertPlayerProfileHistory","decl":{"start":{"line":190,"column":16},"end":{"line":190,"column":42}},"loc":{"start":{"line":195,"column":1},"end":{"line":202,"column":1}}},"18":{"name":"getPlayerProfileHistory","decl":{"start":{"line":204,"column":16},"end":{"line":204,"column":39}},"loc":{"start":{"line":205,"column":18},"end":{"line":215,"column":1}}},"19":{"name":"upsertPlayer","decl":{"start":{"line":217,"column":16},"end":{"line":217,"column":28}},"loc":{"start":{"line":224,"column":1},"end":{"line":235,"column":1}}},"20":{"name":"(anonymous_21)","decl":{"start":{"line":232,"column":18},"end":{"line":232,"column":21}},"loc":{"start":{"line":233,"column":4},"end":{"line":233,"column":135}}},"21":{"name":"updatePlayerProgress","decl":{"start":{"line":237,"column":16},"end":{"line":237,"column":36}},"loc":{"start":{"line":237,"column":68},"end":{"line":240,"column":1}}},"22":{"name":"(anonymous_23)","decl":{"start":{"line":239,"column":18},"end":{"line":239,"column":21}},"loc":{"start":{"line":239,"column":24},"end":{"line":239,"column":65}}},"23":{"name":"incrementValidatorApproved","decl":{"start":{"line":248,"column":16},"end":{"line":248,"column":42}},"loc":{"start":{"line":248,"column":57},"end":{"line":253,"column":1}}},"24":{"name":"(anonymous_25)","decl":{"start":{"line":252,"column":18},"end":{"line":252,"column":21}},"loc":{"start":{"line":252,"column":24},"end":{"line":252,"column":56}}},"25":{"name":"incrementValidatorRejected","decl":{"start":{"line":255,"column":16},"end":{"line":255,"column":42}},"loc":{"start":{"line":255,"column":57},"end":{"line":260,"column":1}}},"26":{"name":"(anonymous_27)","decl":{"start":{"line":259,"column":18},"end":{"line":259,"column":21}},"loc":{"start":{"line":259,"column":24},"end":{"line":259,"column":56}}},"27":{"name":"getValidatorStats","decl":{"start":{"line":262,"column":16},"end":{"line":262,"column":33}},"loc":{"start":{"line":262,"column":48},"end":{"line":267,"column":1}}},"28":{"name":"(anonymous_29)","decl":{"start":{"line":264,"column":25},"end":{"line":264,"column":28}},"loc":{"start":{"line":265,"column":5},"end":{"line":265,"column":79}}},"29":{"name":"insertPendingMilestone","decl":{"start":{"line":278,"column":16},"end":{"line":278,"column":38}},"loc":{"start":{"line":284,"column":21},"end":{"line":290,"column":1}}},"30":{"name":"(anonymous_31)","decl":{"start":{"line":289,"column":18},"end":{"line":289,"column":21}},"loc":{"start":{"line":289,"column":24},"end":{"line":289,"column":129}}},"31":{"name":"removePendingMilestone","decl":{"start":{"line":292,"column":16},"end":{"line":292,"column":38}},"loc":{"start":{"line":292,"column":58},"end":{"line":295,"column":1}}},"32":{"name":"(anonymous_33)","decl":{"start":{"line":294,"column":18},"end":{"line":294,"column":21}},"loc":{"start":{"line":294,"column":24},"end":{"line":294,"column":61}}},"33":{"name":"getPendingMilestones","decl":{"start":{"line":306,"column":16},"end":{"line":306,"column":36}},"loc":{"start":{"line":306,"column":73},"end":{"line":350,"column":1}}},"34":{"name":"(anonymous_35)","decl":{"start":{"line":335,"column":40},"end":{"line":335,"column":43}},"loc":{"start":{"line":335,"column":46},"end":{"line":335,"column":102}}},"35":{"name":"(anonymous_36)","decl":{"start":{"line":347,"column":35},"end":{"line":347,"column":38}},"loc":{"start":{"line":347,"column":41},"end":{"line":347,"column":118}}},"36":{"name":"getPlayerById","decl":{"start":{"line":352,"column":16},"end":{"line":352,"column":29}},"loc":{"start":{"line":352,"column":46},"end":{"line":357,"column":1}}},"37":{"name":"(anonymous_38)","decl":{"start":{"line":354,"column":25},"end":{"line":354,"column":28}},"loc":{"start":{"line":355,"column":5},"end":{"line":355,"column":73}}},"38":{"name":"buildPlayerWhereClause","decl":{"start":{"line":359,"column":9},"end":{"line":359,"column":31}},"loc":{"start":{"line":359,"column":57},"end":{"line":378,"column":1}}},"39":{"name":"queryPlayers","decl":{"start":{"line":380,"column":16},"end":{"line":380,"column":28}},"loc":{"start":{"line":380,"column":54},"end":{"line":388,"column":1}}},"40":{"name":"(anonymous_41)","decl":{"start":{"line":385,"column":25},"end":{"line":385,"column":28}},"loc":{"start":{"line":386,"column":4},"end":{"line":386,"column":69}}},"41":{"name":"countPlayers","decl":{"start":{"line":390,"column":16},"end":{"line":390,"column":28}},"loc":{"start":{"line":390,"column":80},"end":{"line":397,"column":1}}},"42":{"name":"(anonymous_43)","decl":{"start":{"line":393,"column":25},"end":{"line":393,"column":28}},"loc":{"start":{"line":393,"column":30},"end":{"line":396,"column":3}}},"43":{"name":"getIdempotencyRecord","decl":{"start":{"line":415,"column":16},"end":{"line":415,"column":36}},"loc":{"start":{"line":415,"column":48},"end":{"line":421,"column":1}}},"44":{"name":"(anonymous_45)","decl":{"start":{"line":418,"column":25},"end":{"line":418,"column":28}},"loc":{"start":{"line":419,"column":5},"end":{"line":419,"column":81}}},"45":{"name":"saveIdempotencyRecord","decl":{"start":{"line":429,"column":16},"end":{"line":429,"column":37}},"loc":{"start":{"line":432,"column":15},"end":{"line":445,"column":1}}},"46":{"name":"(anonymous_47)","decl":{"start":{"line":440,"column":18},"end":{"line":440,"column":21}},"loc":{"start":{"line":441,"column":4},"end":{"line":443,"column":80}}},"47":{"name":"purgeExpiredIdempotencyKeys","decl":{"start":{"line":451,"column":16},"end":{"line":451,"column":43}},"loc":{"start":{"line":451,"column":43},"end":{"line":457,"column":1}}},"48":{"name":"(anonymous_49)","decl":{"start":{"line":453,"column":25},"end":{"line":453,"column":28}},"loc":{"start":{"line":453,"column":30},"end":{"line":456,"column":3}}},"49":{"name":"getLatestSubscription","decl":{"start":{"line":470,"column":16},"end":{"line":470,"column":37}},"loc":{"start":{"line":470,"column":57},"end":{"line":475,"column":1}}},"50":{"name":"(anonymous_51)","decl":{"start":{"line":472,"column":25},"end":{"line":472,"column":28}},"loc":{"start":{"line":473,"column":5},"end":{"line":473,"column":82}}},"51":{"name":"insertSubscription","decl":{"start":{"line":477,"column":16},"end":{"line":477,"column":34}},"loc":{"start":{"line":482,"column":1},"end":{"line":488,"column":1}}},"52":{"name":"(anonymous_53)","decl":{"start":{"line":484,"column":25},"end":{"line":484,"column":28}},"loc":{"start":{"line":484,"column":30},"end":{"line":487,"column":3}}},"53":{"name":"dbRenewSubscription","decl":{"start":{"line":490,"column":16},"end":{"line":490,"column":35}},"loc":{"start":{"line":490,"column":87},"end":{"line":493,"column":1}}},"54":{"name":"(anonymous_55)","decl":{"start":{"line":492,"column":18},"end":{"line":492,"column":21}},"loc":{"start":{"line":492,"column":24},"end":{"line":492,"column":76}}},"55":{"name":"dbCancelSubscription","decl":{"start":{"line":495,"column":16},"end":{"line":495,"column":36}},"loc":{"start":{"line":495,"column":76},"end":{"line":498,"column":1}}},"56":{"name":"(anonymous_57)","decl":{"start":{"line":497,"column":18},"end":{"line":497,"column":21}},"loc":{"start":{"line":497,"column":24},"end":{"line":497,"column":70}}},"57":{"name":"insertContactUnlock","decl":{"start":{"line":509,"column":16},"end":{"line":509,"column":35}},"loc":{"start":{"line":514,"column":1},"end":{"line":517,"column":1}}},"58":{"name":"(anonymous_59)","decl":{"start":{"line":516,"column":18},"end":{"line":516,"column":21}},"loc":{"start":{"line":516,"column":24},"end":{"line":516,"column":103}}},"59":{"name":"getContactUnlocksByScout","decl":{"start":{"line":519,"column":16},"end":{"line":519,"column":40}},"loc":{"start":{"line":519,"column":60},"end":{"line":522,"column":1}}},"60":{"name":"(anonymous_61)","decl":{"start":{"line":521,"column":25},"end":{"line":521,"column":28}},"loc":{"start":{"line":521,"column":31},"end":{"line":521,"column":90}}},"61":{"name":"hasContactUnlock","decl":{"start":{"line":524,"column":16},"end":{"line":524,"column":32}},"loc":{"start":{"line":524,"column":70},"end":{"line":527,"column":1}}},"62":{"name":"(anonymous_63)","decl":{"start":{"line":526,"column":25},"end":{"line":526,"column":28}},"loc":{"start":{"line":526,"column":31},"end":{"line":526,"column":92}}},"63":{"name":"insertAuditLog","decl":{"start":{"line":539,"column":16},"end":{"line":539,"column":30}},"loc":{"start":{"line":544,"column":1},"end":{"line":549,"column":1}}},"64":{"name":"(anonymous_65)","decl":{"start":{"line":546,"column":18},"end":{"line":546,"column":21}},"loc":{"start":{"line":547,"column":4},"end":{"line":547,"column":109}}},"65":{"name":"getAuditLogs","decl":{"start":{"line":551,"column":16},"end":{"line":551,"column":28}},"loc":{"start":{"line":557,"column":1},"end":{"line":568,"column":1}}},"66":{"name":"(anonymous_67)","decl":{"start":{"line":567,"column":25},"end":{"line":567,"column":28}},"loc":{"start":{"line":567,"column":31},"end":{"line":567,"column":98}}},"67":{"name":"getAuditLogsCount","decl":{"start":{"line":570,"column":16},"end":{"line":570,"column":33}},"loc":{"start":{"line":574,"column":1},"end":{"line":586,"column":1}}},"68":{"name":"(anonymous_69)","decl":{"start":{"line":582,"column":25},"end":{"line":582,"column":28}},"loc":{"start":{"line":582,"column":30},"end":{"line":585,"column":3}}},"69":{"name":"getTrialOfferById","decl":{"start":{"line":602,"column":16},"end":{"line":602,"column":33}},"loc":{"start":{"line":602,"column":49},"end":{"line":607,"column":1}}},"70":{"name":"(anonymous_71)","decl":{"start":{"line":604,"column":25},"end":{"line":604,"column":28}},"loc":{"start":{"line":605,"column":5},"end":{"line":605,"column":76}}},"71":{"name":"insertTrialOffer","decl":{"start":{"line":609,"column":16},"end":{"line":609,"column":32}},"loc":{"start":{"line":615,"column":1},"end":{"line":618,"column":1}}},"72":{"name":"(anonymous_73)","decl":{"start":{"line":617,"column":18},"end":{"line":617,"column":21}},"loc":{"start":{"line":617,"column":24},"end":{"line":617,"column":118}}},"73":{"name":"respondToTrialOffer","decl":{"start":{"line":620,"column":16},"end":{"line":620,"column":35}},"loc":{"start":{"line":625,"column":1},"end":{"line":628,"column":1}}},"74":{"name":"(anonymous_75)","decl":{"start":{"line":627,"column":18},"end":{"line":627,"column":21}},"loc":{"start":{"line":627,"column":24},"end":{"line":627,"column":111}}},"75":{"name":"insertPendingPin","decl":{"start":{"line":640,"column":16},"end":{"line":640,"column":32}},"loc":{"start":{"line":644,"column":1},"end":{"line":647,"column":1}}},"76":{"name":"(anonymous_77)","decl":{"start":{"line":646,"column":18},"end":{"line":646,"column":21}},"loc":{"start":{"line":646,"column":24},"end":{"line":646,"column":87}}},"77":{"name":"getPendingPins","decl":{"start":{"line":649,"column":16},"end":{"line":649,"column":30}},"loc":{"start":{"line":649,"column":30},"end":{"line":652,"column":1}}},"78":{"name":"(anonymous_79)","decl":{"start":{"line":651,"column":25},"end":{"line":651,"column":28}},"loc":{"start":{"line":651,"column":31},"end":{"line":651,"column":76}}},"79":{"name":"deletePendingPin","decl":{"start":{"line":654,"column":16},"end":{"line":654,"column":32}},"loc":{"start":{"line":654,"column":43},"end":{"line":657,"column":1}}},"80":{"name":"(anonymous_81)","decl":{"start":{"line":656,"column":18},"end":{"line":656,"column":21}},"loc":{"start":{"line":656,"column":24},"end":{"line":656,"column":52}}},"81":{"name":"incrementPendingPinAttempts","decl":{"start":{"line":659,"column":16},"end":{"line":659,"column":43}},"loc":{"start":{"line":659,"column":54},"end":{"line":662,"column":1}}},"82":{"name":"(anonymous_83)","decl":{"start":{"line":661,"column":18},"end":{"line":661,"column":21}},"loc":{"start":{"line":661,"column":24},"end":{"line":661,"column":78}}}},"branchMap":{"0":{"loc":{"start":{"line":8,"column":18},"end":{"line":8,"column":61}},"type":"binary-expr","locations":[{"start":{"line":8,"column":18},"end":{"line":8,"column":53}},{"start":{"line":8,"column":57},"end":{"line":8,"column":61}}]},"1":{"loc":{"start":{"line":16,"column":2},"end":{"line":18,"column":3}},"type":"if","locations":[{"start":{"line":16,"column":2},"end":{"line":18,"column":3}}]},"2":{"loc":{"start":{"line":88,"column":2},"end":{"line":88,"column":78}},"type":"if","locations":[{"start":{"line":88,"column":2},"end":{"line":88,"column":78}}]},"3":{"loc":{"start":{"line":99,"column":9},"end":{"line":99,"column":42}},"type":"cond-expr","locations":[{"start":{"line":99,"column":15},"end":{"line":99,"column":38}},{"start":{"line":99,"column":41},"end":{"line":99,"column":42}}]},"4":{"loc":{"start":{"line":125,"column":28},"end":{"line":125,"column":38}},"type":"binary-expr","locations":[{"start":{"line":125,"column":28},"end":{"line":125,"column":32}},{"start":{"line":125,"column":36},"end":{"line":125,"column":38}}]},"5":{"loc":{"start":{"line":126,"column":24},"end":{"line":126,"column":67}},"type":"binary-expr","locations":[{"start":{"line":126,"column":24},"end":{"line":126,"column":43}},{"start":{"line":126,"column":47},"end":{"line":126,"column":67}}]},"6":{"loc":{"start":{"line":130,"column":2},"end":{"line":142,"column":3}},"type":"if","locations":[{"start":{"line":130,"column":2},"end":{"line":142,"column":3}},{"start":{"line":133,"column":9},"end":{"line":142,"column":3}}]},"7":{"loc":{"start":{"line":130,"column":6},"end":{"line":130,"column":27}},"type":"binary-expr","locations":[{"start":{"line":130,"column":6},"end":{"line":130,"column":10}},{"start":{"line":130,"column":14},"end":{"line":130,"column":27}}]},"8":{"loc":{"start":{"line":133,"column":9},"end":{"line":142,"column":3}},"type":"if","locations":[{"start":{"line":133,"column":9},"end":{"line":142,"column":3}},{"start":{"line":136,"column":9},"end":{"line":142,"column":3}}]},"9":{"loc":{"start":{"line":136,"column":9},"end":{"line":142,"column":3}},"type":"if","locations":[{"start":{"line":136,"column":9},"end":{"line":142,"column":3}},{"start":{"line":139,"column":9},"end":{"line":142,"column":3}}]},"10":{"loc":{"start":{"line":155,"column":14},"end":{"line":157,"column":44}},"type":"cond-expr","locations":[{"start":{"line":156,"column":6},"end":{"line":156,"column":59}},{"start":{"line":157,"column":6},"end":{"line":157,"column":44}}]},"11":{"loc":{"start":{"line":158,"column":14},"end":{"line":160,"column":83}},"type":"cond-expr","locations":[{"start":{"line":159,"column":6},"end":{"line":159,"column":87}},{"start":{"line":160,"column":6},"end":{"line":160,"column":83}}]},"12":{"loc":{"start":{"line":161,"column":9},"end":{"line":161,"column":24}},"type":"binary-expr","locations":[{"start":{"line":161,"column":9},"end":{"line":161,"column":19}},{"start":{"line":161,"column":23},"end":{"line":161,"column":24}}]},"13":{"loc":{"start":{"line":233,"column":52},"end":{"line":233,"column":70}},"type":"binary-expr","locations":[{"start":{"line":233,"column":52},"end":{"line":233,"column":62}},{"start":{"line":233,"column":66},"end":{"line":233,"column":70}}]},"14":{"loc":{"start":{"line":233,"column":72},"end":{"line":233,"column":88}},"type":"binary-expr","locations":[{"start":{"line":233,"column":72},"end":{"line":233,"column":80}},{"start":{"line":233,"column":84},"end":{"line":233,"column":88}}]},"15":{"loc":{"start":{"line":233,"column":90},"end":{"line":233,"column":112}},"type":"binary-expr","locations":[{"start":{"line":233,"column":90},"end":{"line":233,"column":104}},{"start":{"line":233,"column":108},"end":{"line":233,"column":112}}]},"16":{"loc":{"start":{"line":233,"column":114},"end":{"line":233,"column":134}},"type":"binary-expr","locations":[{"start":{"line":233,"column":114},"end":{"line":233,"column":126}},{"start":{"line":233,"column":130},"end":{"line":233,"column":134}}]},"17":{"loc":{"start":{"line":265,"column":5},"end":{"line":265,"column":79}},"type":"binary-expr","locations":[{"start":{"line":265,"column":5},"end":{"line":265,"column":71}},{"start":{"line":265,"column":75},"end":{"line":265,"column":79}}]},"18":{"loc":{"start":{"line":312,"column":2},"end":{"line":315,"column":3}},"type":"if","locations":[{"start":{"line":312,"column":2},"end":{"line":315,"column":3}}]},"19":{"loc":{"start":{"line":316,"column":2},"end":{"line":319,"column":3}},"type":"if","locations":[{"start":{"line":316,"column":2},"end":{"line":319,"column":3}}]},"20":{"loc":{"start":{"line":320,"column":2},"end":{"line":323,"column":3}},"type":"if","locations":[{"start":{"line":320,"column":2},"end":{"line":323,"column":3}}]},"21":{"loc":{"start":{"line":324,"column":2},"end":{"line":327,"column":3}},"type":"if","locations":[{"start":{"line":324,"column":2},"end":{"line":327,"column":3}}]},"22":{"loc":{"start":{"line":329,"column":22},"end":{"line":329,"column":96}},"type":"cond-expr","locations":[{"start":{"line":329,"column":51},"end":{"line":329,"column":91}},{"start":{"line":329,"column":94},"end":{"line":329,"column":96}}]},"23":{"loc":{"start":{"line":339,"column":15},"end":{"line":339,"column":32}},"type":"binary-expr","locations":[{"start":{"line":339,"column":15},"end":{"line":339,"column":27}},{"start":{"line":339,"column":31},"end":{"line":339,"column":32}}]},"24":{"loc":{"start":{"line":340,"column":19},"end":{"line":340,"column":41}},"type":"binary-expr","locations":[{"start":{"line":340,"column":19},"end":{"line":340,"column":35}},{"start":{"line":340,"column":39},"end":{"line":340,"column":41}}]},"25":{"loc":{"start":{"line":355,"column":5},"end":{"line":355,"column":73}},"type":"binary-expr","locations":[{"start":{"line":355,"column":5},"end":{"line":355,"column":65}},{"start":{"line":355,"column":69},"end":{"line":355,"column":73}}]},"26":{"loc":{"start":{"line":363,"column":2},"end":{"line":366,"column":3}},"type":"if","locations":[{"start":{"line":363,"column":2},"end":{"line":366,"column":3}}]},"27":{"loc":{"start":{"line":367,"column":2},"end":{"line":370,"column":3}},"type":"if","locations":[{"start":{"line":367,"column":2},"end":{"line":370,"column":3}}]},"28":{"loc":{"start":{"line":371,"column":2},"end":{"line":374,"column":3}},"type":"if","locations":[{"start":{"line":371,"column":2},"end":{"line":374,"column":3}}]},"29":{"loc":{"start":{"line":376,"column":16},"end":{"line":376,"column":76}},"type":"cond-expr","locations":[{"start":{"line":376,"column":36},"end":{"line":376,"column":71}},{"start":{"line":376,"column":74},"end":{"line":376,"column":76}}]},"30":{"loc":{"start":{"line":382,"column":16},"end":{"line":382,"column":32}},"type":"binary-expr","locations":[{"start":{"line":382,"column":16},"end":{"line":382,"column":26}},{"start":{"line":382,"column":30},"end":{"line":382,"column":32}}]},"31":{"loc":{"start":{"line":383,"column":17},"end":{"line":383,"column":33}},"type":"binary-expr","locations":[{"start":{"line":383,"column":17},"end":{"line":383,"column":28}},{"start":{"line":383,"column":32},"end":{"line":383,"column":33}}]},"32":{"loc":{"start":{"line":419,"column":5},"end":{"line":419,"column":81}},"type":"binary-expr","locations":[{"start":{"line":419,"column":5},"end":{"line":419,"column":73}},{"start":{"line":419,"column":77},"end":{"line":419,"column":81}}]},"33":{"loc":{"start":{"line":473,"column":5},"end":{"line":473,"column":82}},"type":"binary-expr","locations":[{"start":{"line":473,"column":5},"end":{"line":473,"column":74}},{"start":{"line":473,"column":78},"end":{"line":473,"column":82}}]},"34":{"loc":{"start":{"line":547,"column":39},"end":{"line":547,"column":58}},"type":"binary-expr","locations":[{"start":{"line":547,"column":39},"end":{"line":547,"column":52}},{"start":{"line":547,"column":56},"end":{"line":547,"column":58}}]},"35":{"loc":{"start":{"line":547,"column":75},"end":{"line":547,"column":94}},"type":"binary-expr","locations":[{"start":{"line":547,"column":75},"end":{"line":547,"column":88}},{"start":{"line":547,"column":92},"end":{"line":547,"column":94}}]},"36":{"loc":{"start":{"line":560,"column":2},"end":{"line":560,"column":85}},"type":"if","locations":[{"start":{"line":560,"column":2},"end":{"line":560,"column":85}}]},"37":{"loc":{"start":{"line":561,"column":2},"end":{"line":561,"column":96}},"type":"if","locations":[{"start":{"line":561,"column":2},"end":{"line":561,"column":96}}]},"38":{"loc":{"start":{"line":562,"column":2},"end":{"line":562,"column":92}},"type":"if","locations":[{"start":{"line":562,"column":2},"end":{"line":562,"column":92}}]},"39":{"loc":{"start":{"line":563,"column":16},"end":{"line":563,"column":76}},"type":"cond-expr","locations":[{"start":{"line":563,"column":36},"end":{"line":563,"column":71}},{"start":{"line":563,"column":74},"end":{"line":563,"column":76}}]},"40":{"loc":{"start":{"line":564,"column":16},"end":{"line":564,"column":35}},"type":"binary-expr","locations":[{"start":{"line":564,"column":16},"end":{"line":564,"column":29}},{"start":{"line":564,"column":33},"end":{"line":564,"column":35}}]},"41":{"loc":{"start":{"line":565,"column":17},"end":{"line":565,"column":36}},"type":"binary-expr","locations":[{"start":{"line":565,"column":17},"end":{"line":565,"column":31}},{"start":{"line":565,"column":35},"end":{"line":565,"column":36}}]},"42":{"loc":{"start":{"line":577,"column":2},"end":{"line":577,"column":85}},"type":"if","locations":[{"start":{"line":577,"column":2},"end":{"line":577,"column":85}}]},"43":{"loc":{"start":{"line":578,"column":2},"end":{"line":578,"column":96}},"type":"if","locations":[{"start":{"line":578,"column":2},"end":{"line":578,"column":96}}]},"44":{"loc":{"start":{"line":579,"column":2},"end":{"line":579,"column":92}},"type":"if","locations":[{"start":{"line":579,"column":2},"end":{"line":579,"column":92}}]},"45":{"loc":{"start":{"line":580,"column":16},"end":{"line":580,"column":76}},"type":"cond-expr","locations":[{"start":{"line":580,"column":36},"end":{"line":580,"column":71}},{"start":{"line":580,"column":74},"end":{"line":580,"column":76}}]},"46":{"loc":{"start":{"line":605,"column":5},"end":{"line":605,"column":76}},"type":"binary-expr","locations":[{"start":{"line":605,"column":5},"end":{"line":605,"column":68}},{"start":{"line":605,"column":72},"end":{"line":605,"column":76}}]},"47":{"loc":{"start":{"line":627,"column":59},"end":{"line":627,"column":82}},"type":"binary-expr","locations":[{"start":{"line":627,"column":59},"end":{"line":627,"column":74}},{"start":{"line":627,"column":78},"end":{"line":627,"column":82}}]}},"s":{"0":1,"1":1,"2":1,"3":1,"4":0,"5":0,"6":0,"7":0,"8":0,"9":0,"10":0,"11":1,"12":1,"13":1,"14":1,"15":1,"16":1,"17":1,"18":0,"19":1,"20":1,"21":0,"22":0,"23":0,"24":0,"25":1,"26":0,"27":0,"28":0,"29":1,"30":0,"31":0,"32":0,"33":0,"34":0,"35":0,"36":0,"37":0,"38":0,"39":0,"40":0,"41":0,"42":0,"43":0,"44":0,"45":0,"46":0,"47":0,"48":0,"49":0,"50":1,"51":0,"52":0,"53":0,"54":0,"55":0,"56":0,"57":1,"58":0,"59":1,"60":0,"61":1,"62":0,"63":0,"64":0,"65":1,"66":0,"67":0,"68":0,"69":1,"70":0,"71":0,"72":0,"73":1,"74":0,"75":0,"76":0,"77":1,"78":0,"79":0,"80":0,"81":1,"82":0,"83":0,"84":0,"85":1,"86":0,"87":0,"88":0,"89":1,"90":0,"91":0,"92":0,"93":0,"94":0,"95":0,"96":0,"97":0,"98":0,"99":0,"100":0,"101":0,"102":0,"103":0,"104":0,"105":0,"106":0,"107":0,"108":0,"109":0,"110":0,"111":0,"112":0,"113":0,"114":0,"115":0,"116":0,"117":1,"118":0,"119":0,"120":0,"121":1,"122":0,"123":0,"124":0,"125":0,"126":0,"127":0,"128":0,"129":0,"130":0,"131":0,"132":0,"133":0,"134":0,"135":0,"136":0,"137":0,"138":0,"139":0,"140":0,"141":1,"142":0,"143":0,"144":0,"145":0,"146":0,"147":1,"148":1,"149":0,"150":0,"151":0,"152":0,"153":1,"154":0,"155":0,"156":0,"157":0,"158":1,"159":0,"160":0,"161":0,"162":0,"163":1,"164":0,"165":0,"166":0,"167":1,"168":0,"169":0,"170":0,"171":0,"172":1,"173":0,"174":0,"175":0,"176":1,"177":0,"178":0,"179":0,"180":1,"181":0,"182":0,"183":0,"184":1,"185":0,"186":0,"187":0,"188":1,"189":0,"190":0,"191":0,"192":1,"193":0,"194":0,"195":0,"196":1,"197":0,"198":0,"199":0,"200":0,"201":0,"202":0,"203":0,"204":0,"205":0,"206":0,"207":0,"208":0,"209":0,"210":0,"211":0,"212":0,"213":0,"214":1,"215":0,"216":0,"217":0,"218":0,"219":0,"220":0,"221":0,"222":0,"223":0,"224":0,"225":0,"226":0,"227":0,"228":0,"229":0,"230":0,"231":1,"232":0,"233":0,"234":0,"235":1,"236":0,"237":0,"238":0,"239":1,"240":0,"241":0,"242":0,"243":1,"244":0,"245":0,"246":0,"247":1,"248":0,"249":0,"250":0,"251":1,"252":0,"253":0,"254":0,"255":1,"256":0,"257":0,"258":0,"259":1},"f":{"0":0,"1":0,"2":1,"3":1,"4":0,"5":0,"6":0,"7":0,"8":0,"9":0,"10":0,"11":0,"12":0,"13":0,"14":0,"15":0,"16":0,"17":0,"18":0,"19":0,"20":0,"21":0,"22":0,"23":0,"24":0,"25":0,"26":0,"27":0,"28":0,"29":0,"30":0,"31":0,"32":0,"33":0,"34":0,"35":0,"36":0,"37":0,"38":0,"39":0,"40":0,"41":0,"42":0,"43":0,"44":0,"45":0,"46":0,"47":0,"48":0,"49":0,"50":0,"51":0,"52":0,"53":0,"54":0,"55":0,"56":0,"57":0,"58":0,"59":0,"60":0,"61":0,"62":0,"63":0,"64":0,"65":0,"66":0,"67":0,"68":0,"69":0,"70":0,"71":0,"72":0,"73":0,"74":0,"75":0,"76":0,"77":0,"78":0,"79":0,"80":0,"81":0,"82":0},"b":{"0":[0,0],"1":[0],"2":[0],"3":[0,0],"4":[0,0],"5":[0,0],"6":[0,0],"7":[0,0],"8":[0,0],"9":[0,0],"10":[0,0],"11":[0,0],"12":[0,0],"13":[0,0],"14":[0,0],"15":[0,0],"16":[0,0],"17":[0,0],"18":[0],"19":[0],"20":[0],"21":[0],"22":[0,0],"23":[0,0],"24":[0,0],"25":[0,0],"26":[0],"27":[0],"28":[0],"29":[0,0],"30":[0,0],"31":[0,0],"32":[0,0],"33":[0,0],"34":[0,0],"35":[0,0],"36":[0],"37":[0],"38":[0],"39":[0,0],"40":[0,0],"41":[0,0],"42":[0],"43":[0],"44":[0],"45":[0,0],"46":[0,0],"47":[0,0]}}
,"/home/semicolon/GrantFox/scout-off-backend/src/db/migrate.ts": {"path":"/home/semicolon/GrantFox/scout-off-backend/src/db/migrate.ts","statementMap":{"0":{"start":{"line":1,"column":0},"end":{"line":1,"column":20}},"1":{"start":{"line":2,"column":0},"end":{"line":2,"column":24}},"2":{"start":{"line":5,"column":23},"end":{"line":5,"column":58}},"3":{"start":{"line":8,"column":2},"end":{"line":13,"column":5}},"4":{"start":{"line":15,"column":16},"end":{"line":18,"column":11}},"5":{"start":{"line":17,"column":19},"end":{"line":17,"column":37}},"6":{"start":{"line":20,"column":2},"end":{"line":36,"column":3}},"7":{"start":{"line":21,"column":20},"end":{"line":23,"column":16}},"8":{"start":{"line":25,"column":4},"end":{"line":25,"column":26}},"9":{"start":{"line":25,"column":17},"end":{"line":25,"column":26}},"10":{"start":{"line":27,"column":16},"end":{"line":27,"column":72}},"11":{"start":{"line":29,"column":4},"end":{"line":35,"column":9}},"12":{"start":{"line":30,"column":6},"end":{"line":30,"column":19}},"13":{"start":{"line":31,"column":6},"end":{"line":34,"column":8}},"14":{"start":{"line":7,"column":0},"end":{"line":7,"column":16}}},"fnMap":{"0":{"name":"runMigrations","decl":{"start":{"line":7,"column":16},"end":{"line":7,"column":29}},"loc":{"start":{"line":7,"column":51},"end":{"line":37,"column":1}}},"1":{"name":"(anonymous_2)","decl":{"start":{"line":17,"column":12},"end":{"line":17,"column":13}},"loc":{"start":{"line":17,"column":19},"end":{"line":17,"column":37}}},"2":{"name":"(anonymous_3)","decl":{"start":{"line":29,"column":19},"end":{"line":29,"column":22}},"loc":{"start":{"line":29,"column":24},"end":{"line":35,"column":5}}}},"branchMap":{"0":{"loc":{"start":{"line":25,"column":4},"end":{"line":25,"column":26}},"type":"if","locations":[{"start":{"line":25,"column":4},"end":{"line":25,"column":26}}]}},"s":{"0":1,"1":1,"2":1,"3":2,"4":2,"5":24,"6":2,"7":24,"8":24,"9":12,"10":12,"11":12,"12":12,"13":12,"14":1},"f":{"0":2,"1":24,"2":12},"b":{"0":[12]}}
,"/home/semicolon/GrantFox/scout-off-backend/src/utils/errorCodes.ts": {"path":"/home/semicolon/GrantFox/scout-off-backend/src/utils/errorCodes.ts","statementMap":{"0":{"start":{"line":11,"column":13},"end":{"line":41,"column":11}}},"fnMap":{},"branchMap":{},"s":{"0":1},"f":{},"b":{}}
,"/home/semicolon/GrantFox/scout-off-backend/src/utils/logger.ts": {"path":"/home/semicolon/GrantFox/scout-off-backend/src/utils/logger.ts","statementMap":{"0":{"start":{"line":1,"column":0},"end":{"line":1,"column":31}},"1":{"start":{"line":3,"column":15},"end":{"line":3,"column":77}},"2":{"start":{"line":6,"column":2},"end":{"line":6,"column":78}},"3":{"start":{"line":9,"column":13},"end":{"line":15,"column":2}},"4":{"start":{"line":10,"column":36},"end":{"line":10,"column":97}},"5":{"start":{"line":11,"column":36},"end":{"line":11,"column":96}},"6":{"start":{"line":12,"column":36},"end":{"line":12,"column":96}},"7":{"start":{"line":13,"column":36},"end":{"line":13,"column":96}},"8":{"start":{"line":14,"column":36},"end":{"line":14,"column":72}}},"fnMap":{"0":{"name":"shouldLog","decl":{"start":{"line":5,"column":9},"end":{"line":5,"column":18}},"loc":{"start":{"line":5,"column":45},"end":{"line":7,"column":1}}},"1":{"name":"(anonymous_2)","decl":{"start":{"line":10,"column":12},"end":{"line":10,"column":13}},"loc":{"start":{"line":10,"column":36},"end":{"line":10,"column":97}}},"2":{"name":"(anonymous_3)","decl":{"start":{"line":11,"column":12},"end":{"line":11,"column":13}},"loc":{"start":{"line":11,"column":36},"end":{"line":11,"column":96}}},"3":{"name":"(anonymous_4)","decl":{"start":{"line":12,"column":12},"end":{"line":12,"column":13}},"loc":{"start":{"line":12,"column":36},"end":{"line":12,"column":96}}},"4":{"name":"(anonymous_5)","decl":{"start":{"line":13,"column":12},"end":{"line":13,"column":13}},"loc":{"start":{"line":13,"column":36},"end":{"line":13,"column":96}}},"5":{"name":"(anonymous_6)","decl":{"start":{"line":14,"column":12},"end":{"line":14,"column":13}},"loc":{"start":{"line":14,"column":36},"end":{"line":14,"column":72}}}},"branchMap":{"0":{"loc":{"start":{"line":6,"column":9},"end":{"line":6,"column":77}},"type":"binary-expr","locations":[{"start":{"line":6,"column":9},"end":{"line":6,"column":72}},{"start":{"line":6,"column":76},"end":{"line":6,"column":77}}]},"1":{"loc":{"start":{"line":10,"column":36},"end":{"line":10,"column":97}},"type":"binary-expr","locations":[{"start":{"line":10,"column":36},"end":{"line":10,"column":54}},{"start":{"line":10,"column":61},"end":{"line":10,"column":97}}]},"2":{"loc":{"start":{"line":11,"column":36},"end":{"line":11,"column":96}},"type":"binary-expr","locations":[{"start":{"line":11,"column":36},"end":{"line":11,"column":53}},{"start":{"line":11,"column":61},"end":{"line":11,"column":96}}]},"3":{"loc":{"start":{"line":12,"column":36},"end":{"line":12,"column":96}},"type":"binary-expr","locations":[{"start":{"line":12,"column":36},"end":{"line":12,"column":53}},{"start":{"line":12,"column":61},"end":{"line":12,"column":96}}]},"4":{"loc":{"start":{"line":13,"column":36},"end":{"line":13,"column":96}},"type":"binary-expr","locations":[{"start":{"line":13,"column":36},"end":{"line":13,"column":54}},{"start":{"line":13,"column":61},"end":{"line":13,"column":96}}]}},"s":{"0":1,"1":1,"2":0,"3":1,"4":0,"5":0,"6":0,"7":0,"8":0},"f":{"0":0,"1":0,"2":0,"3":0,"4":0,"5":0},"b":{"0":[0,0],"1":[0,0],"2":[0,0],"3":[0,0],"4":[0,0]}}
}
