TN:
SF:scripts\validate-env.js
FN:24,validateRuntimeEnv
FN:49,(anonymous_1)
FN:63,(anonymous_2)
FN:64,(anonymous_3)
FN:69,(anonymous_4)
FN:70,(anonymous_5)
FN:78,(anonymous_6)
FN:88,(anonymous_7)
FNF:8
FNH:1
FNDA:7,validateRuntimeEnv
FNDA:0,(anonymous_1)
FNDA:0,(anonymous_2)
FNDA:0,(anonymous_3)
FNDA:0,(anonymous_4)
FNDA:0,(anonymous_5)
FNDA:0,(anonymous_6)
FNDA:0,(anonymous_7)
DA:15,1
DA:16,1
DA:19,1
DA:22,1
DA:25,7
DA:28,7
DA:29,7
DA:30,1
DA:34,7
DA:35,14
DA:36,4
DA:40,7
DA:43,1
DA:45,0
DA:46,0
DA:48,0
DA:49,0
DA:50,0
DA:53,0
DA:54,0
DA:58,0
DA:59,0
DA:63,0
DA:64,0
DA:67,0
DA:69,0
DA:70,0
DA:72,0
DA:73,0
DA:74,0
DA:75,0
DA:78,0
DA:80,0
DA:81,0
DA:82,0
DA:86,0
DA:87,0
DA:88,0
DA:89,0
DA:92,0
DA:95,1
LF:41
LH:14
BRDA:24,0,0,0
BRDA:28,1,0,7
BRDA:28,1,1,1
BRDA:29,2,0,1
BRDA:29,2,1,6
BRDA:35,3,0,4
BRDA:35,3,1,10
BRDA:43,4,0,0
BRDA:43,4,1,1
BRDA:45,5,0,0
BRDA:45,5,1,0
BRDA:48,6,0,0
BRDA:48,6,1,0
BRDA:63,7,0,0
BRDA:63,7,1,0
BRDA:82,8,0,0
BRDA:82,8,1,0
BRDA:86,9,0,0
BRDA:86,9,1,0
BRF:19
BRH:7
end_of_record
TN:
SF:src\app.ts
FN:30,probeDb
FN:31,(anonymous_2)
FN:32,(anonymous_3)
FN:49,probeDbWritable
FN:50,(anonymous_5)
FN:51,(anonymous_6)
FN:94,(anonymous_7)
FN:98,(anonymous_8)
FN:113,checkReadiness
FN:139,(anonymous_10)
FN:141,(anonymous_11)
FN:150,(anonymous_12)
FN:154,(anonymous_13)
FN:156,(anonymous_14)
FN:167,(anonymous_15)
FN:181,(anonymous_16)
FNF:16
FNH:12
FNDA:20,probeDb
FNDA:20,(anonymous_2)
FNDA:0,(anonymous_3)
FNDA:14,probeDbWritable
FNDA:14,(anonymous_5)
FNDA:0,(anonymous_6)
FNDA:2,(anonymous_7)
FNDA:20,(anonymous_8)
FNDA:14,checkReadiness
FNDA:9,(anonymous_10)
FNDA:19,(anonymous_11)
FNDA:0,(anonymous_12)
FNDA:5,(anonymous_13)
FNDA:11,(anonymous_14)
FNDA:0,(anonymous_15)
FNDA:4,(anonymous_16)
DA:1,56
DA:2,56
DA:3,56
DA:4,56
DA:5,56
DA:6,56
DA:7,56
DA:8,56
DA:9,56
DA:10,56
DA:11,56
DA:12,56
DA:13,56
DA:14,56
DA:15,56
DA:16,56
DA:17,56
DA:18,56
DA:19,56
DA:20,56
DA:21,56
DA:22,56
DA:23,56
DA:24,56
DA:31,20
DA:32,20
DA:33,20
DA:34,20
DA:35,10
DA:36,10
DA:38,10
DA:39,10
DA:50,14
DA:51,14
DA:52,14
DA:53,14
DA:58,10
DA:59,10
DA:61,4
DA:62,4
DA:67,56
DA:71,56
DA:74,56
DA:77,56
DA:78,56
DA:79,56
DA:80,56
DA:81,56
DA:84,56
DA:85,56
DA:86,56
DA:89,56
DA:90,56
DA:92,56
DA:94,56
DA:95,2
DA:98,56
DA:99,20
DA:101,20
DA:102,0
DA:103,0
DA:105,20
DA:108,20
DA:110,20
DA:114,14
DA:116,14
DA:118,14
DA:119,14
DA:120,10
DA:122,4
DA:125,14
DA:126,0
DA:127,0
DA:128,0
DA:130,0
DA:133,14
DA:136,14
DA:139,56
DA:140,9
DA:141,19
DA:142,9
DA:143,4
DA:145,5
DA:150,56
DA:151,0
DA:154,56
DA:155,5
DA:156,11
DA:157,5
DA:158,2
DA:160,3
DA:167,56
DA:169,56
DA:172,56
DA:173,56
DA:174,112
DA:175,112
DA:176,112
DA:177,112
DA:181,56
DA:182,4
DA:185,56
DA:187,56
LF:103
LH:96
BRDA:30,0,0,20
BRDA:49,1,0,14
BRDA:74,2,0,5
BRDA:74,2,1,51
BRDA:74,3,0,56
BRDA:74,3,1,55
BRDA:78,4,0,56
BRDA:78,4,1,55
BRDA:101,5,0,0
BRDA:101,5,1,20
BRDA:103,6,0,0
BRDA:103,6,1,0
BRDA:116,7,0,10
BRDA:116,7,1,4
BRDA:125,8,0,0
BRDA:125,8,1,14
BRDA:128,9,0,0
BRDA:128,9,1,0
BRDA:141,10,0,19
BRDA:141,10,1,9
BRDA:142,11,0,4
BRDA:142,11,1,5
BRDA:156,12,0,11
BRDA:156,12,1,5
BRDA:157,13,0,2
BRDA:157,13,1,3
BRF:26
BRH:20
end_of_record
TN:
SF:src\config.ts
FN:4,required
FN:61,(anonymous_2)
FN:69,(anonymous_3)
FN:80,(anonymous_4)
FN:80,(anonymous_5)
FN:108,(anonymous_6)
FN:125,(anonymous_7)
FN:138,isProduction
FN:139,isStaging
FN:140,isDevelopment
FNF:10
FNH:10
FNDA:282,required
FNDA:138,(anonymous_2)
FNDA:138,(anonymous_3)
FNDA:138,(anonymous_4)
FNDA:138,(anonymous_5)
FNDA:6,(anonymous_6)
FNDA:690,(anonymous_7)
FNDA:1,isProduction
FNDA:1,isStaging
FNDA:1,isDevelopment
DA:1,143
DA:2,143
DA:5,282
DA:6,282
DA:7,4
DA:9,278
DA:15,143
DA:17,143
DA:18,143
DA:19,1
DA:21,142
DA:26,142
DA:27,142
DA:28,0
DA:29,0
DA:31,0
DA:33,0
DA:37,142
DA:44,142
DA:61,138
DA:70,138
DA:71,138
DA:72,138
DA:73,0
DA:75,138
DA:80,138
DA:108,6
DA:125,690
DA:136,138
DA:138,138
DA:139,138
DA:140,138
DA:143,138
DA:144,138
LF:34
LH:29
BRDA:6,0,0,4
BRDA:17,1,0,143
BRDA:17,1,1,0
BRDA:18,2,0,1
BRDA:26,3,0,142
BRDA:26,3,1,0
BRDA:27,4,0,0
BRDA:28,5,0,0
BRDA:31,6,0,0
BRDA:46,7,0,142
BRDA:46,7,1,0
BRDA:47,8,0,142
BRDA:47,8,1,142
BRDA:49,9,0,142
BRDA:49,9,1,142
BRDA:51,10,0,142
BRDA:51,10,1,142
BRDA:53,11,0,142
BRDA:53,11,1,142
BRDA:56,12,0,138
BRDA:56,12,1,138
BRDA:58,13,0,138
BRDA:58,13,1,138
BRDA:59,14,0,138
BRDA:59,14,1,138
BRDA:60,15,0,138
BRDA:60,15,1,138
BRDA:61,16,0,138
BRDA:61,16,1,0
BRDA:61,17,0,138
BRDA:61,17,1,138
BRDA:67,18,0,138
BRDA:67,18,1,138
BRDA:68,19,0,138
BRDA:68,19,1,136
BRDA:70,20,0,138
BRDA:70,20,1,0
BRDA:71,21,0,138
BRDA:71,21,1,121
BRDA:72,22,0,0
BRDA:72,23,0,138
BRDA:72,23,1,121
BRDA:77,24,0,138
BRDA:77,24,1,0
BRDA:79,25,0,138
BRDA:79,25,1,0
BRDA:80,26,0,138
BRDA:80,26,1,138
BRDA:80,26,2,0
BRDA:81,27,0,138
BRDA:81,27,1,138
BRDA:83,28,0,138
BRDA:83,28,1,138
BRDA:84,29,0,138
BRDA:84,29,1,138
BRDA:85,30,0,138
BRDA:85,30,1,138
BRDA:86,31,0,138
BRDA:86,31,1,138
BRDA:88,32,0,138
BRDA:88,32,1,138
BRDA:92,33,0,138
BRDA:92,33,1,138
BRDA:96,34,0,138
BRDA:96,34,1,138
BRDA:97,35,0,138
BRDA:97,35,1,138
BRDA:97,36,0,124
BRDA:97,36,1,14
BRDA:100,37,0,138
BRDA:100,37,1,138
BRDA:101,38,0,138
BRDA:101,38,1,138
BRDA:101,39,0,124
BRDA:101,39,1,14
BRDA:105,40,0,138
BRDA:105,40,1,138
BRDA:107,41,0,5
BRDA:107,41,1,133
BRDA:110,42,0,138
BRDA:110,42,1,138
BRDA:111,43,0,138
BRDA:111,43,1,134
BRDA:112,44,0,138
BRDA:112,44,1,134
BRDA:113,45,0,0
BRDA:113,45,1,138
BRDA:118,46,0,138
BRDA:118,46,1,138
BRDA:122,47,0,138
BRDA:122,47,1,138
BRDA:124,48,0,138
BRDA:124,48,1,138
BRDA:126,49,0,138
BRDA:126,49,1,138
BRDA:129,50,0,138
BRDA:129,50,1,138
BRDA:132,51,0,138
BRDA:132,51,1,138
BRDA:143,52,0,138
BRDA:143,52,1,138
BRDA:144,53,0,138
BRDA:144,53,1,138
BRF:103
BRH:90
end_of_record
TN:
SF:src\version.ts
FN:15,resolveCommit
FN:28,getVersionInfo
FNF:2
FNH:2
FNDA:56,resolveCommit
FNDA:2,getVersionInfo
DA:1,56
DA:2,56
DA:8,56
DA:16,56
DA:17,0
DA:19,56
DA:20,56
DA:22,56
DA:26,56
DA:28,56
DA:29,2
LF:11
LH:10
BRDA:16,0,0,0
BRF:1
BRH:0
end_of_record
TN:
SF:src\controllers\adminController.ts
FN:18,getStats
FN:36,(anonymous_2)
FN:37,(anonymous_3)
FN:48,getAuditLog
FN:60,(anonymous_5)
FN:76,(anonymous_6)
FN:88,getAllEvents
FN:107,(anonymous_8)
FN:108,(anonymous_9)
FN:118,getFeeSummary
FN:132,(anonymous_11)
FN:141,listValidators
FN:150,registerValidator
FN:171,revokeValidator
FN:195,pauseContract
FN:232,unpauseContract
FN:281,(anonymous_17)
FN:284,revokeTokenController
FN:321,introspectToken
FN:359,resetWithdrawalLock
FN:364,setWithdrawalLockForTesting
FN:369,withdrawFeesController
FN:491,getValidatorStatsEndpoint
FN:528,reindex
FN:552,updatePlatformFee
FN:625,parseCsvBody
FN:631,(anonymous_27)
FN:650,processBatch
FN:708,importValidators
FN:736,(anonymous_30)
FN:757,(anonymous_31)
FN:758,(anonymous_32)
FN:759,(anonymous_33)
FNF:33
FNH:30
FNDA:3,getStats
FNDA:11,(anonymous_2)
FNDA:8,(anonymous_3)
FNDA:5,getAuditLog
FNDA:32,(anonymous_5)
FNDA:22,(anonymous_6)
FNDA:18,getAllEvents
FNDA:6,(anonymous_8)
FNDA:6,(anonymous_9)
FNDA:4,getFeeSummary
FNDA:0,(anonymous_11)
FNDA:4,listValidators
FNDA:7,registerValidator
FNDA:4,revokeValidator
FNDA:3,pauseContract
FNDA:3,unpauseContract
FNDA:5,(anonymous_17)
FNDA:5,revokeTokenController
FNDA:5,introspectToken
FNDA:36,resetWithdrawalLock
FNDA:3,setWithdrawalLockForTesting
FNDA:40,withdrawFeesController
FNDA:0,getValidatorStatsEndpoint
FNDA:7,reindex
FNDA:0,updatePlatformFee
FNDA:15,parseCsvBody
FNDA:31,(anonymous_27)
FNDA:28,processBatch
FNDA:24,importValidators
FNDA:71,(anonymous_30)
FNDA:79,(anonymous_31)
FNDA:79,(anonymous_32)
FNDA:79,(anonymous_33)
DA:2,56
DA:3,56
DA:4,56
DA:5,56
DA:6,56
DA:8,56
DA:9,56
DA:10,56
DA:11,56
DA:12,56
DA:13,56
DA:15,56
DA:18,56
DA:19,3
DA:20,3
DA:30,0
DA:34,56
DA:36,11
DA:37,8
DA:39,56
DA:48,56
DA:49,5
DA:50,5
DA:51,5
DA:52,1
DA:53,1
DA:55,4
DA:56,4
DA:57,4
DA:58,4
DA:60,32
DA:66,0
DA:71,56
DA:76,22
DA:80,56
DA:88,56
DA:89,18
DA:90,18
DA:91,18
DA:92,3
DA:93,3
DA:95,15
DA:96,15
DA:97,3
DA:98,3
DA:100,12
DA:101,12
DA:102,12
DA:103,12
DA:105,12
DA:106,12
DA:107,12
DA:108,12
DA:110,12
DA:111,11
DA:113,1
DA:118,56
DA:119,4
DA:120,4
DA:121,4
DA:122,1
DA:123,1
DA:125,3
DA:126,3
DA:132,3
DA:133,3
DA:134,3
DA:136,0
DA:141,56
DA:142,4
DA:143,4
DA:145,0
DA:150,56
DA:151,7
DA:152,7
DA:153,7
DA:155,7
DA:156,2
DA:157,2
DA:158,2
DA:161,5
DA:163,5
DA:164,5
DA:166,0
DA:171,56
DA:172,4
DA:173,4
DA:174,4
DA:176,4
DA:177,0
DA:178,0
DA:179,0
DA:182,4
DA:184,4
DA:185,4
DA:187,0
DA:195,56
DA:196,3
DA:197,3
DA:199,3
DA:200,0
DA:201,0
DA:204,3
DA:206,0
DA:207,0
DA:209,3
DA:217,3
DA:223,0
DA:232,56
DA:233,3
DA:234,3
DA:236,3
DA:237,0
DA:238,0
DA:241,3
DA:243,0
DA:244,0
DA:246,3
DA:254,3
DA:256,2
DA:264,2
DA:270,1
DA:271,1
DA:272,1
DA:274,0
DA:278,56
DA:281,5
DA:284,56
DA:285,5
DA:286,5
DA:287,5
DA:288,1
DA:289,1
DA:292,4
DA:293,4
DA:294,4
DA:296,4
DA:297,2
DA:298,2
DA:299,1
DA:300,1
DA:302,1
DA:303,1
DA:306,3
DA:307,3
DA:309,0
DA:321,56
DA:322,5
DA:324,5
DA:325,5
DA:326,5
DA:327,0
DA:328,0
DA:330,5
DA:340,0
DA:344,56
DA:346,56
DA:356,56
DA:359,56
DA:360,36
DA:364,56
DA:365,3
DA:369,56
DA:371,40
DA:372,0
DA:373,0
DA:376,40
DA:378,40
DA:379,0
DA:380,0
DA:383,40
DA:385,0
DA:386,0
DA:388,40
DA:390,40
DA:391,7
DA:397,7
DA:398,7
DA:401,33
DA:404,33
DA:405,4
DA:412,4
DA:413,4
DA:416,29
DA:417,29
DA:418,29
DA:420,13
DA:434,13
DA:444,16
DA:445,16
DA:447,16
DA:461,16
DA:462,12
DA:464,7
DA:465,7
DA:467,2
DA:468,2
DA:470,1
DA:471,1
DA:473,2
DA:474,2
DA:477,4
DA:479,29
DA:483,56
DA:491,56
DA:492,0
DA:493,0
DA:495,0
DA:496,0
DA:497,0
DA:499,0
DA:500,0
DA:501,0
DA:510,0
DA:520,0
DA:528,56
DA:529,7
DA:530,7
DA:531,7
DA:532,3
DA:533,3
DA:535,4
DA:536,4
DA:537,4
DA:538,4
DA:540,0
DA:544,56
DA:552,56
DA:553,0
DA:554,0
DA:555,0
DA:556,0
DA:559,0
DA:560,0
DA:562,0
DA:563,0
DA:569,0
DA:570,0
DA:573,0
DA:575,0
DA:576,0
DA:585,0
DA:591,0
DA:625,56
DA:626,15
DA:627,15
DA:628,15
DA:629,25
DA:630,25
DA:631,31
DA:633,18
DA:634,16
DA:635,16
DA:637,15
DA:650,56
DA:654,28
DA:656,28
DA:658,28
DA:659,90
DA:662,90
DA:663,8
DA:664,8
DA:665,8
DA:669,82
DA:670,2
DA:671,2
DA:675,80
DA:676,80
DA:677,5
DA:678,5
DA:679,5
DA:683,75
DA:685,75
DA:686,75
DA:687,75
DA:690,28
DA:708,56
DA:709,24
DA:710,24
DA:711,24
DA:715,24
DA:717,6
DA:718,6
DA:719,1
DA:720,1
DA:722,5
DA:725,18
DA:726,18
DA:727,2
DA:732,2
DA:736,16
DA:737,71
DA:738,70
DA:739,70
DA:740,70
DA:746,0
DA:750,21
DA:751,1
DA:752,1
DA:755,20
DA:757,79
DA:758,79
DA:759,79
DA:761,20
DA:765,20
DA:772,20
DA:785,0
LF:307
LH:250
BRDA:51,0,0,1
BRDA:52,1,0,1
BRDA:52,1,1,0
BRDA:76,2,0,22
BRDA:76,2,1,6
BRDA:76,2,2,4
BRDA:91,3,0,3
BRDA:92,4,0,3
BRDA:92,4,1,0
BRDA:96,5,0,3
BRDA:97,6,0,3
BRDA:97,6,1,0
BRDA:102,7,0,12
BRDA:102,7,1,11
BRDA:102,7,2,11
BRDA:103,8,0,12
BRDA:103,8,1,11
BRDA:103,9,0,11
BRDA:103,9,1,11
BRDA:107,10,0,3
BRDA:107,11,0,6
BRDA:107,11,1,0
BRDA:108,12,0,3
BRDA:108,13,0,6
BRDA:108,13,1,0
BRDA:121,14,0,1
BRDA:122,15,0,1
BRDA:122,15,1,0
BRDA:125,16,0,3
BRDA:125,16,1,0
BRDA:152,17,0,7
BRDA:152,17,1,0
BRDA:155,18,0,2
BRDA:155,19,0,7
BRDA:155,19,1,7
BRDA:173,20,0,4
BRDA:173,20,1,0
BRDA:176,21,0,0
BRDA:176,22,0,4
BRDA:176,22,1,4
BRDA:197,23,0,3
BRDA:197,23,1,0
BRDA:199,24,0,0
BRDA:204,25,0,0
BRDA:234,26,0,3
BRDA:234,26,1,0
BRDA:236,27,0,0
BRDA:241,28,0,0
BRDA:270,29,0,1
BRDA:270,30,0,1
BRDA:270,30,1,1
BRDA:281,31,0,5
BRDA:281,31,1,3
BRDA:287,32,0,1
BRDA:288,33,0,1
BRDA:288,33,1,0
BRDA:296,34,0,2
BRDA:296,35,0,4
BRDA:296,35,1,2
BRDA:298,36,0,1
BRDA:303,37,0,1
BRDA:303,37,1,0
BRDA:324,38,0,5
BRDA:324,38,1,0
BRDA:326,39,0,0
BRDA:371,40,0,0
BRDA:376,41,0,40
BRDA:376,41,1,0
BRDA:378,42,0,0
BRDA:383,43,0,0
BRDA:390,44,0,7
BRDA:397,45,0,7
BRDA:397,45,1,0
BRDA:404,46,0,4
BRDA:444,47,0,12
BRDA:444,47,1,4
BRDA:445,48,0,12
BRDA:445,48,1,4
BRDA:452,49,0,16
BRDA:452,49,1,0
BRDA:461,50,0,12
BRDA:462,51,0,7
BRDA:462,51,1,2
BRDA:462,51,2,1
BRDA:462,51,3,2
BRDA:495,52,0,0
BRDA:500,53,0,0
BRDA:500,53,1,0
BRDA:531,54,0,3
BRDA:532,55,0,3
BRDA:532,55,1,0
BRDA:554,56,0,0
BRDA:559,57,0,0
BRDA:559,57,1,0
BRDA:562,58,0,0
BRDA:569,59,0,0
BRDA:569,59,1,0
BRDA:630,60,0,7
BRDA:630,61,0,25
BRDA:630,61,1,20
BRDA:633,62,0,2
BRDA:635,63,0,16
BRDA:635,63,1,0
BRDA:635,64,0,16
BRDA:635,64,1,11
BRDA:635,65,0,16
BRDA:635,65,1,12
BRDA:662,66,0,8
BRDA:669,67,0,2
BRDA:676,68,0,5
BRDA:676,69,0,80
BRDA:676,69,1,6
BRDA:710,70,0,24
BRDA:710,70,1,0
BRDA:711,71,0,24
BRDA:711,71,1,0
BRDA:715,72,0,6
BRDA:715,72,1,18
BRDA:715,73,0,24
BRDA:715,73,1,19
BRDA:718,74,0,1
BRDA:718,75,0,6
BRDA:718,75,1,6
BRDA:726,76,0,2
BRDA:726,77,0,18
BRDA:726,77,1,18
BRDA:737,78,0,1
BRDA:738,79,0,70
BRDA:738,80,0,70
BRDA:738,80,1,70
BRDA:741,81,0,70
BRDA:741,81,1,0
BRDA:742,82,0,1
BRDA:742,82,1,69
BRDA:743,83,0,1
BRDA:743,83,1,69
BRDA:750,84,0,1
BRF:137
BRH:97
end_of_record
TN:
SF:src\controllers\apiKeyController.ts
FN:33,generateApiKey
FN:44,verifyApiKey
FN:71,resolveApiKey
FN:89,assertWalletOwnership
FN:111,issueApiKey
FN:157,listApiKeys
FN:169,(anonymous_6)
FN:190,revokeApiKey
FNF:8
FNH:8
FNDA:15,generateApiKey
FNDA:8,verifyApiKey
FNDA:7,resolveApiKey
FNDA:10,assertWalletOwnership
FNDA:3,issueApiKey
FNDA:4,listApiKeys
FNDA:1,(anonymous_6)
FNDA:3,revokeApiKey
DA:9,56
DA:10,56
DA:11,56
DA:18,56
DA:19,56
DA:20,56
DA:25,56
DA:26,56
DA:33,56
DA:34,15
DA:35,15
DA:36,15
DA:37,15
DA:38,15
DA:44,56
DA:45,8
DA:46,8
DA:47,7
DA:48,7
DA:49,7
DA:50,7
DA:52,7
DA:53,7
DA:54,7
DA:55,7
DA:56,7
DA:57,224
DA:59,7
DA:71,56
DA:72,7
DA:73,7
DA:74,4
DA:75,3
DA:78,4
DA:83,56
DA:90,10
DA:91,10
DA:92,0
DA:93,0
DA:95,10
DA:96,3
DA:97,3
DA:99,7
DA:111,56
DA:116,3
DA:117,3
DA:119,2
DA:120,2
DA:121,0
DA:122,0
DA:125,2
DA:126,2
DA:128,2
DA:135,2
DA:137,2
DA:147,0
DA:157,56
DA:162,4
DA:163,4
DA:165,3
DA:167,3
DA:169,1
DA:180,0
DA:190,56
DA:195,3
DA:196,3
DA:198,2
DA:199,2
DA:200,0
DA:201,0
DA:204,2
DA:205,2
DA:206,1
DA:207,1
DA:210,1
DA:212,1
DA:214,0
LF:77
LH:68
BRDA:46,0,0,1
BRDA:49,1,0,0
BRDA:49,2,0,7
BRDA:49,2,1,7
BRDA:54,3,0,0
BRDA:74,4,0,3
BRDA:91,5,0,0
BRDA:95,6,0,3
BRDA:117,7,0,1
BRDA:120,8,0,0
BRDA:121,9,0,0
BRDA:121,9,1,0
BRDA:163,10,0,1
BRDA:174,11,0,1
BRDA:174,11,1,1
BRDA:176,12,0,1
BRDA:176,12,1,1
BRDA:196,13,0,1
BRDA:199,14,0,0
BRDA:205,15,0,1
BRF:20
BRH:13
end_of_record
TN:
SF:src\controllers\authController.ts
FN:14,(anonymous_1)
FN:25,getChallenge
FN:46,postToken
FNF:3
FNH:3
FNDA:86,(anonymous_1)
FNDA:87,getChallenge
FNDA:94,postToken
DA:2,56
DA:3,56
DA:4,56
DA:5,56
DA:6,56
DA:7,56
DA:8,56
DA:10,56
DA:12,56
DA:14,86
DA:19,56
DA:25,56
DA:26,87
DA:27,87
DA:28,87
DA:29,3
DA:35,3
DA:36,3
DA:38,84
DA:39,84
DA:41,0
DA:46,56
DA:47,94
DA:48,94
DA:49,94
DA:50,3
DA:55,3
DA:56,3
DA:58,91
DA:60,91
DA:62,91
DA:63,91
DA:64,78
DA:65,78
DA:67,13
DA:68,13
DA:73,13
DA:74,4
DA:75,4
DA:76,4
DA:82,4
DA:83,4
DA:86,9
DA:91,9
DA:92,9
DA:94,0
LF:46
LH:44
BRDA:28,0,0,3
BRDA:32,1,0,3
BRDA:32,1,1,1
BRDA:35,2,0,3
BRDA:35,2,1,0
BRDA:49,3,0,3
BRDA:55,4,0,3
BRDA:55,4,1,0
BRDA:62,5,0,0
BRDA:62,5,1,91
BRDA:62,6,0,91
BRDA:62,6,1,91
BRDA:62,6,2,91
BRDA:62,6,3,82
BRDA:67,7,0,13
BRDA:73,8,0,4
BRDA:75,9,0,4
BRDA:75,9,1,0
BRF:18
BRH:14
end_of_record
TN:
SF:src\controllers\exportController.ts
FN:17,exportEvents
FNF:1
FNH:1
FNDA:5,exportEvents
DA:17,57
DA:18,5
DA:19,5
DA:25,5
DA:26,5
DA:27,5
DA:29,0
LF:7
LH:6
BRF:0
BRH:0
end_of_record
TN:
SF:src\controllers\featureFlagsController.ts
FN:16,getFeatureFlags
FN:22,(anonymous_1)
FN:35,updateFeatureFlag
FNF:3
FNH:3
FNDA:1,getFeatureFlags
FNDA:1,(anonymous_1)
FNDA:5,updateFeatureFlag
DA:2,56
DA:3,56
DA:4,56
DA:6,56
DA:16,56
DA:21,1
DA:22,1
DA:28,1
DA:30,0
DA:35,56
DA:40,5
DA:41,5
DA:42,5
DA:43,1
DA:47,1
DA:50,4
DA:51,4
DA:52,4
DA:54,4
DA:59,0
LF:20
LH:18
BRDA:42,0,0,1
BRDA:45,1,0,1
BRDA:45,1,1,0
BRDA:51,2,0,4
BRDA:51,2,1,0
BRF:5
BRH:3
end_of_record
TN:
SF:src\controllers\playerController.ts
FN:59,registerPlayer
FN:127,getPlayer
FN:183,filterPlayers
FN:230,(anonymous_3)
FN:266,updatePlayer
FN:309,getPlayerMilestones
FN:333,(anonymous_6)
FN:334,(anonymous_7)
FN:340,(anonymous_8)
FNF:9
FNH:9
FNDA:12,registerPlayer
FNDA:15,getPlayer
FNDA:20,filterPlayers
FNDA:50,(anonymous_3)
FNDA:7,updatePlayer
FNDA:9,getPlayerMilestones
FNDA:15,(anonymous_6)
FNDA:15,(anonymous_7)
FNDA:20,(anonymous_8)
DA:2,57
DA:3,57
DA:4,57
DA:5,57
DA:6,57
DA:7,57
DA:8,57
DA:9,57
DA:18,57
DA:19,57
DA:21,57
DA:22,57
DA:23,57
DA:24,57
DA:25,57
DA:26,57
DA:27,57
DA:28,57
DA:30,57
DA:36,57
DA:37,57
DA:41,57
DA:48,57
DA:59,57
DA:64,12
DA:65,12
DA:69,11
DA:70,1
DA:71,1
DA:74,10
DA:75,10
DA:77,10
DA:87,9
DA:91,9
DA:92,9
DA:101,9
DA:109,9
DA:116,9
DA:120,9
DA:122,2
DA:127,57
DA:132,15
DA:133,15
DA:134,15
DA:135,3
DA:136,3
DA:138,12
DA:139,12
DA:140,12
DA:141,12
DA:142,8
DA:143,8
DA:144,3
DA:145,3
DA:147,5
DA:148,5
DA:159,5
DA:162,9
DA:163,9
DA:164,1
DA:165,1
DA:167,8
DA:168,8
DA:170,0
DA:183,57
DA:188,20
DA:189,20
DA:190,20
DA:191,0
DA:192,0
DA:194,20
DA:195,20
DA:196,20
DA:197,20
DA:198,20
DA:202,20
DA:210,20
DA:211,20
DA:212,1
DA:213,1
DA:216,19
DA:224,19
DA:229,19
DA:230,50
DA:241,19
DA:242,19
DA:244,19
DA:245,19
DA:254,19
DA:256,0
DA:261,57
DA:266,57
DA:271,7
DA:272,7
DA:273,7
DA:275,7
DA:278,7
DA:281,7
DA:289,7
DA:291,7
DA:299,0
DA:303,57
DA:309,57
DA:314,9
DA:315,9
DA:316,9
DA:317,1
DA:318,1
DA:320,8
DA:322,8
DA:323,8
DA:324,2
DA:329,2
DA:331,6
DA:332,6
DA:333,15
DA:334,15
DA:335,6
DA:336,6
DA:340,6
DA:341,20
DA:342,20
DA:343,20
DA:345,6
DA:347,0
LF:125
LH:119
BRDA:69,0,0,1
BRDA:77,1,0,6
BRDA:77,1,1,4
BRDA:134,2,0,3
BRDA:135,3,0,3
BRDA:135,3,1,0
BRDA:141,4,0,8
BRDA:143,5,0,3
BRDA:163,6,0,1
BRDA:190,7,0,0
BRDA:196,8,0,2
BRDA:196,8,1,18
BRDA:197,9,0,1
BRDA:197,9,1,19
BRDA:198,10,0,1
BRDA:198,10,1,19
BRDA:203,11,0,20
BRDA:203,11,1,18
BRDA:204,12,0,20
BRDA:204,12,1,19
BRDA:204,12,2,19
BRDA:205,13,0,20
BRDA:205,13,1,20
BRDA:211,14,0,1
BRDA:218,15,0,19
BRDA:218,15,1,18
BRDA:226,16,0,19
BRDA:226,16,1,18
BRDA:244,17,0,19
BRDA:244,17,1,7
BRDA:246,18,0,19
BRDA:246,18,1,17
BRDA:247,19,0,19
BRDA:247,19,1,18
BRDA:247,19,2,18
BRDA:248,20,0,19
BRDA:248,20,1,19
BRDA:275,21,0,1
BRDA:275,21,1,6
BRDA:316,22,0,1
BRDA:317,23,0,1
BRDA:317,23,1,0
BRDA:323,24,0,2
BRDA:326,25,0,2
BRDA:326,25,1,0
BRDA:341,26,0,20
BRDA:341,26,1,0
BRDA:342,27,0,20
BRDA:342,27,1,0
BRDA:343,28,0,12
BRDA:343,28,1,8
BRF:51
BRH:45
end_of_record
TN:
SF:src\controllers\playerHistoryController.ts
FN:17,getPlayerHistory
FN:28,(anonymous_1)
FNF:2
FNH:2
FNDA:1,getPlayerHistory
FNDA:2,(anonymous_1)
DA:2,56
DA:3,56
DA:6,56
DA:17,56
DA:22,1
DA:23,1
DA:24,1
DA:26,1
DA:28,2
DA:35,1
DA:37,0
LF:11
LH:10
BRF:0
BRH:0
end_of_record
TN:
SF:src\controllers\scoutBookmarksController.ts
FN:24,assertWalletOwnership
FN:39,serializePlayer
FN:63,addBookmark
FN:109,removeBookmark
FN:139,listBookmarks
FN:151,(anonymous_5)
FN:159,(anonymous_6)
FNF:7
FNH:7
FNDA:14,assertWalletOwnership
FNDA:3,serializePlayer
FNDA:5,addBookmark
FNDA:4,removeBookmark
FNDA:5,listBookmarks
FNDA:4,(anonymous_5)
FNDA:4,(anonymous_6)
DA:9,56
DA:17,56
DA:18,56
DA:19,56
DA:20,56
DA:25,14
DA:26,14
DA:27,0
DA:28,0
DA:30,14
DA:31,3
DA:32,3
DA:34,11
DA:40,3
DA:41,3
DA:63,56
DA:68,5
DA:69,5
DA:71,4
DA:74,4
DA:75,4
DA:76,1
DA:77,1
DA:80,3
DA:81,3
DA:87,3
DA:88,2
DA:91,3
DA:100,0
DA:109,56
DA:114,4
DA:115,4
DA:117,3
DA:118,3
DA:120,3
DA:121,1
DA:122,1
DA:125,2
DA:127,2
DA:129,0
DA:139,56
DA:144,5
DA:145,5
DA:147,4
DA:150,4
DA:152,4
DA:153,4
DA:154,3
DA:159,4
DA:161,4
DA:163,0
LF:51
LH:46
BRDA:26,0,0,0
BRDA:30,1,0,3
BRDA:69,2,0,1
BRDA:75,3,0,1
BRDA:87,4,0,2
BRDA:115,5,0,1
BRDA:120,6,0,1
BRDA:145,7,0,1
BRDA:153,8,0,1
BRF:9
BRH:8
end_of_record
TN:
SF:src\controllers\scoutController.ts
FN:35,isValidEvidenceUri
FN:66,gracePeriodSeconds
FN:74,scoutHasPlayerAccess
FN:87,(anonymous_4)
FN:101,getSubscription
FN:152,(anonymous_6)
FN:183,subscribe
FN:240,renewSubscription
FN:299,cancelSubscription
FN:348,getUnlockedContacts
FN:365,(anonymous_11)
FN:370,(anonymous_12)
FN:384,unlockContact
FN:424,listTrialOffers
FN:434,createTrialOffer
FN:452,submitTrialOffer
FN:463,(anonymous_17)
FN:495,getPaymentHistory
FN:509,(anonymous_19)
FN:510,(anonymous_20)
FN:519,(anonymous_21)
FN:523,(anonymous_22)
FN:533,getContactDetails
FNF:23
FNH:19
FNDA:8,isValidEvidenceUri
FNDA:13,gracePeriodSeconds
FNDA:3,scoutHasPlayerAccess
FNDA:0,(anonymous_4)
FNDA:13,getSubscription
FNDA:5,(anonymous_6)
FNDA:29,subscribe
FNDA:6,renewSubscription
FNDA:5,cancelSubscription
FNDA:5,getUnlockedContacts
FNDA:0,(anonymous_11)
FNDA:2,(anonymous_12)
FNDA:9,unlockContact
FNDA:1,listTrialOffers
FNDA:1,createTrialOffer
FNDA:5,submitTrialOffer
FNDA:3,(anonymous_17)
FNDA:12,getPaymentHistory
FNDA:4,(anonymous_19)
FNDA:4,(anonymous_20)
FNDA:0,(anonymous_21)
FNDA:0,(anonymous_22)
FNDA:4,getContactDetails
DA:2,57
DA:3,57
DA:16,57
DA:26,57
DA:27,57
DA:28,57
DA:29,57
DA:30,57
DA:31,57
DA:36,8
DA:39,57
DA:53,57
DA:55,57
DA:67,13
DA:76,3
DA:77,3
DA:79,2
DA:80,2
DA:83,2
DA:84,2
DA:87,2
DA:88,2
DA:89,2
DA:90,0
DA:91,0
DA:95,2
DA:101,57
DA:102,13
DA:103,13
DA:104,13
DA:105,1
DA:106,1
DA:108,12
DA:109,1
DA:110,1
DA:113,11
DA:114,11
DA:117,11
DA:118,11
DA:119,0
DA:129,0
DA:133,11
DA:134,11
DA:135,3
DA:136,3
DA:137,3
DA:138,3
DA:148,3
DA:152,8
DA:153,8
DA:154,8
DA:155,3
DA:159,3
DA:161,5
DA:162,5
DA:163,5
DA:164,5
DA:165,5
DA:176,0
DA:183,57
DA:184,29
DA:185,29
DA:186,29
DA:187,29
DA:188,1
DA:189,1
DA:194,28
DA:195,6
DA:196,6
DA:197,2
DA:198,2
DA:202,26
DA:203,26
DA:204,12
DA:205,12
DA:207,14
DA:208,14
DA:211,11
DA:218,11
DA:219,11
DA:220,11
DA:222,3
DA:223,3
DA:224,3
DA:225,3
DA:226,3
DA:228,0
DA:240,57
DA:241,6
DA:242,6
DA:243,6
DA:244,1
DA:245,1
DA:247,5
DA:248,5
DA:249,2
DA:250,2
DA:252,3
DA:254,3
DA:256,3
DA:258,2
DA:260,2
DA:266,2
DA:267,2
DA:270,1
DA:272,1
DA:279,1
DA:280,1
DA:283,0
DA:284,0
DA:285,0
DA:287,0
DA:299,57
DA:300,5
DA:301,5
DA:302,5
DA:303,0
DA:304,0
DA:307,5
DA:308,5
DA:309,1
DA:310,1
DA:316,4
DA:318,1
DA:319,1
DA:321,1
DA:323,1
DA:332,3
DA:333,2
DA:334,2
DA:335,2
DA:337,1
DA:338,1
DA:339,1
DA:341,0
DA:348,57
DA:349,5
DA:350,5
DA:351,5
DA:353,5
DA:354,1
DA:355,1
DA:357,4
DA:358,1
DA:359,1
DA:362,3
DA:364,3
DA:365,0
DA:368,3
DA:370,2
DA:377,0
DA:384,57
DA:385,9
DA:386,9
DA:387,9
DA:388,1
DA:389,1
DA:391,8
DA:392,0
DA:393,0
DA:396,8
DA:397,3
DA:398,3
DA:399,3
DA:402,5
DA:404,5
DA:405,5
DA:411,4
DA:413,1
DA:414,0
DA:415,0
DA:417,1
DA:424,57
DA:425,1
DA:426,1
DA:427,1
DA:429,0
DA:434,57
DA:435,1
DA:436,1
DA:437,1
DA:439,1
DA:440,1
DA:441,1
DA:443,1
DA:445,0
DA:452,57
DA:453,5
DA:454,5
DA:455,5
DA:457,5
DA:458,1
DA:459,1
DA:460,1
DA:463,4
DA:464,4
DA:465,1
DA:466,1
DA:469,3
DA:470,3
DA:471,1
DA:476,1
DA:479,2
DA:481,2
DA:482,2
DA:484,0
DA:485,0
DA:486,0
DA:488,0
DA:495,57
DA:496,12
DA:497,12
DA:498,12
DA:499,1
DA:500,1
DA:502,11
DA:503,2
DA:504,2
DA:506,9
DA:508,9
DA:509,4
DA:510,4
DA:517,9
DA:518,1
DA:519,1
DA:521,9
DA:522,1
DA:523,1
DA:526,9
DA:528,0
DA:533,57
DA:534,4
DA:535,4
DA:536,4
DA:537,1
DA:538,1
DA:541,3
DA:542,3
DA:543,1
DA:544,1
DA:547,2
DA:549,2
DA:550,1
DA:551,1
DA:554,1
DA:564,0
LF:246
LH:219
BRDA:36,0,0,8
BRDA:36,0,1,1
BRDA:77,1,0,1
BRDA:84,2,0,0
BRDA:84,3,0,2
BRDA:84,3,1,0
BRDA:89,4,0,0
BRDA:91,5,0,0
BRDA:104,6,0,1
BRDA:108,7,0,1
BRDA:118,8,0,0
BRDA:134,9,0,3
BRDA:136,10,0,3
BRDA:136,10,1,2
BRDA:137,11,0,1
BRDA:137,11,1,2
BRDA:141,12,0,3
BRDA:141,12,1,2
BRDA:154,13,0,3
BRDA:163,14,0,5
BRDA:163,14,1,1
BRDA:164,15,0,4
BRDA:164,15,1,1
BRDA:168,16,0,5
BRDA:168,16,1,1
BRDA:169,17,0,5
BRDA:169,17,1,2
BRDA:187,18,0,1
BRDA:194,19,0,6
BRDA:196,20,0,2
BRDA:203,21,0,12
BRDA:204,22,0,12
BRDA:204,22,1,0
BRDA:219,23,0,3
BRDA:222,24,0,3
BRDA:224,25,0,1
BRDA:243,26,0,1
BRDA:248,27,0,2
BRDA:249,28,0,2
BRDA:249,28,1,0
BRDA:256,29,0,2
BRDA:256,29,1,1
BRDA:283,30,0,0
BRDA:302,31,0,0
BRDA:308,32,0,1
BRDA:332,33,0,2
BRDA:333,34,0,1
BRDA:333,34,1,1
BRDA:337,35,0,1
BRDA:353,36,0,1
BRDA:357,37,0,1
BRDA:364,38,0,0
BRDA:387,39,0,1
BRDA:391,40,0,0
BRDA:391,41,0,8
BRDA:391,41,1,8
BRDA:396,42,0,3
BRDA:408,43,0,5
BRDA:408,43,1,2
BRDA:413,44,0,0
BRDA:457,45,0,1
BRDA:464,46,0,1
BRDA:470,47,0,1
BRDA:484,48,0,0
BRDA:498,49,0,1
BRDA:502,50,0,2
BRDA:511,51,0,4
BRDA:511,51,1,3
BRDA:512,52,0,4
BRDA:512,52,1,0
BRDA:514,53,0,4
BRDA:514,53,1,0
BRDA:517,54,0,1
BRDA:521,55,0,1
BRDA:536,56,0,1
BRDA:542,57,0,1
BRDA:549,58,0,1
BRF:77
BRH:62
end_of_record
TN:
SF:src\controllers\scoutNotesController.ts
FN:22,validateWalletOwnership
FN:45,putScoutNote
FN:97,getScoutNoteHandler
FN:134,listScoutNotesHandler
FN:146,(anonymous_4)
FNF:5
FNH:5
FNDA:13,validateWalletOwnership
FNDA:7,putScoutNote
FNDA:3,getScoutNoteHandler
FNDA:3,listScoutNotesHandler
FNDA:2,(anonymous_4)
DA:2,56
DA:3,56
DA:4,56
DA:5,56
DA:6,56
DA:7,56
DA:11,56
DA:23,13
DA:24,13
DA:25,0
DA:26,0
DA:28,13
DA:29,3
DA:30,3
DA:32,10
DA:45,56
DA:50,7
DA:51,7
DA:53,6
DA:54,6
DA:55,6
DA:56,2
DA:60,2
DA:63,4
DA:64,4
DA:66,4
DA:73,4
DA:75,4
DA:85,0
DA:97,56
DA:102,3
DA:103,3
DA:105,2
DA:106,2
DA:108,2
DA:109,1
DA:110,1
DA:113,1
DA:123,0
DA:134,56
DA:139,3
DA:140,3
DA:142,2
DA:144,2
DA:146,2
DA:154,0
LF:46
LH:41
BRDA:24,0,0,0
BRDA:28,1,0,3
BRDA:51,2,0,1
BRDA:55,3,0,2
BRDA:58,4,0,2
BRDA:58,4,1,0
BRDA:103,5,0,1
BRDA:108,6,0,1
BRDA:140,7,0,1
BRF:9
BRH:7
end_of_record
TN:
SF:src\controllers\scoutRecommendationsController.ts
FN:11,scoreMatch
FN:30,getScoutRecommendations
FN:53,(anonymous_2)
FN:56,(anonymous_3)
FN:68,(anonymous_4)
FN:83,(anonymous_5)
FN:85,(anonymous_6)
FN:101,(anonymous_7)
FN:102,(anonymous_8)
FN:116,(anonymous_9)
FN:122,(anonymous_10)
FNF:11
FNH:1
FNDA:0,scoreMatch
FNDA:1,getScoutRecommendations
FNDA:0,(anonymous_2)
FNDA:0,(anonymous_3)
FNDA:0,(anonymous_4)
FNDA:0,(anonymous_5)
FNDA:0,(anonymous_6)
FNDA:0,(anonymous_7)
FNDA:0,(anonymous_8)
FNDA:0,(anonymous_9)
FNDA:0,(anonymous_10)
DA:2,56
DA:3,56
DA:6,56
DA:19,0
DA:20,0
DA:21,0
DA:22,0
DA:30,56
DA:35,1
DA:36,1
DA:37,1
DA:38,1
DA:39,0
DA:45,0
DA:48,1
DA:49,1
DA:52,1
DA:53,0
DA:55,1
DA:56,0
DA:61,1
DA:62,1
DA:64,1
DA:65,0
DA:68,0
DA:69,0
DA:70,0
DA:71,0
DA:75,0
DA:76,0
DA:83,1
DA:85,1
DA:88,1
DA:94,1
DA:100,1
DA:101,0
DA:102,0
DA:117,0
DA:120,1
DA:122,0
DA:131,0
LF:41
LH:21
BRDA:20,0,0,0
BRDA:20,1,0,0
BRDA:20,1,1,0
BRDA:20,1,2,0
BRDA:21,2,0,0
BRDA:21,3,0,0
BRDA:21,3,1,0
BRDA:21,3,2,0
BRDA:38,4,0,0
BRDA:43,5,0,0
BRDA:43,5,1,0
BRDA:48,6,0,1
BRDA:48,6,1,1
BRDA:69,7,0,0
BRDA:70,8,0,0
BRDA:73,9,0,0
BRDA:73,9,1,0
BRDA:75,10,0,0
BRDA:78,11,0,0
BRDA:78,11,1,0
BRDA:83,12,0,1
BRDA:83,12,1,1
BRDA:85,13,0,1
BRDA:85,13,1,1
BRDA:89,14,0,1
BRDA:89,14,1,1
BRDA:90,15,0,1
BRDA:90,15,1,1
BRDA:94,16,0,0
BRDA:94,16,1,1
BRDA:117,17,0,0
BRDA:117,17,1,0
BRDA:117,18,0,0
BRDA:117,18,1,0
BRDA:117,19,0,0
BRDA:117,19,1,0
BRF:36
BRH:11
end_of_record
TN:
SF:src\controllers\scoutSavedSearchesController.ts
FN:56,assertWalletOwnership
FN:84,createSavedSearch
FN:140,listSavedSearches
FN:150,(anonymous_3)
FN:178,deleteSavedSearchHandler
FNF:5
FNH:5
FNDA:27,assertWalletOwnership
FNDA:13,createSavedSearch
FNDA:7,listSavedSearches
FNDA:4,(anonymous_3)
FNDA:7,deleteSavedSearchHandler
DA:15,56
DA:16,56
DA:21,56
DA:22,56
DA:23,56
DA:33,56
DA:44,56
DA:57,27
DA:58,27
DA:59,0
DA:60,0
DA:62,27
DA:63,6
DA:64,6
DA:66,21
DA:84,56
DA:89,13
DA:90,13
DA:92,11
DA:93,11
DA:94,5
DA:98,5
DA:101,6
DA:102,6
DA:103,6
DA:105,6
DA:112,6
DA:114,6
DA:125,0
DA:140,56
DA:145,7
DA:146,7
DA:148,5
DA:150,5
DA:158,5
DA:160,0
DA:178,56
DA:183,7
DA:184,7
DA:186,5
DA:187,5
DA:188,1
DA:189,1
DA:192,4
DA:193,4
DA:194,2
DA:195,2
DA:198,2
DA:200,2
DA:202,0
LF:50
LH:45
BRDA:58,0,0,0
BRDA:62,1,0,6
BRDA:90,2,0,2
BRDA:93,3,0,5
BRDA:96,4,0,5
BRDA:96,4,1,0
BRDA:146,5,0,2
BRDA:184,6,0,2
BRDA:187,7,0,1
BRDA:193,8,0,2
BRF:10
BRH:8
end_of_record
TN:
SF:src\controllers\trialOfferController.ts
FN:19,getPlayerWallet
FN:21,(anonymous_1)
FN:35,acceptTrialOffer
FN:59,(anonymous_3)
FN:127,rejectTrialOffer
FN:157,(anonymous_5)
FNF:6
FNH:4
FNDA:10,getPlayerWallet
FNDA:10,(anonymous_1)
FNDA:5,acceptTrialOffer
FNDA:0,(anonymous_3)
FNDA:5,rejectTrialOffer
FNDA:0,(anonymous_5)
DA:2,56
DA:3,56
DA:4,56
DA:5,56
DA:9,56
DA:20,10
DA:21,10
DA:23,10
DA:35,56
DA:36,5
DA:37,5
DA:40,5
DA:41,5
DA:42,0
DA:43,0
DA:45,5
DA:46,1
DA:49,1
DA:50,1
DA:54,4
DA:56,4
DA:58,1
DA:59,0
DA:61,1
DA:62,1
DA:63,1
DA:66,0
DA:73,0
DA:76,3
DA:77,0
DA:78,0
DA:81,3
DA:82,0
DA:83,0
DA:86,3
DA:87,2
DA:92,2
DA:95,1
DA:96,1
DA:98,1
DA:104,1
DA:114,0
DA:127,56
DA:128,5
DA:129,5
DA:132,5
DA:133,5
DA:134,0
DA:135,0
DA:137,5
DA:138,1
DA:141,1
DA:142,1
DA:145,4
DA:146,4
DA:147,0
DA:148,0
DA:150,4
DA:152,4
DA:154,4
DA:156,1
DA:157,0
DA:159,1
DA:160,1
DA:161,1
DA:163,0
DA:170,0
DA:173,3
DA:174,0
DA:175,0
DA:178,3
DA:179,0
DA:180,0
DA:183,3
DA:184,1
DA:189,1
DA:192,2
DA:193,2
DA:195,2
DA:199,2
DA:210,0
LF:81
LH:59
BRDA:23,0,0,10
BRDA:23,0,1,0
BRDA:41,1,0,0
BRDA:45,2,0,1
BRDA:56,3,0,1
BRDA:59,4,0,0
BRDA:59,4,1,0
BRDA:61,5,0,1
BRDA:70,6,0,0
BRDA:70,6,1,0
BRDA:76,7,0,0
BRDA:81,8,0,0
BRDA:86,9,0,2
BRDA:133,10,0,0
BRDA:137,11,0,1
BRDA:146,12,0,0
BRDA:147,13,0,0
BRDA:147,13,1,0
BRDA:154,14,0,1
BRDA:157,15,0,0
BRDA:157,15,1,0
BRDA:159,16,0,1
BRDA:167,17,0,0
BRDA:167,17,1,0
BRDA:173,18,0,0
BRDA:178,19,0,0
BRDA:183,20,0,1
BRDA:195,21,0,2
BRDA:195,21,1,1
BRDA:205,22,0,2
BRDA:205,22,1,1
BRF:31
BRH:13
end_of_record
TN:
SF:src\controllers\validatorController.ts
FN:14,isValidEvidenceUri
FN:34,getCorrelationId
FN:38,submitMilestoneEvidence
FN:60,getPendingMilestones
FN:74,(anonymous_4)
FNF:5
FNH:5
FNDA:27,isValidEvidenceUri
FNDA:9,getCorrelationId
FNDA:12,submitMilestoneEvidence
FNDA:7,getPendingMilestones
FNDA:3,(anonymous_4)
DA:2,57
DA:3,57
DA:4,57
DA:5,57
DA:6,57
DA:7,57
DA:14,57
DA:15,27
DA:16,26
DA:19,57
DA:25,57
DA:35,9
DA:38,57
DA:39,12
DA:40,12
DA:41,10
DA:43,9
DA:45,9
DA:46,9
DA:47,9
DA:51,9
DA:53,9
DA:55,3
DA:60,57
DA:61,7
DA:62,7
DA:63,7
DA:64,7
DA:74,7
DA:82,7
DA:83,7
DA:95,7
DA:103,0
LF:33
LH:32
BRDA:15,0,0,1
BRDA:15,1,0,27
BRDA:15,1,1,26
BRDA:16,2,0,26
BRDA:16,2,1,7
BRDA:35,3,0,9
BRDA:35,3,1,9
BRDA:35,3,2,9
BRDA:45,4,0,9
BRDA:45,4,1,3
BRDA:63,5,0,7
BRDA:63,5,1,7
BRDA:82,6,0,7
BRDA:82,6,1,0
BRDA:87,7,0,7
BRDA:87,7,1,5
BRDA:88,8,0,7
BRDA:88,8,1,7
BRDA:99,9,0,7
BRDA:99,9,1,7
BRDA:100,10,0,7
BRDA:100,10,1,7
BRF:22
BRH:21
end_of_record
TN:
SF:src\db\index.ts
FN:7,slowQueryThresholdMs
FN:12,timedQuery
FN:31,initDb
FN:87,getDb
FN:92,closeDb
FN:101,getLastLedger
FN:103,(anonymous_7)
FN:109,setLastLedger
FN:111,(anonymous_9)
FN:127,getEvents
FN:139,(anonymous_11)
FN:142,(anonymous_12)
FN:145,(anonymous_13)
FN:148,(anonymous_14)
FN:151,(anonymous_15)
FN:160,getEventsCount
FN:166,(anonymous_17)
FN:167,(anonymous_18)
FN:197,insertPlayerProfileHistory
FN:211,getPlayerProfileHistory
FN:224,upsertPlayer
FN:239,(anonymous_22)
FN:244,updatePlayerProgress
FN:246,(anonymous_24)
FN:255,incrementValidatorApproved
FN:259,(anonymous_26)
FN:262,incrementValidatorRejected
FN:266,(anonymous_28)
FN:269,getValidatorStats
FN:271,(anonymous_30)
FN:285,insertPendingMilestone
FN:296,(anonymous_32)
FN:299,removePendingMilestone
FN:301,(anonymous_34)
FN:313,getPendingMilestones
FN:342,(anonymous_36)
FN:354,(anonymous_37)
FN:359,getPlayerById
FN:361,(anonymous_39)
FN:366,buildPlayerWhereClause
FN:387,queryPlayers
FN:392,(anonymous_42)
FN:397,countPlayers
FN:400,(anonymous_44)
FN:422,getIdempotencyRecord
FN:425,(anonymous_46)
FN:436,saveIdempotencyRecord
FN:447,(anonymous_48)
FN:458,purgeExpiredIdempotencyKeys
FN:460,(anonymous_50)
FN:477,getLatestSubscription
FN:479,(anonymous_52)
FN:484,insertSubscription
FN:491,(anonymous_54)
FN:497,dbRenewSubscription
FN:499,(anonymous_56)
FN:502,dbCancelSubscription
FN:504,(anonymous_58)
FN:516,insertContactUnlock
FN:523,(anonymous_60)
FN:526,getContactUnlocksByScout
FN:528,(anonymous_62)
FN:531,hasContactUnlock
FN:533,(anonymous_64)
FN:546,insertAuditLog
FN:553,(anonymous_66)
FN:558,getAuditLogs
FN:574,(anonymous_68)
FN:577,getAuditLogsCount
FN:589,(anonymous_70)
FN:609,getTrialOfferById
FN:611,(anonymous_72)
FN:616,insertTrialOffer
FN:624,(anonymous_74)
FN:627,respondToTrialOffer
FN:634,(anonymous_76)
FN:648,insertPendingPin
FN:656,(anonymous_78)
FN:662,(anonymous_79)
FN:667,getPendingPins
FN:669,(anonymous_81)
FN:672,deletePendingPin
FN:674,(anonymous_83)
FN:677,deletePendingPinByHash
FN:679,(anonymous_85)
FN:682,isPendingPinByHash
FN:684,(anonymous_87)
FN:687,incrementPendingPinAttempts
FN:689,(anonymous_89)
FN:707,upsertScoutNote
FN:720,(anonymous_91)
FN:729,getScoutNote
FN:735,(anonymous_93)
FN:743,getScoutNotes
FN:746,(anonymous_95)
FN:768,insertApiKey
FN:778,(anonymous_97)
FN:787,listApiKeysByWallet
FN:793,(anonymous_99)
FN:803,revokeApiKeyById
FN:809,(anonymous_101)
FN:819,getApiKeyByHash
FN:821,(anonymous_103)
FN:830,getAllActiveApiKeys
FN:832,(anonymous_105)
FN:838,touchApiKeyLastUsed
FN:841,(anonymous_107)
FN:857,insertBookmark
FN:866,(anonymous_109)
FN:876,deleteBookmark
FN:878,(anonymous_111)
FN:887,getBookmarksByScout
FN:893,(anonymous_113)
FN:912,insertSavedSearch
FN:922,(anonymous_115)
FN:931,getSavedSearchesByScout
FN:937,(anonymous_117)
FN:947,deleteSavedSearch
FN:949,(anonymous_119)
FN:964,getAllFeatureFlags
FN:966,(anonymous_121)
FN:969,getFeatureFlag
FN:971,(anonymous_123)
FN:976,upsertFeatureFlag
FN:990,(anonymous_125)
FNF:125
FNH:44
FNDA:284,slowQueryThresholdMs
FNDA:285,timedQuery
FNDA:109,initDb
FNDA:632,getDb
FNDA:0,closeDb
FNDA:34,getLastLedger
FNDA:34,(anonymous_7)
FNDA:27,setLastLedger
FNDA:27,(anonymous_9)
FNDA:34,getEvents
FNDA:0,(anonymous_11)
FNDA:24,(anonymous_12)
FNDA:6,(anonymous_13)
FNDA:4,(anonymous_14)
FNDA:71,(anonymous_15)
FNDA:6,getEventsCount
FNDA:0,(anonymous_17)
FNDA:6,(anonymous_18)
FNDA:2,insertPlayerProfileHistory
FNDA:1,getPlayerProfileHistory
FNDA:36,upsertPlayer
FNDA:36,(anonymous_22)
FNDA:16,updatePlayerProgress
FNDA:16,(anonymous_24)
FNDA:0,incrementValidatorApproved
FNDA:0,(anonymous_26)
FNDA:0,incrementValidatorRejected
FNDA:0,(anonymous_28)
FNDA:0,getValidatorStats
FNDA:0,(anonymous_30)
FNDA:0,insertPendingMilestone
FNDA:0,(anonymous_32)
FNDA:0,removePendingMilestone
FNDA:0,(anonymous_34)
FNDA:0,getPendingMilestones
FNDA:0,(anonymous_36)
FNDA:0,(anonymous_37)
FNDA:10,getPlayerById
FNDA:10,(anonymous_39)
FNDA:15,buildPlayerWhereClause
FNDA:11,queryPlayers
FNDA:11,(anonymous_42)
FNDA:4,countPlayers
FNDA:4,(anonymous_44)
FNDA:0,getIdempotencyRecord
FNDA:0,(anonymous_46)
FNDA:0,saveIdempotencyRecord
FNDA:0,(anonymous_48)
FNDA:0,purgeExpiredIdempotencyKeys
FNDA:0,(anonymous_50)
FNDA:0,getLatestSubscription
FNDA:0,(anonymous_52)
FNDA:5,insertSubscription
FNDA:5,(anonymous_54)
FNDA:0,dbRenewSubscription
FNDA:0,(anonymous_56)
FNDA:0,dbCancelSubscription
FNDA:0,(anonymous_58)
FNDA:0,insertContactUnlock
FNDA:0,(anonymous_60)
FNDA:0,getContactUnlocksByScout
FNDA:0,(anonymous_62)
FNDA:0,hasContactUnlock
FNDA:0,(anonymous_64)
FNDA:81,insertAuditLog
FNDA:81,(anonymous_66)
FNDA:4,getAuditLogs
FNDA:4,(anonymous_68)
FNDA:4,getAuditLogsCount
FNDA:4,(anonymous_70)
FNDA:0,getTrialOfferById
FNDA:0,(anonymous_72)
FNDA:0,insertTrialOffer
FNDA:0,(anonymous_74)
FNDA:0,respondToTrialOffer
FNDA:0,(anonymous_76)
FNDA:0,insertPendingPin
FNDA:0,(anonymous_78)
FNDA:0,(anonymous_79)
FNDA:0,getPendingPins
FNDA:0,(anonymous_81)
FNDA:0,deletePendingPin
FNDA:0,(anonymous_83)
FNDA:0,deletePendingPinByHash
FNDA:0,(anonymous_85)
FNDA:0,isPendingPinByHash
FNDA:0,(anonymous_87)
FNDA:0,incrementPendingPinAttempts
FNDA:0,(anonymous_89)
FNDA:0,upsertScoutNote
FNDA:0,(anonymous_91)
FNDA:0,getScoutNote
FNDA:0,(anonymous_93)
FNDA:0,getScoutNotes
FNDA:0,(anonymous_95)
FNDA:0,insertApiKey
FNDA:0,(anonymous_97)
FNDA:0,listApiKeysByWallet
FNDA:0,(anonymous_99)
FNDA:0,revokeApiKeyById
FNDA:0,(anonymous_101)
FNDA:0,getApiKeyByHash
FNDA:0,(anonymous_103)
FNDA:0,getAllActiveApiKeys
FNDA:0,(anonymous_105)
FNDA:0,touchApiKeyLastUsed
FNDA:0,(anonymous_107)
FNDA:0,insertBookmark
FNDA:0,(anonymous_109)
FNDA:0,deleteBookmark
FNDA:0,(anonymous_111)
FNDA:0,getBookmarksByScout
FNDA:0,(anonymous_113)
FNDA:1,insertSavedSearch
FNDA:1,(anonymous_115)
FNDA:0,getSavedSearchesByScout
FNDA:0,(anonymous_117)
FNDA:0,deleteSavedSearch
FNDA:0,(anonymous_119)
FNDA:1,getAllFeatureFlags
FNDA:1,(anonymous_121)
FNDA:2,getFeatureFlag
FNDA:2,(anonymous_123)
FNDA:5,upsertFeatureFlag
FNDA:5,(anonymous_125)
DA:1,117
DA:2,117
DA:4,117
DA:5,117
DA:8,284
DA:12,117
DA:13,285
DA:14,285
DA:15,284
DA:16,284
DA:17,2
DA:19,284
DA:24,117
DA:31,117
DA:32,109
DA:33,109
DA:84,109
DA:87,117
DA:88,632
DA:89,627
DA:92,117
DA:93,0
DA:94,0
DA:95,0
DA:101,117
DA:102,34
DA:103,34
DA:104,34
DA:106,34
DA:109,117
DA:110,27
DA:111,27
DA:127,117
DA:131,34
DA:132,34
DA:133,34
DA:137,34
DA:138,0
DA:139,0
DA:140,34
DA:141,24
DA:142,24
DA:143,10
DA:144,6
DA:145,6
DA:147,4
DA:148,4
DA:151,71
DA:160,117
DA:161,6
DA:162,6
DA:165,6
DA:166,0
DA:167,6
DA:168,6
DA:197,117
DA:203,2
DA:211,117
DA:214,1
DA:224,117
DA:232,36
DA:239,36
DA:240,36
DA:244,117
DA:245,16
DA:246,16
DA:255,117
DA:256,0
DA:259,0
DA:262,117
DA:263,0
DA:266,0
DA:269,117
DA:270,0
DA:271,0
DA:272,0
DA:285,117
DA:293,0
DA:296,0
DA:299,117
DA:300,0
DA:301,0
DA:313,117
DA:314,0
DA:316,0
DA:317,0
DA:319,0
DA:320,0
DA:321,0
DA:323,0
DA:324,0
DA:325,0
DA:327,0
DA:328,0
DA:329,0
DA:331,0
DA:332,0
DA:333,0
DA:336,0
DA:339,0
DA:342,0
DA:343,0
DA:346,0
DA:347,0
DA:348,0
DA:349,0
DA:354,0
DA:356,0
DA:359,117
DA:360,10
DA:361,10
DA:362,10
DA:367,15
DA:368,15
DA:370,15
DA:371,9
DA:372,9
DA:374,15
DA:375,0
DA:376,0
DA:378,15
DA:379,2
DA:380,2
DA:383,15
DA:384,15
DA:387,117
DA:388,11
DA:389,11
DA:390,11
DA:391,11
DA:392,11
DA:393,11
DA:397,117
DA:398,4
DA:399,4
DA:400,4
DA:401,4
DA:402,4
DA:416,117
DA:422,117
DA:423,0
DA:424,0
DA:425,0
DA:426,0
DA:436,117
DA:441,0
DA:442,0
DA:447,0
DA:448,0
DA:458,117
DA:459,0
DA:460,0
DA:461,0
DA:462,0
DA:477,117
DA:478,0
DA:479,0
DA:480,0
DA:484,117
DA:490,5
DA:491,5
DA:492,5
DA:493,5
DA:497,117
DA:498,0
DA:499,0
DA:502,117
DA:503,0
DA:504,0
DA:516,117
DA:522,0
DA:523,0
DA:526,117
DA:527,0
DA:528,0
DA:531,117
DA:532,0
DA:533,0
DA:546,117
DA:552,81
DA:553,81
DA:554,81
DA:558,117
DA:565,4
DA:566,4
DA:567,4
DA:568,4
DA:569,4
DA:570,4
DA:571,4
DA:572,4
DA:573,4
DA:574,4
DA:577,117
DA:582,4
DA:583,4
DA:584,4
DA:585,4
DA:586,4
DA:587,4
DA:588,4
DA:589,4
DA:590,4
DA:591,4
DA:609,117
DA:610,0
DA:611,0
DA:612,0
DA:616,117
DA:623,0
DA:624,0
DA:627,117
DA:633,0
DA:634,0
DA:648,117
DA:654,0
DA:655,0
DA:656,0
DA:657,0
DA:658,0
DA:661,0
DA:662,0
DA:663,0
DA:667,117
DA:668,0
DA:669,0
DA:672,117
DA:673,0
DA:674,0
DA:677,117
DA:678,0
DA:679,0
DA:682,117
DA:683,0
DA:684,0
DA:687,117
DA:688,0
DA:689,0
DA:707,117
DA:713,0
DA:720,0
DA:721,0
DA:729,117
DA:734,0
DA:735,0
DA:736,0
DA:743,117
DA:745,0
DA:746,0
DA:747,0
DA:768,117
DA:774,0
DA:778,0
DA:779,0
DA:780,0
DA:787,117
DA:788,0
DA:793,0
DA:794,0
DA:803,117
DA:804,0
DA:805,0
DA:809,0
DA:810,0
DA:811,0
DA:819,117
DA:820,0
DA:821,0
DA:822,0
DA:830,117
DA:831,0
DA:832,0
DA:838,117
DA:839,0
DA:840,0
DA:841,0
DA:857,117
DA:862,0
DA:866,0
DA:867,0
DA:868,0
DA:876,117
DA:877,0
DA:878,0
DA:879,0
DA:880,0
DA:887,117
DA:888,0
DA:893,0
DA:894,0
DA:912,117
DA:918,1
DA:922,1
DA:923,1
DA:924,1
DA:931,117
DA:932,0
DA:937,0
DA:938,0
DA:947,117
DA:948,0
DA:949,0
DA:950,0
DA:951,0
DA:964,117
DA:965,1
DA:966,1
DA:969,117
DA:970,2
DA:971,2
DA:972,2
DA:976,117
DA:982,5
DA:990,5
DA:991,5
LF:315
LH:174
BRDA:8,0,0,284
BRDA:8,0,1,280
BRDA:16,1,0,2
BRDA:88,2,0,5
BRDA:93,3,0,0
BRDA:106,4,0,27
BRDA:106,4,1,7
BRDA:132,5,0,34
BRDA:132,5,1,28
BRDA:133,6,0,34
BRDA:133,6,1,6
BRDA:137,7,0,0
BRDA:137,7,1,34
BRDA:137,8,0,34
BRDA:137,8,1,24
BRDA:140,9,0,24
BRDA:140,9,1,10
BRDA:143,10,0,6
BRDA:143,10,1,4
BRDA:162,11,0,0
BRDA:162,11,1,6
BRDA:165,12,0,0
BRDA:165,12,1,6
BRDA:168,13,0,6
BRDA:168,13,1,0
BRDA:240,14,0,36
BRDA:240,14,1,5
BRDA:240,15,0,36
BRDA:240,15,1,5
BRDA:240,16,0,36
BRDA:240,16,1,34
BRDA:240,17,0,36
BRDA:240,17,1,2
BRDA:272,18,0,0
BRDA:272,18,1,0
BRDA:319,19,0,0
BRDA:323,20,0,0
BRDA:327,21,0,0
BRDA:331,22,0,0
BRDA:336,23,0,0
BRDA:336,23,1,0
BRDA:346,24,0,0
BRDA:346,24,1,0
BRDA:347,25,0,0
BRDA:347,25,1,0
BRDA:362,26,0,10
BRDA:362,26,1,1
BRDA:370,27,0,9
BRDA:374,28,0,0
BRDA:378,29,0,2
BRDA:383,30,0,11
BRDA:383,30,1,4
BRDA:389,31,0,11
BRDA:389,31,1,3
BRDA:390,32,0,11
BRDA:390,32,1,3
BRDA:426,33,0,0
BRDA:426,33,1,0
BRDA:480,34,0,0
BRDA:480,34,1,0
BRDA:554,35,0,80
BRDA:554,35,1,34
BRDA:554,36,0,80
BRDA:554,36,1,0
BRDA:567,37,0,1
BRDA:568,38,0,1
BRDA:569,39,0,0
BRDA:570,40,0,2
BRDA:570,40,1,2
BRDA:571,41,0,4
BRDA:571,41,1,0
BRDA:572,42,0,4
BRDA:572,42,1,0
BRDA:584,43,0,1
BRDA:585,44,0,1
BRDA:586,45,0,0
BRDA:587,46,0,2
BRDA:587,46,1,2
BRDA:612,47,0,0
BRDA:612,47,1,0
BRDA:634,48,0,0
BRDA:634,48,1,0
BRDA:654,49,0,0
BRDA:654,49,1,0
BRDA:736,50,0,0
BRDA:736,50,1,0
BRDA:822,51,0,0
BRDA:822,51,1,0
BRDA:972,52,0,2
BRDA:972,52,1,0
BRF:90
BRH:52
end_of_record
TN:
SF:src\db\migrate.ts
FN:7,runMigrations
FN:17,(anonymous_2)
FN:29,(anonymous_3)
FNF:3
FNH:3
FNDA:250,runMigrations
FNDA:4750,(anonymous_2)
FNDA:2603,(anonymous_3)
DA:1,117
DA:2,117
DA:5,117
DA:7,117
DA:8,250
DA:15,250
DA:17,4750
DA:20,250
DA:21,4750
DA:25,4750
DA:27,2603
DA:29,2603
DA:30,2603
DA:31,2603
LF:14
LH:14
BRDA:25,0,0,2147
BRF:1
BRH:1
end_of_record
TN:
SF:src\frontend\components\scout\ReferralPanel.ts
FN:51,(anonymous_0)
FN:65,(anonymous_1)
FN:76,(anonymous_2)
FN:96,(anonymous_3)
FN:119,(anonymous_4)
FN:132,(anonymous_5)
FNF:6
FNH:6
FNDA:25,(anonymous_0)
FNDA:30,(anonymous_1)
FNDA:10,(anonymous_2)
FNDA:9,(anonymous_3)
FNDA:7,(anonymous_4)
FNDA:2,(anonymous_5)
DA:47,1
DA:52,25
DA:53,25
DA:66,30
DA:77,10
DA:78,10
DA:79,10
DA:80,5
DA:82,5
DA:83,5
DA:97,9
DA:98,8
DA:99,8
DA:100,8
DA:101,6
DA:107,2
DA:108,2
DA:120,7
DA:121,7
DA:122,5
DA:124,2
DA:125,2
DA:133,2
LF:23
LH:23
BRDA:82,0,0,4
BRDA:82,0,1,1
BRDA:97,1,0,1
BRDA:107,2,0,2
BRDA:107,2,1,0
BRDA:124,3,0,2
BRDA:124,3,1,0
BRF:7
BRH:5
end_of_record
TN:
SF:src\frontend\components\scout\ScoutDashboardContent.ts
FN:56,(anonymous_0)
FN:57,(anonymous_1)
FN:75,(anonymous_2)
FN:90,(anonymous_3)
FN:97,(anonymous_4)
FN:104,(anonymous_5)
FN:113,(anonymous_6)
FNF:7
FNH:7
FNDA:20,(anonymous_0)
FNDA:100,(anonymous_1)
FNDA:11,(anonymous_2)
FNDA:4,(anonymous_3)
FNDA:2,(anonymous_4)
FNDA:2,(anonymous_5)
FNDA:7,(anonymous_6)
DA:51,1
DA:57,20
DA:58,100
DA:59,50
DA:61,68
DA:62,11
DA:64,61
DA:65,18
DA:67,52
DA:80,11
DA:81,11
DA:82,11
DA:83,11
DA:84,11
DA:91,4
DA:98,2
DA:105,2
DA:115,7
DA:119,7
DA:120,4
DA:122,3
LF:21
LH:21
BRDA:58,0,0,50
BRDA:58,1,0,100
BRDA:58,1,1,55
BRDA:59,2,0,32
BRDA:61,3,0,11
BRDA:61,4,0,68
BRDA:61,4,1,16
BRDA:62,5,0,7
BRDA:64,6,0,18
BRDA:65,7,0,9
BRDA:81,8,0,11
BRDA:81,8,1,0
BRDA:91,9,0,4
BRDA:91,9,1,3
BRDA:91,9,2,2
BRDA:115,10,0,7
BRDA:115,10,1,2
BRDA:115,10,2,5
BRDA:115,10,3,1
BRDA:115,10,4,4
BRDA:119,11,0,4
BRF:21
BRH:20
end_of_record
TN:
SF:src\frontend\hooks\useRequireSubscription.ts
FN:61,useRequireSubscription
FNF:1
FNH:1
FNDA:21,useRequireSubscription
DA:45,1
DA:46,1
DA:61,1
DA:62,21
DA:65,21
DA:68,18
DA:71,14
DA:72,10
DA:73,10
LF:9
LH:9
BRDA:65,0,0,3
BRDA:68,1,0,4
BRDA:71,2,0,10
BRDA:71,3,0,14
BRDA:71,3,1,8
BRDA:71,3,2,6
BRF:6
BRH:6
end_of_record
TN:
SF:src\middleware\auth.ts
FN:13,jwtSecrets
FN:20,verifyToken
FN:41,requireAuth
FN:107,requireRole
FN:108,(anonymous_5)
FN:199,optionalAuth
FN:222,requireRoles
FN:223,(anonymous_8)
FNF:8
FNH:6
FNDA:429,jwtSecrets
FNDA:429,verifyToken
FNDA:10,requireAuth
FNDA:2751,requireRole
FNDA:467,(anonymous_5)
FNDA:23,optionalAuth
FNDA:0,requireRoles
FNDA:0,(anonymous_8)
DA:2,59
DA:3,59
DA:5,59
DA:6,59
DA:7,59
DA:8,59
DA:14,429
DA:15,429
DA:16,429
DA:21,429
DA:22,429
DA:23,431
DA:24,431
DA:29,8
DA:41,59
DA:43,10
DA:44,10
DA:45,0
DA:48,0
DA:52,0
DA:55,0
DA:56,0
DA:57,0
DA:58,0
DA:59,0
DA:61,0
DA:62,0
DA:63,0
DA:64,0
DA:65,0
DA:67,0
DA:68,0
DA:69,0
DA:74,10
DA:75,10
DA:76,2
DA:77,2
DA:78,2
DA:79,2
DA:81,8
DA:82,8
DA:83,3
DA:84,0
DA:85,0
DA:86,0
DA:88,3
DA:89,3
DA:90,3
DA:92,5
DA:93,5
DA:94,5
DA:107,59
DA:108,2751
DA:110,467
DA:111,467
DA:112,4
DA:115,4
DA:119,4
DA:122,4
DA:123,4
DA:124,2
DA:125,2
DA:126,2
DA:128,2
DA:129,0
DA:136,0
DA:137,0
DA:138,0
DA:140,2
DA:141,2
DA:142,2
DA:143,2
DA:144,2
DA:146,0
DA:147,0
DA:148,0
DA:153,463
DA:154,463
DA:155,55
DA:156,55
DA:157,55
DA:158,55
DA:161,408
DA:162,408
DA:163,408
DA:165,405
DA:166,53
DA:173,53
DA:174,53
DA:175,53
DA:178,352
DA:179,2
DA:180,2
DA:181,2
DA:184,350
DA:185,350
DA:186,350
DA:188,3
DA:189,3
DA:190,3
DA:199,59
DA:200,23
DA:201,23
DA:202,13
DA:203,13
DA:204,13
DA:205,13
DA:210,23
DA:222,59
DA:223,0
DA:224,0
DA:225,0
DA:226,0
DA:227,0
DA:229,0
DA:230,0
DA:231,0
DA:232,0
DA:233,0
DA:235,0
DA:236,0
DA:237,0
DA:239,0
LF:123
LH:83
BRDA:15,0,0,2
BRDA:44,1,0,0
BRDA:44,2,0,10
BRDA:44,2,1,0
BRDA:56,3,0,0
BRDA:75,4,0,2
BRDA:83,5,0,0
BRDA:83,6,0,3
BRDA:83,6,1,0
BRDA:111,7,0,4
BRDA:111,8,0,467
BRDA:111,8,1,4
BRDA:123,9,0,2
BRDA:128,10,0,0
BRDA:154,11,0,55
BRDA:165,12,0,53
BRDA:178,13,0,2
BRDA:178,14,0,352
BRDA:178,14,1,6
BRDA:201,15,0,13
BRDA:225,16,0,0
BRDA:231,17,0,0
BRDA:231,18,0,0
BRDA:231,18,1,0
BRF:24
BRH:14
end_of_record
TN:
SF:src\middleware\correlationId.ts
FN:15,correlationId
FNF:1
FNH:1
FNDA:738,correlationId
DA:2,57
DA:15,57
DA:16,738
DA:17,738
DA:18,738
DA:19,738
LF:6
LH:6
BRDA:16,0,0,738
BRDA:16,0,1,734
BRF:2
BRH:2
end_of_record
TN:
SF:src\middleware\errorHandler.ts
FN:11,errorHandler
FNF:1
FNH:1
FNDA:20,errorHandler
DA:2,57
DA:4,57
DA:5,57
DA:11,57
DA:17,20
DA:19,20
DA:21,20
DA:23,20
DA:24,1
DA:30,1
DA:33,19
DA:34,2
DA:40,2
DA:43,17
DA:44,4
DA:50,4
DA:51,4
DA:54,13
DA:60,13
LF:19
LH:19
BRDA:19,0,0,11
BRDA:19,0,1,9
BRDA:23,1,0,1
BRDA:28,2,0,1
BRDA:28,2,1,1
BRDA:33,3,0,2
BRDA:38,4,0,2
BRDA:38,4,1,2
BRDA:43,5,0,4
BRDA:46,6,0,4
BRDA:46,6,1,0
BRDA:48,7,0,4
BRDA:48,7,1,1
BRDA:58,8,0,13
BRDA:58,8,1,7
BRF:15
BRH:14
end_of_record
TN:
SF:src\middleware\ipAllowlist.ts
FN:8,ipToNumber
FN:9,(anonymous_1)
FN:19,ipInCidr
FN:43,ipAllowlistMiddleware
FN:54,(anonymous_4)
FN:55,(anonymous_5)
FN:65,(anonymous_6)
FNF:7
FNH:7
FNDA:4,ipToNumber
FNDA:16,(anonymous_1)
FNDA:7,ipInCidr
FNDA:179,ipAllowlistMiddleware
FNDA:8,(anonymous_4)
FNDA:8,(anonymous_5)
FNDA:7,(anonymous_6)
DA:2,57
DA:3,57
DA:9,16
DA:20,7
DA:21,2
DA:22,2
DA:23,2
DA:24,2
DA:43,57
DA:44,179
DA:47,179
DA:48,173
DA:49,173
DA:52,6
DA:54,8
DA:55,8
DA:58,6
DA:59,0
DA:60,0
DA:63,6
DA:65,7
DA:67,6
DA:68,3
DA:69,3
DA:70,3
DA:73,3
LF:26
LH:24
BRDA:20,0,0,5
BRDA:23,1,0,0
BRDA:23,1,1,2
BRDA:47,2,0,173
BRDA:47,3,0,179
BRDA:47,3,1,6
BRDA:58,4,0,0
BRDA:67,5,0,3
BRF:8
BRH:6
end_of_record
TN:
SF:src\middleware\methodNotAllowed.ts
FN:3,methodNotAllowed
FN:4,(anonymous_1)
FNF:2
FNH:2
FNDA:2464,methodNotAllowed
FNDA:5,(anonymous_1)
DA:3,56
DA:4,2464
DA:5,5
DA:6,5
LF:4
LH:4
BRF:0
BRH:0
end_of_record
TN:
SF:src\middleware\metrics.ts
FN:17,isMetricsEnabled
FN:26,metricsMiddleware
FN:32,(anonymous_2)
FN:53,getMetrics
FN:58,getErrorMetrics
FN:75,(anonymous_5)
FN:81,observeLatency
FN:90,getLatencyHistogram
FN:99,resetMetrics
FN:100,(anonymous_9)
FN:103,(anonymous_10)
FN:114,escapeLabelValue
FN:129,serializeMetrics
FN:172,createMetricsHandler
FN:172,(anonymous_14)
FN:173,(anonymous_15)
FNF:16
FNH:15
FNDA:759,isMetricsEnabled
FNDA:757,metricsMiddleware
FNDA:756,(anonymous_2)
FNDA:7,getMetrics
FNDA:14,getErrorMetrics
FNDA:580,(anonymous_5)
FNDA:756,observeLatency
FNDA:4,getLatencyHistogram
FNDA:4,resetMetrics
FNDA:7,(anonymous_9)
FNDA:40,(anonymous_10)
FNDA:4,escapeLabelValue
FNDA:4,serializeMetrics
FNDA:60,createMetricsHandler
FNDA:0,(anonymous_14)
FNDA:4,(anonymous_15)
DA:11,58
DA:14,58
DA:17,58
DA:18,759
DA:26,58
DA:27,757
DA:28,1
DA:29,1
DA:31,756
DA:32,756
DA:33,756
DA:34,756
DA:35,756
DA:36,182
DA:38,756
DA:39,756
DA:40,756
DA:42,756
DA:43,756
DA:44,293
DA:45,463
DA:46,19
DA:49,756
DA:53,58
DA:54,7
DA:58,58
DA:59,14
DA:65,58
DA:74,58
DA:75,580
DA:82,756
DA:83,7560
DA:85,756
DA:86,756
DA:90,58
DA:91,4
DA:99,58
DA:100,7
DA:101,4
DA:102,4
DA:103,40
DA:104,4
DA:105,4
DA:111,58
DA:115,4
DA:129,58
DA:130,4
DA:131,4
DA:132,4
DA:133,4
DA:136,4
DA:137,4
DA:138,4
DA:139,4
DA:143,4
DA:144,4
DA:145,4
DA:146,40
DA:148,4
DA:149,4
DA:150,4
DA:153,4
DA:154,4
DA:155,4
DA:156,4
DA:159,4
DA:160,4
DA:161,4
DA:162,4
DA:165,4
DA:172,58
DA:173,60
DA:174,4
DA:175,4
LF:74
LH:74
BRDA:27,0,0,1
BRDA:33,1,0,756
BRDA:33,1,1,16
BRDA:35,2,0,182
BRDA:43,3,0,293
BRDA:43,3,1,463
BRDA:43,4,0,756
BRDA:43,4,1,312
BRDA:45,5,0,19
BRDA:83,6,0,7558
BRDA:129,7,0,0
BRDA:159,8,0,4
BRDA:172,9,0,0
BRF:13
BRH:11
end_of_record
TN:
SF:src\middleware\rateLimit.ts
FN:13,rateLimit
FN:18,(anonymous_2)
FN:49,walletRateLimit
FN:54,(anonymous_4)
FNF:4
FNH:4
FNDA:122,rateLimit
FNDA:236,(anonymous_2)
FNDA:171,walletRateLimit
FNDA:48,(anonymous_4)
DA:2,58
DA:13,58
DA:14,122
DA:15,122
DA:16,122
DA:18,122
DA:19,236
DA:20,0
DA:21,0
DA:23,236
DA:24,236
DA:25,236
DA:27,236
DA:28,32
DA:29,32
DA:30,32
DA:33,204
DA:34,204
DA:35,6
DA:36,6
DA:37,6
DA:38,6
DA:40,198
DA:49,58
DA:50,171
DA:51,171
DA:52,171
DA:54,171
DA:55,48
DA:56,0
DA:57,0
DA:59,48
DA:60,48
DA:61,2
DA:62,2
DA:64,46
DA:65,46
DA:67,46
DA:68,13
DA:69,13
DA:70,13
DA:73,33
DA:74,33
DA:75,1
DA:76,1
DA:78,32
LF:46
LH:42
BRDA:13,0,0,0
BRDA:14,1,0,122
BRDA:14,1,1,0
BRDA:15,2,0,122
BRDA:15,2,1,0
BRDA:19,3,0,0
BRDA:23,4,0,236
BRDA:23,4,1,0
BRDA:27,5,0,32
BRDA:27,6,0,236
BRDA:27,6,1,205
BRDA:34,7,0,6
BRDA:49,8,0,168
BRDA:50,9,0,171
BRDA:50,9,1,168
BRDA:51,10,0,171
BRDA:51,10,1,168
BRDA:55,11,0,0
BRDA:60,12,0,2
BRDA:67,13,0,13
BRDA:67,14,0,46
BRDA:67,14,1,33
BRDA:74,15,0,1
BRF:23
BRH:17
end_of_record
TN:
SF:src\middleware\requestLogger.ts
FN:21,requestLogger
FNF:1
FNH:1
FNDA:767,requestLogger
DA:2,57
DA:3,57
DA:4,57
DA:21,57
DA:22,767
DA:25,767
DA:26,40
DA:27,40
DA:31,727
DA:32,20
DA:33,20
DA:36,707
DA:37,707
DA:38,707
DA:41,707
LF:15
LH:15
BRDA:25,0,0,40
BRDA:31,1,0,20
BRDA:31,2,0,727
BRDA:31,2,1,20
BRDA:39,3,0,699
BRDA:39,3,1,8
BRF:6
BRH:6
end_of_record
TN:
SF:src\middleware\requireFeatureFlag.ts
FN:9,requireFeatureFlag
FN:10,(anonymous_1)
FNF:2
FNH:2
FNDA:168,requireFeatureFlag
FNDA:31,(anonymous_1)
DA:2,56
DA:3,56
DA:9,56
DA:10,168
DA:11,31
DA:12,27
DA:13,27
DA:16,4
LF:8
LH:8
BRDA:11,0,0,27
BRF:1
BRH:1
end_of_record
TN:
SF:src\middleware\requireOwner.ts
FN:7,isOwner
FN:16,requireOwner
FNF:2
FNH:2
FNDA:16,isOwner
FNDA:13,requireOwner
DA:2,57
DA:7,57
DA:8,16
DA:16,57
DA:17,13
DA:18,13
DA:19,13
DA:20,4
DA:21,4
DA:23,9
LF:10
LH:10
BRDA:8,0,0,16
BRDA:8,0,1,14
BRDA:19,1,0,4
BRF:3
BRH:3
end_of_record
TN:
SF:src\middleware\responseTime.ts
FN:7,responseTime
FN:9,(anonymous_1)
FNF:2
FNH:2
FNDA:740,responseTime
FNDA:738,(anonymous_1)
DA:7,57
DA:8,740
DA:9,740
DA:10,738
DA:11,738
DA:12,738
DA:18,740
LF:7
LH:7
BRF:0
BRH:0
end_of_record
TN:
SF:src\middleware\securityHeaders.ts
FN:4,securityHeaders
FNF:1
FNH:1
FNDA:736,securityHeaders
DA:2,56
DA:4,56
DA:5,736
DA:6,736
DA:7,736
DA:8,736
DA:9,736
DA:10,736
LF:8
LH:8
BRF:0
BRH:0
end_of_record
TN:
SF:src\middleware\timeout.ts
FN:4,requestTimeout
FN:6,(anonymous_2)
FN:16,(anonymous_3)
FN:17,(anonymous_4)
FNF:4
FNH:4
FNDA:741,requestTimeout
FNDA:2,(anonymous_2)
FNDA:737,(anonymous_3)
FNDA:736,(anonymous_4)
DA:2,57
DA:4,57
DA:5,741
DA:6,741
DA:7,2
DA:8,1
DA:16,741
DA:17,741
DA:19,741
LF:9
LH:9
BRDA:7,0,0,1
BRF:1
BRH:1
end_of_record
TN:
SF:src\middleware\traceId.ts
FN:13,traceId
FNF:1
FNH:1
FNDA:739,traceId
DA:11,57
DA:13,57
DA:14,739
DA:15,739
DA:16,2
DA:17,2
DA:18,1
DA:21,739
LF:8
LH:8
BRDA:15,0,0,2
BRDA:17,1,0,1
BRF:2
BRH:2
end_of_record
TN:
SF:src\middleware\validate.ts
FN:10,getCorrelationId
FN:22,validateBody
FN:23,(anonymous_2)
FN:53,validateQuery
FN:54,(anonymous_4)
FN:86,validateParams
FN:87,(anonymous_6)
FNF:7
FNH:5
FNDA:31,getCorrelationId
FNDA:394,validateBody
FNDA:64,(anonymous_2)
FNDA:169,validateQuery
FNDA:33,(anonymous_4)
FNDA:0,validateParams
FNDA:0,(anonymous_6)
DA:3,57
DA:4,57
DA:11,31
DA:22,57
DA:23,394
DA:24,64
DA:25,64
DA:26,27
DA:27,27
DA:32,27
DA:38,27
DA:40,37
DA:41,37
DA:53,57
DA:54,169
DA:55,33
DA:56,33
DA:57,4
DA:58,4
DA:63,4
DA:69,4
DA:73,29
DA:74,29
DA:86,57
DA:87,0
DA:88,0
DA:89,0
DA:90,0
DA:91,0
DA:96,0
DA:100,0
DA:102,0
DA:103,0
LF:33
LH:24
BRDA:11,0,0,31
BRDA:11,0,1,29
BRDA:11,0,2,29
BRDA:25,1,0,27
BRDA:28,2,0,27
BRDA:28,2,1,25
BRDA:29,3,0,27
BRDA:29,3,1,0
BRDA:34,4,0,27
BRDA:34,4,1,0
BRDA:56,5,0,4
BRDA:59,6,0,4
BRDA:59,6,1,4
BRDA:60,7,0,4
BRDA:60,7,1,0
BRDA:65,8,0,4
BRDA:65,8,1,0
BRDA:89,9,0,0
BRDA:92,10,0,0
BRDA:92,10,1,0
BRDA:93,11,0,0
BRDA:93,11,1,0
BRDA:98,12,0,0
BRDA:98,12,1,0
BRF:24
BRH:13
end_of_record
TN:
SF:src\routes\admin.ts
FNF:0
FNH:0
DA:1,56
DA:2,56
DA:3,56
DA:4,56
DA:5,56
DA:6,56
DA:7,56
DA:8,56
DA:10,56
DA:13,56
DA:23,56
DA:37,56
DA:52,56
DA:77,56
DA:91,56
DA:104,56
DA:121,56
DA:138,56
DA:161,56
DA:182,56
DA:197,56
DA:213,56
DA:231,56
DA:246,56
DA:250,56
DA:267,56
DA:272,56
LF:27
LH:27
BRF:0
BRH:0
end_of_record
TN:
SF:src\routes\auth.ts
FNF:0
FNH:0
DA:1,56
DA:2,56
DA:3,56
DA:4,56
DA:5,56
DA:7,56
DA:9,56
DA:14,56
DA:18,56
DA:22,56
LF:10
LH:10
BRF:0
BRH:0
end_of_record
TN:
SF:src\routes\player.ts
FN:65,(anonymous_0)
FN:69,(anonymous_1)
FNF:2
FNH:1
FNDA:1,(anonymous_0)
FNDA:0,(anonymous_1)
DA:1,56
DA:8,56
DA:18,56
DA:19,56
DA:21,56
DA:22,56
DA:23,56
DA:24,56
DA:26,56
DA:32,56
DA:36,56
DA:44,56
DA:54,56
DA:62,56
DA:66,1
DA:67,1
DA:69,0
DA:87,56
DA:105,56
DA:113,56
LF:20
LH:19
BRDA:66,0,0,1
BRF:1
BRH:1
end_of_record
TN:
SF:src\routes\scout.ts
FNF:0
FNH:0
DA:1,56
DA:2,56
DA:3,56
DA:4,56
DA:5,56
DA:6,56
DA:7,56
DA:8,56
DA:9,56
DA:10,56
DA:11,56
DA:12,56
DA:13,56
DA:15,56
DA:28,56
DA:72,56
DA:83,56
DA:87,56
DA:94,56
DA:103,56
DA:110,56
DA:126,56
DA:138,56
DA:157,56
DA:168,56
DA:184,56
DA:195,56
DA:211,56
DA:222,56
DA:238,56
DA:250,56
DA:254,56
LF:32
LH:32
BRF:0
BRH:0
end_of_record
TN:
SF:src\routes\validator.ts
FNF:0
FNH:0
DA:1,56
DA:2,56
DA:8,56
DA:9,56
DA:10,56
DA:11,56
DA:13,56
DA:15,56
DA:20,56
DA:24,56
DA:28,56
DA:32,56
LF:12
LH:12
BRDA:16,0,0,56
BRDA:16,0,1,56
BRDA:17,1,0,56
BRDA:17,1,1,56
BRF:4
BRH:4
end_of_record
TN:
SF:src\services\audit.ts
FN:23,logAuditEvent
FNF:1
FNH:1
FNDA:130,logAuditEvent
DA:1,54
DA:2,54
DA:23,54
DA:24,130
DA:25,130
DA:26,130
DA:34,71
LF:7
LH:7
BRDA:27,0,0,130
BRDA:27,0,1,126
BRDA:29,1,0,4
BRDA:29,1,1,126
BRF:4
BRH:4
end_of_record
TN:
SF:src\services\cache.ts
FN:21,cacheGet
FN:31,cacheSet
FN:35,invalidatePlayerCache
FN:46,invalidateMilestoneCache
FNF:4
FNH:4
FNDA:30,cacheGet
FNDA:22,cacheSet
FNDA:16,invalidatePlayerCache
FNDA:5,invalidateMilestoneCache
DA:12,58
DA:19,58
DA:21,58
DA:22,30
DA:23,30
DA:24,9
DA:25,1
DA:26,1
DA:28,8
DA:31,58
DA:32,22
DA:35,58
DA:36,16
DA:37,10
DA:38,5
DA:41,16
DA:42,12
DA:46,58
DA:47,5
DA:48,5
LF:20
LH:20
BRDA:23,0,0,21
BRDA:24,1,0,1
BRDA:31,2,0,20
BRDA:37,3,0,5
BRDA:41,4,0,12
BRF:5
BRH:5
end_of_record
TN:
SF:src\services\featureFlags.ts
FN:18,clearFeatureFlagCache
FN:26,isFeatureEnabled
FN:41,setFeatureFlag
FNF:3
FNH:3
FNDA:18,clearFeatureFlagCache
FNDA:6,isFeatureEnabled
FNDA:5,setFeatureFlag
DA:1,55
DA:4,55
DA:15,55
DA:18,55
DA:19,18
DA:26,55
DA:30,6
DA:31,4
DA:34,2
DA:35,2
DA:36,2
DA:37,2
DA:41,55
DA:46,5
DA:52,5
LF:15
LH:15
BRDA:30,0,0,4
BRDA:48,1,0,2
BRDA:48,1,1,3
BRF:3
BRH:3
end_of_record
TN:
SF:src\services\indexer.ts
FN:20,getLagWarnThreshold
FN:30,camelToSnake
FN:35,normalizePayload
FN:37,(anonymous_4)
FN:60,normalizeEventId
FN:66,onBeforeInsert
FN:70,onAfterInsert
FN:74,indexEvents
FN:98,(anonymous_9)
FN:141,(anonymous_10)
FN:153,(anonymous_11)
FN:177,insertTrialOffer
FN:191,getTrialOffers
FN:211,insertValidator
FN:222,revokeValidatorRow
FN:231,getAllValidators
FN:240,getValidatorByWallet
FNF:17
FNH:17
FNDA:10,getLagWarnThreshold
FNDA:34,camelToSnake
FNDA:23,normalizePayload
FNDA:34,(anonymous_4)
FNDA:22,normalizeEventId
FNDA:19,onBeforeInsert
FNDA:19,onAfterInsert
FNDA:10,indexEvents
FNDA:9,(anonymous_9)
FNDA:65,(anonymous_10)
FNDA:1,(anonymous_11)
FNDA:5,insertTrialOffer
FNDA:4,getTrialOffers
FNDA:79,insertValidator
FNDA:3,revokeValidatorRow
FNDA:4,getAllValidators
FNDA:80,getValidatorByWallet
DA:1,34
DA:2,34
DA:3,34
DA:12,34
DA:13,34
DA:14,34
DA:17,34
DA:21,10
DA:31,34
DA:35,34
DA:36,23
DA:37,34
DA:60,34
DA:61,22
DA:74,34
DA:75,10
DA:76,10
DA:80,10
DA:82,10
DA:87,10
DA:88,10
DA:89,10
DA:90,10
DA:91,1
DA:94,10
DA:96,9
DA:98,9
DA:99,9
DA:100,19
DA:101,19
DA:102,19
DA:104,19
DA:107,19
DA:108,19
DA:109,19
DA:111,19
DA:112,5
DA:120,14
DA:122,0
DA:123,0
DA:124,0
DA:125,0
DA:126,0
DA:127,0
DA:128,0
DA:129,0
DA:131,0
DA:132,14
DA:133,14
DA:134,14
DA:140,14
DA:141,65
DA:143,14
DA:145,14
DA:150,9
DA:152,9
DA:153,14
DA:154,1
DA:158,9
DA:159,9
DA:160,9
DA:177,34
DA:184,5
DA:191,34
DA:192,4
DA:211,34
DA:212,79
DA:222,34
DA:223,3
DA:231,34
DA:232,4
DA:240,34
DA:241,80
LF:73
LH:64
BRDA:21,0,0,10
BRDA:21,0,1,10
BRDA:83,1,0,10
BRDA:83,1,1,2
BRDA:87,2,0,8
BRDA:87,2,1,2
BRDA:90,3,0,1
BRDA:94,4,0,1
BRDA:101,5,0,19
BRDA:101,5,1,0
BRDA:104,6,0,0
BRDA:104,6,1,19
BRDA:111,7,0,5
BRDA:111,7,1,14
BRDA:120,8,0,0
BRDA:120,8,1,14
BRDA:128,9,0,0
BRDA:128,10,0,0
BRDA:128,10,1,0
BRDA:128,10,2,0
BRDA:132,11,0,14
BRDA:134,12,0,14
BRDA:154,13,0,1
BRDA:154,13,1,0
BRDA:215,14,0,79
BRDA:215,14,1,79
BRDA:225,15,0,3
BRDA:225,15,1,3
BRDA:241,16,0,80
BRDA:241,16,1,74
BRF:30
BRH:22
end_of_record
TN:
SF:src\services\ipfs.ts
FN:28,isPinataConfigured
FN:32,assertPinataConfigured
FN:38,pinataHeaders
FN:45,devStubCid
FN:63,canonicalStringify
FN:69,(anonymous_6)
FN:74,hashMetadata
FN:88,clearPinJsonCache
FN:104,pinJson
FN:137,(anonymous_10)
FN:155,(anonymous_11)
FN:178,pinFile
FN:194,gatewayUrl
FN:199,gatewayUrls
FN:200,(anonymous_15)
FN:204,getCid
FN:213,checkHealth
FN:226,retryPendingPins
FNF:18
FNH:10
FNDA:20,isPinataConfigured
FNDA:0,assertPinataConfigured
FNDA:16,pinataHeaders
FNDA:4,devStubCid
FNDA:81,canonicalStringify
FNDA:56,(anonymous_6)
FNDA:25,hashMetadata
FNDA:6,clearPinJsonCache
FNDA:25,pinJson
FNDA:0,(anonymous_10)
FNDA:16,(anonymous_11)
FNDA:0,pinFile
FNDA:0,gatewayUrl
FNDA:1,gatewayUrls
FNDA:0,(anonymous_15)
FNDA:0,getCid
FNDA:0,checkHealth
FNDA:0,retryPendingPins
DA:17,40
DA:18,40
DA:19,40
DA:20,40
DA:21,40
DA:22,40
DA:24,40
DA:25,40
DA:26,40
DA:29,20
DA:33,0
DA:39,16
DA:46,4
DA:47,4
DA:64,81
DA:65,56
DA:67,25
DA:69,56
DA:71,25
DA:75,25
DA:84,40
DA:85,40
DA:88,40
DA:89,6
DA:90,6
DA:104,40
DA:105,25
DA:106,25
DA:107,25
DA:108,25
DA:109,3
DA:110,3
DA:113,22
DA:114,2
DA:115,2
DA:118,20
DA:119,4
DA:120,4
DA:121,4
DA:124,16
DA:125,16
DA:132,16
DA:133,0
DA:134,0
DA:135,0
DA:136,0
DA:137,0
DA:138,0
DA:139,0
DA:140,0
DA:142,0
DA:143,0
DA:145,0
DA:146,0
DA:147,0
DA:148,0
DA:150,0
DA:155,16
DA:156,16
DA:157,16
DA:158,14
DA:160,14
DA:161,14
DA:163,2
DA:164,2
DA:165,2
DA:166,2
DA:168,16
DA:169,16
DA:173,16
DA:174,16
DA:178,40
DA:179,0
DA:180,0
DA:181,0
DA:182,0
DA:184,0
DA:185,0
DA:186,0
DA:190,0
DA:194,40
DA:195,0
DA:199,40
DA:200,1
DA:204,40
DA:205,0
DA:213,40
DA:214,0
DA:215,0
DA:216,0
DA:217,0
DA:219,0
DA:226,40
DA:227,0
DA:228,0
DA:229,0
DA:230,0
DA:231,0
DA:232,0
DA:233,0
DA:234,0
DA:236,0
DA:241,40
LF:103
LH:63
BRDA:29,0,0,20
BRDA:29,0,1,16
BRDA:46,1,0,4
BRDA:46,1,1,0
BRDA:64,2,0,56
BRDA:64,3,0,81
BRDA:64,3,1,81
BRDA:64,3,2,25
BRDA:108,4,0,3
BRDA:108,5,0,25
BRDA:108,5,1,5
BRDA:113,6,0,2
BRDA:118,7,0,4
BRDA:119,8,0,0
BRDA:132,9,0,0
BRDA:139,10,0,0
BRDA:139,11,0,0
BRDA:139,11,1,0
BRDA:142,12,0,0
BRDA:145,13,0,0
BRDA:147,14,0,0
BRDA:147,15,0,0
BRDA:147,15,1,0
BRDA:179,16,0,0
BRDA:180,17,0,0
BRDA:205,18,0,0
BRDA:205,18,1,0
BRDA:214,19,0,0
BRDA:215,20,0,0
BRDA:227,21,0,0
BRF:30
BRH:12
end_of_record
TN:
SF:src\services\sep10.ts
FN:22,getServerKeypair
FN:30,buildChallenge
FN:55,extractAccount
FN:83,verifyAndIssueToken
FN:131,(anonymous_5)
FN:143,(anonymous_6)
FNF:6
FNH:5
FNDA:0,getServerKeypair
FNDA:90,buildChallenge
FNDA:95,extractAccount
FNDA:103,verifyAndIssueToken
FNDA:88,(anonymous_5)
FNDA:168,(anonymous_6)
DA:1,57
DA:2,57
DA:11,57
DA:12,57
DA:14,57
DA:15,57
DA:16,57
DA:22,57
DA:23,0
DA:30,57
DA:31,90
DA:32,90
DA:47,90
DA:48,90
DA:55,57
DA:56,95
DA:58,95
DA:59,95
DA:60,86
DA:62,9
DA:83,57
DA:85,103
DA:87,103
DA:90,94
DA:91,94
DA:92,1
DA:96,93
DA:97,1
DA:100,92
DA:103,92
DA:104,1
DA:108,91
DA:109,91
DA:110,1
DA:114,90
DA:115,1
DA:119,89
DA:120,1
DA:124,88
DA:125,88
DA:126,1
DA:131,87
DA:132,88
DA:133,88
DA:135,0
DA:138,87
DA:142,86
DA:143,86
DA:144,168
DA:145,168
DA:147,0
DA:150,86
DA:153,81
DA:157,81
LF:54
LH:51
BRDA:35,0,0,0
BRDA:35,0,1,90
BRDA:58,1,0,0
BRDA:58,1,1,95
BRDA:60,2,0,86
BRDA:60,2,1,0
BRDA:85,3,0,0
BRDA:85,3,1,103
BRDA:90,4,0,94
BRDA:90,4,1,0
BRDA:91,5,0,1
BRDA:91,6,0,94
BRDA:91,6,1,94
BRDA:96,7,0,1
BRDA:96,8,0,93
BRDA:96,8,1,93
BRDA:103,9,0,1
BRDA:109,10,0,1
BRDA:114,11,0,1
BRDA:119,12,0,1
BRDA:125,13,0,1
BRDA:138,14,0,1
BRDA:150,15,0,5
BRDA:153,16,0,81
BRDA:153,16,1,6
BRF:25
BRH:20
end_of_record
TN:
SF:src\services\stellar.ts
FN:20,networkPassphrase
FN:26,getLatestLedger
FN:39,(anonymous_9)
FN:51,stellarHealth
FN:68,isSubscribed
FN:122,submitContactPayment
FN:150,logTrialOffer
FN:203,(anonymous_14)
FN:218,withdrawFees
FN:245,purchaseSubscription
FN:267,renewSubscription
FN:302,(anonymous_18)
FN:323,cancelSubscriptionOnChain
FN:330,(anonymous_20)
FN:373,(anonymous_21)
FN:399,(anonymous_22)
FN:414,unpauseContractOnChain
FN:415,(anonymous_24)
FN:450,(anonymous_25)
FN:470,updateProfile
FN:496,queryMilestones
FNF:21
FNH:9
FNDA:15,networkPassphrase
FNDA:0,getLatestLedger
FNDA:8,(anonymous_9)
FNDA:0,stellarHealth
FNDA:6,isSubscribed
FNDA:0,submitContactPayment
FNDA:0,logTrialOffer
FNDA:12,(anonymous_14)
FNDA:0,withdrawFees
FNDA:0,purchaseSubscription
FNDA:0,renewSubscription
FNDA:5,(anonymous_18)
FNDA:12,cancelSubscriptionOnChain
FNDA:11,(anonymous_20)
FNDA:2,(anonymous_21)
FNDA:0,(anonymous_22)
FNDA:0,unpauseContractOnChain
FNDA:0,(anonymous_24)
FNDA:0,(anonymous_25)
FNDA:0,updateProfile
FNDA:3,queryMilestones
DA:1,40
DA:12,40
DA:14,40
DA:18,40
DA:20,40
DA:21,15
DA:26,40
DA:27,0
DA:28,0
DA:38,40
DA:41,8
DA:43,8
DA:44,8
DA:51,40
DA:52,0
DA:53,0
DA:54,0
DA:56,0
DA:68,40
DA:71,6
DA:72,1
DA:75,5
DA:76,5
DA:79,5
DA:80,5
DA:82,5
DA:92,5
DA:94,4
DA:95,1
DA:101,3
DA:102,3
DA:103,3
DA:104,1
DA:107,2
DA:108,2
DA:110,2
DA:111,1
DA:122,40
DA:126,0
DA:127,0
DA:130,0
DA:150,40
DA:155,0
DA:156,0
DA:159,0
DA:193,40
DA:199,40
DA:205,12
DA:207,12
DA:208,12
DA:209,12
DA:218,40
DA:219,0
DA:220,0
DA:229,0
DA:245,40
DA:250,0
DA:251,0
DA:254,0
DA:255,0
DA:267,40
DA:273,0
DA:274,0
DA:277,0
DA:278,0
DA:279,0
DA:281,0
DA:301,40
DA:304,5
DA:306,5
DA:307,5
DA:323,40
DA:326,12
DA:327,1
DA:330,22
DA:331,11
DA:333,11
DA:334,10
DA:336,10
DA:346,10
DA:348,10
DA:349,4
DA:351,4
DA:352,2
DA:355,2
DA:356,1
DA:358,1
DA:361,6
DA:362,6
DA:364,6
DA:365,6
DA:366,1
DA:369,5
DA:371,5
DA:372,5
DA:373,2
DA:374,2
DA:377,5
DA:381,3
DA:382,3
DA:383,1
DA:385,2
DA:386,1
DA:388,1
DA:391,2
DA:398,40
DA:401,0
DA:403,0
DA:404,0
DA:414,40
DA:415,0
DA:416,0
DA:418,0
DA:419,0
DA:421,0
DA:429,0
DA:430,0
DA:431,0
DA:432,0
DA:433,0
DA:435,0
DA:438,0
DA:439,0
DA:441,0
DA:442,0
DA:443,0
DA:446,0
DA:448,0
DA:449,0
DA:450,0
DA:451,0
DA:454,0
DA:455,0
DA:458,0
DA:470,40
DA:474,0
DA:475,0
DA:479,0
DA:496,40
DA:497,3
DA:498,1
DA:506,2
LF:142
LH:87
BRDA:21,0,0,0
BRDA:21,0,1,15
BRDA:71,1,0,1
BRDA:94,2,0,1
BRDA:103,3,0,1
BRDA:108,4,0,1
BRDA:108,4,1,1
BRDA:110,5,0,1
BRDA:126,6,0,0
BRDA:126,7,0,0
BRDA:126,7,1,0
BRDA:155,8,0,0
BRDA:155,9,0,0
BRDA:155,9,1,0
BRDA:155,9,2,0
BRDA:219,10,0,0
BRDA:250,11,0,0
BRDA:273,12,0,0
BRDA:278,13,0,0
BRDA:278,13,1,0
BRDA:326,14,0,1
BRDA:348,15,0,4
BRDA:349,16,0,4
BRDA:349,16,1,0
BRDA:351,17,0,2
BRDA:351,18,0,4
BRDA:351,18,1,3
BRDA:355,19,0,1
BRDA:355,20,0,2
BRDA:355,20,1,1
BRDA:365,21,0,1
BRDA:377,22,0,3
BRDA:381,23,0,3
BRDA:381,23,1,0
BRDA:382,24,0,1
BRDA:382,25,0,3
BRDA:382,25,1,2
BRDA:385,26,0,1
BRDA:385,27,0,2
BRDA:385,27,1,1
BRDA:430,28,0,0
BRDA:431,29,0,0
BRDA:431,29,1,0
BRDA:432,30,0,0
BRDA:432,31,0,0
BRDA:432,31,1,0
BRDA:432,31,2,0
BRDA:442,32,0,0
BRDA:454,33,0,0
BRDA:474,34,0,0
BRDA:474,35,0,0
BRDA:474,35,1,0
BRDA:497,36,0,1
BRF:53
BRH:26
end_of_record
TN:
SF:src\services\tierPromotion.ts
FN:39,tierForApprovedMilestones
FNF:1
FNH:1
FNDA:85,tierForApprovedMilestones
DA:27,34
DA:39,34
DA:40,85
DA:41,85
DA:42,138
DA:44,0
LF:6
LH:5
BRDA:42,0,0,85
BRF:1
BRH:1
end_of_record
TN:
SF:src\services\tokenBlocklist.ts
FN:48,revokeToken
FN:56,isTokenRevoked
FN:64,pruneExpiredTokens
FNF:3
FNH:1
FNDA:0,revokeToken
FNDA:0,isTokenRevoked
FNDA:58,pruneExpiredTokens
DA:11,58
DA:12,58
DA:14,58
DA:17,58
DA:28,58
DA:33,58
DA:37,58
DA:48,58
DA:49,0
DA:50,0
DA:56,58
DA:57,0
DA:64,58
DA:65,58
DA:66,58
DA:71,58
LF:16
LH:13
BRF:0
BRH:0
end_of_record
TN:
SF:src\services\webhooks.ts
FN:10,sleep
FN:11,(anonymous_2)
FN:18,postWebhookWithRetry
FN:53,dispatchEventWebhook
FNF:4
FNH:3
FNDA:2,sleep
FNDA:2,(anonymous_2)
FNDA:3,postWebhookWithRetry
FNDA:0,dispatchEventWebhook
DA:1,48
DA:2,48
DA:11,2
DA:18,48
DA:23,3
DA:24,3
DA:25,3
DA:28,3
DA:29,5
DA:30,5
DA:36,2
DA:37,0
DA:39,2
DA:41,3
DA:44,3
DA:45,2
DA:46,2
DA:50,1
DA:53,48
DA:54,0
DA:55,0
DA:57,0
LF:22
LH:18
BRDA:21,0,0,1
BRDA:23,1,0,3
BRDA:23,1,1,1
BRDA:24,2,0,3
BRDA:24,2,1,1
BRDA:25,3,0,3
BRDA:25,3,1,1
BRDA:36,4,0,0
BRDA:44,5,0,2
BRDA:54,6,0,0
BRDA:54,7,0,0
BRDA:54,7,1,0
BRF:12
BRH:8
end_of_record
TN:
SF:src\utils\audit.ts
FN:30,recordAudit
FN:50,queryAudit
FN:51,(anonymous_2)
FNF:3
FNH:3
FNDA:53,recordAudit
FNDA:4,queryAudit
FNDA:12,(anonymous_2)
DA:1,58
DA:21,58
DA:30,58
DA:36,53
DA:43,53
DA:44,53
DA:50,58
DA:51,4
DA:52,12
DA:53,10
DA:54,8
LF:11
LH:11
BRDA:41,0,0,17
BRDA:41,0,1,36
BRDA:52,1,0,2
BRDA:52,2,0,12
BRDA:52,2,1,6
BRDA:53,3,0,2
BRDA:53,4,0,10
BRDA:53,4,1,5
BRF:8
BRH:8
end_of_record
TN:
SF:src\utils\authError.ts
FN:16,sendUnauthorized
FN:30,sendForbidden
FNF:2
FNH:2
FNDA:72,sendUnauthorized
FNDA:75,sendForbidden
DA:2,61
DA:16,61
DA:21,72
DA:22,72
DA:23,72
DA:30,61
DA:35,75
DA:36,75
DA:37,75
LF:9
LH:9
BRDA:22,0,0,1
BRDA:36,1,0,54
BRF:2
BRH:2
end_of_record
TN:
SF:src\utils\cidValidator.ts
FN:22,isValidCid
FNF:1
FNH:1
FNDA:9,isValidCid
DA:8,58
DA:12,58
DA:15,58
DA:22,58
DA:23,9
DA:24,8
LF:6
LH:6
BRDA:23,0,0,1
BRDA:24,1,0,8
BRDA:24,1,1,6
BRF:3
BRH:3
end_of_record
TN:
SF:src\utils\contract.ts
FN:17,(anonymous_1)
FN:24,(anonymous_2)
FN:31,(anonymous_3)
FN:54,invokeContract
FN:110,(anonymous_5)
FN:128,(anonymous_6)
FN:131,(anonymous_7)
FN:134,(anonymous_8)
FNF:8
FNH:6
FNDA:3,(anonymous_1)
FNDA:1,(anonymous_2)
FNDA:3,(anonymous_3)
FNDA:8,invokeContract
FNDA:1,(anonymous_5)
FNDA:1,(anonymous_6)
FNDA:0,(anonymous_7)
FNDA:0,(anonymous_8)
DA:1,58
DA:11,58
DA:12,58
DA:16,58
DA:18,3
DA:19,3
DA:23,58
DA:25,1
DA:26,1
DA:30,58
DA:32,3
DA:33,3
DA:54,58
DA:59,8
DA:62,8
DA:63,8
DA:65,2
DA:68,6
DA:69,6
DA:79,6
DA:80,6
DA:82,1
DA:84,5
DA:85,1
DA:88,4
DA:89,4
DA:93,4
DA:94,4
DA:96,0
DA:98,4
DA:99,1
DA:103,3
DA:104,3
DA:106,3
DA:107,2
DA:108,1
DA:110,1
DA:111,1
DA:114,2
DA:115,1
DA:118,1
DA:119,1
DA:128,58
DA:131,58
DA:134,58
LF:45
LH:44
BRDA:57,0,0,7
BRDA:84,1,0,1
BRDA:98,2,0,1
BRDA:107,3,0,1
BRDA:114,4,0,1
BRDA:121,5,0,1
BRDA:121,5,1,0
BRF:7
BRH:6
end_of_record
TN:
SF:src\utils\errorCodes.ts
FNF:0
FNH:0
DA:11,66
LF:1
LH:1
BRF:0
BRH:0
end_of_record
TN:
SF:src\utils\ipExtractor.ts
FN:14,extractClientIp
FN:19,(anonymous_1)
FNF:2
FNH:2
FNDA:736,extractClientIp
FNDA:7,(anonymous_1)
DA:8,59
DA:14,59
DA:15,736
DA:16,736
DA:17,4
DA:19,7
DA:21,4
DA:22,4
DA:24,732
LF:9
LH:9
BRDA:8,0,0,59
BRDA:8,0,1,59
BRDA:16,1,0,4
BRDA:17,2,0,0
BRDA:17,2,1,4
BRDA:22,3,0,4
BRDA:24,4,0,732
BRDA:24,4,1,1
BRF:8
BRH:7
end_of_record
TN:
SF:src\utils\ipfsSerializer.ts
FN:23,serializeIpfsResult
FNF:1
FNH:1
FNDA:13,serializeIpfsResult
DA:1,58
DA:23,58
DA:28,13
LF:3
LH:3
BRDA:25,0,0,2
BRDA:26,1,0,12
BRF:2
BRH:2
end_of_record
TN:
SF:src\utils\logger.ts
FN:5,shouldLog
FN:10,(anonymous_2)
FN:11,(anonymous_3)
FN:12,(anonymous_4)
FN:13,(anonymous_5)
FN:14,(anonymous_6)
FNF:6
FNH:5
FNDA:1250,shouldLog
FNDA:2,(anonymous_2)
FNDA:974,(anonymous_3)
FNDA:265,(anonymous_4)
FNDA:9,(anonymous_5)
FNDA:0,(anonymous_6)
DA:1,117
DA:3,117
DA:6,1250
DA:9,117
DA:10,2
DA:11,974
DA:12,265
DA:13,9
DA:14,0
LF:9
LH:8
BRDA:6,0,0,1250
BRDA:6,0,1,0
BRDA:10,1,0,2
BRDA:10,1,1,1
BRDA:11,2,0,974
BRDA:11,2,1,0
BRDA:12,3,0,265
BRDA:12,3,1,265
BRDA:13,4,0,9
BRDA:13,4,1,9
BRF:10
BRH:8
end_of_record
TN:
SF:src\utils\minTierValidator.ts
FN:16,validateMinTier
FNF:1
FNH:1
FNDA:39,validateMinTier
DA:3,58
DA:4,58
DA:16,58
DA:17,39
DA:19,39
DA:20,24
DA:23,15
DA:24,0
DA:30,15
DA:31,4
DA:37,11
DA:39,11
DA:40,1
DA:46,10
DA:47,2
DA:53,8
LF:16
LH:15
BRDA:17,0,0,10
BRDA:17,0,1,29
BRDA:19,1,0,24
BRDA:19,2,0,39
BRDA:19,2,1,18
BRDA:19,2,2,17
BRDA:23,3,0,0
BRDA:30,4,0,4
BRDA:30,5,0,15
BRDA:30,5,1,8
BRDA:39,6,0,1
BRDA:39,7,0,11
BRDA:39,7,1,10
BRDA:46,8,0,2
BRF:14
BRH:13
end_of_record
TN:
SF:src\utils\playerIdValidator.ts
FN:15,isValidPlayerId
FNF:1
FNH:1
FNDA:11,isValidPlayerId
DA:1,58
DA:3,58
DA:5,58
DA:15,58
DA:16,11
DA:17,9
LF:6
LH:6
BRDA:16,0,0,2
BRF:1
BRH:1
end_of_record
TN:
SF:src\utils\positionAliases.ts
FN:47,normalizePosition
FN:61,normalizePositionOrFallback
FNF:2
FNH:2
FNDA:8,normalizePosition
FNDA:2,normalizePositionOrFallback
DA:17,58
DA:47,58
DA:51,8
DA:52,8
DA:53,8
DA:61,58
DA:65,2
DA:66,2
LF:8
LH:8
BRDA:49,0,0,5
BRDA:51,1,0,0
BRDA:63,2,0,2
BRDA:66,3,0,2
BRDA:66,3,1,2
BRF:5
BRH:4
end_of_record
TN:
SF:src\utils\response.ts
FN:2,ok
FN:7,paginated
FN:12,fail
FN:17,toIso
FN:25,normalizeTimestamps
FNF:5
FNH:5
FNDA:5,ok
FNDA:3,paginated
FNDA:2,fail
FNDA:7,toIso
FNDA:6,normalizeTimestamps
DA:2,1
DA:3,5
DA:7,1
DA:8,3
DA:12,1
DA:13,2
DA:17,1
DA:18,7
DA:25,1
DA:29,6
DA:30,6
DA:31,6
DA:32,4
DA:35,6
LF:14
LH:14
BRDA:31,0,0,4
BRF:1
BRH:1
end_of_record
TN:
SF:src\utils\sanitizer.ts
FN:1,sanitizeInput
FN:10,(anonymous_1)
FNF:2
FNH:2
FNDA:133,sanitizeInput
FNDA:14160,(anonymous_1)
DA:1,58
DA:2,133
DA:5,127
DA:8,127
DA:10,14160
DA:14,127
DA:15,7
DA:17,1
DA:18,6
DA:20,1
DA:21,5
DA:23,1
DA:24,4
DA:26,3
DA:29,1
DA:32,7
DA:35,127
LF:17
LH:17
BRDA:2,0,0,6
BRDA:10,1,0,14160
BRDA:10,1,1,13114
BRDA:14,2,0,7
BRDA:14,3,0,127
BRDA:14,3,1,121
BRDA:15,4,0,1
BRDA:15,4,1,6
BRDA:18,5,0,1
BRDA:18,5,1,5
BRDA:21,6,0,1
BRDA:21,6,1,4
BRDA:24,7,0,3
BRDA:24,7,1,1
BRDA:24,8,0,4
BRDA:24,8,1,2
BRF:16
BRH:16
end_of_record
TN:
SF:src\utils\searchEnrichment.ts
FN:32,enrichPlayerResult
FNF:1
FNH:1
FNDA:56,enrichPlayerResult
DA:4,58
DA:12,58
DA:32,58
DA:35,56
DA:36,56
LF:5
LH:5
BRDA:37,0,0,56
BRDA:37,0,1,1
BRDA:38,1,0,56
BRDA:38,1,1,1
BRF:4
BRH:4
end_of_record
TN:
SF:src\utils\signer.ts
FN:4,(anonymous_1)
FN:13,getPlatformKeypair
FNF:2
FNH:2
FNDA:3,(anonymous_1)
FNDA:3,getPlatformKeypair
DA:1,3
DA:2,3
DA:4,3
DA:5,3
DA:6,3
DA:7,3
DA:9,1
DA:13,2
DA:14,3
LF:9
LH:9
BRF:0
BRH:0
end_of_record
TN:
SF:src\utils\stellarAddress.ts
FN:7,isValidStellarAddress
FNF:1
FNH:1
FNDA:201,isValidStellarAddress
DA:1,58
DA:7,58
DA:8,201
DA:9,199
DA:10,199
DA:11,182
DA:13,17
LF:7
LH:7
BRDA:8,0,0,2
BRF:1
BRH:1
end_of_record
TN:
SF:src\utils\subscription.ts
FN:23,getActiveSubscription
FN:37,(anonymous_1)
FNF:2
FNH:2
FNDA:9,getActiveSubscription
FNDA:6,(anonymous_1)
DA:1,1
DA:2,1
DA:23,1
DA:25,9
DA:26,9
DA:27,3
DA:37,6
DA:38,6
DA:39,6
DA:40,2
DA:43,4
DA:44,4
DA:45,4
DA:46,4
DA:48,4
LF:15
LH:15
BRDA:26,0,0,3
BRDA:32,1,0,2
BRDA:32,1,1,1
BRDA:39,2,0,2
BRDA:46,3,0,4
BRDA:46,3,1,2
BRDA:48,4,0,3
BRDA:48,4,1,1
BRF:8
BRH:8
end_of_record
TN:
SF:src\utils\tier.ts
FN:28,getTierMeta
FNF:1
FNH:1
FNDA:13,getTierMeta
DA:4,58
DA:23,58
DA:28,58
DA:29,13
LF:4
LH:4
BRDA:29,0,0,13
BRDA:29,0,1,0
BRF:2
BRH:1
end_of_record
TN:
SF:src\utils\validators.ts
FNF:0
FNH:0
DA:18,1
LF:1
LH:1
BRF:0
BRH:0
end_of_record
TN:
SF:src\utils\xdrParser.ts
FN:4,parseBoolean
FN:11,parseU128
FN:19,parseMilestones
FN:24,(anonymous_3)
FN:29,(anonymous_4)
FN:46,parseSubscription
FN:51,(anonymous_6)
FNF:7
FNH:5
FNDA:3,parseBoolean
FNDA:2,parseU128
FNDA:2,parseMilestones
FNDA:0,(anonymous_3)
FNDA:0,(anonymous_4)
FNDA:2,parseSubscription
FNDA:2,(anonymous_6)
DA:1,1
DA:4,1
DA:5,3
DA:6,1
DA:8,2
DA:11,1
DA:12,2
DA:13,2
DA:14,1
DA:16,1
DA:19,1
DA:20,2
DA:21,1
DA:23,1
DA:24,1
DA:25,0
DA:26,0
DA:28,0
DA:29,0
DA:34,0
DA:46,1
DA:47,2
DA:48,1
DA:50,1
DA:51,2
DA:56,1
LF:26
LH:21
BRDA:5,0,0,1
BRDA:13,1,0,1
BRDA:13,2,0,2
BRDA:13,2,1,1
BRDA:20,3,0,1
BRDA:23,4,0,1
BRDA:23,4,1,0
BRDA:25,5,0,0
BRDA:29,6,0,0
BRDA:29,6,1,0
BRDA:35,7,0,0
BRDA:35,7,1,0
BRDA:36,8,0,0
BRDA:36,8,1,0
BRDA:37,9,0,0
BRDA:37,9,1,0
BRDA:38,10,0,0
BRDA:38,10,1,0
BRDA:40,11,0,0
BRDA:40,11,1,0
BRDA:41,12,0,0
BRDA:41,12,1,0
BRDA:47,13,0,1
BRDA:51,14,0,1
BRDA:51,14,1,0
BRDA:58,15,0,1
BRDA:58,15,1,0
BRF:27
BRH:9
end_of_record
