TN:
SF:src/config.ts
FN:4,required
FN:61,(anonymous_2)
FN:69,(anonymous_3)
FN:80,(anonymous_4)
FN:80,(anonymous_5)
FN:108,(anonymous_6)
FN:125,(anonymous_7)
FN:138,isProduction
FN:139,isStaging
FN:140,isDevelopment
FNF:10
FNH:6
FNDA:2,required
FNDA:1,(anonymous_2)
FNDA:1,(anonymous_3)
FNDA:1,(anonymous_4)
FNDA:1,(anonymous_5)
FNDA:0,(anonymous_6)
FNDA:5,(anonymous_7)
FNDA:0,isProduction
FNDA:0,isStaging
FNDA:0,isDevelopment
DA:1,1
DA:2,1
DA:5,2
DA:6,2
DA:7,0
DA:9,2
DA:15,1
DA:17,1
DA:18,1
DA:19,0
DA:21,1
DA:26,1
DA:27,1
DA:28,0
DA:29,0
DA:31,0
DA:33,0
DA:37,1
DA:44,1
DA:61,1
DA:70,1
DA:71,1
DA:72,1
DA:73,0
DA:75,1
DA:80,1
DA:108,0
DA:125,5
DA:136,1
DA:138,1
DA:139,1
DA:140,1
DA:143,1
DA:144,1
LF:34
LH:26
BRDA:6,0,0,0
BRDA:17,1,0,1
BRDA:17,1,1,0
BRDA:18,2,0,0
BRDA:26,3,0,1
BRDA:26,3,1,0
BRDA:27,4,0,0
BRDA:28,5,0,0
BRDA:31,6,0,0
BRDA:46,7,0,1
BRDA:46,7,1,0
BRDA:47,8,0,1
BRDA:47,8,1,1
BRDA:49,9,0,1
BRDA:49,9,1,1
BRDA:51,10,0,1
BRDA:51,10,1,1
BRDA:53,11,0,1
BRDA:53,11,1,1
BRDA:56,12,0,1
BRDA:56,12,1,1
BRDA:58,13,0,1
BRDA:58,13,1,1
BRDA:59,14,0,1
BRDA:59,14,1,1
BRDA:60,15,0,1
BRDA:60,15,1,1
BRDA:61,16,0,1
BRDA:61,16,1,0
BRDA:61,17,0,1
BRDA:61,17,1,1
BRDA:67,18,0,1
BRDA:67,18,1,1
BRDA:68,19,0,1
BRDA:68,19,1,1
BRDA:70,20,0,1
BRDA:70,20,1,0
BRDA:71,21,0,1
BRDA:71,21,1,1
BRDA:72,22,0,0
BRDA:72,23,0,1
BRDA:72,23,1,1
BRDA:77,24,0,1
BRDA:77,24,1,0
BRDA:79,25,0,1
BRDA:79,25,1,0
BRDA:80,26,0,1
BRDA:80,26,1,1
BRDA:80,26,2,0
BRDA:81,27,0,1
BRDA:81,27,1,1
BRDA:83,28,0,1
BRDA:83,28,1,1
BRDA:84,29,0,1
BRDA:84,29,1,1
BRDA:85,30,0,1
BRDA:85,30,1,1
BRDA:86,31,0,1
BRDA:86,31,1,1
BRDA:88,32,0,1
BRDA:88,32,1,1
BRDA:92,33,0,1
BRDA:92,33,1,1
BRDA:96,34,0,1
BRDA:96,34,1,1
BRDA:97,35,0,1
BRDA:97,35,1,1
BRDA:97,36,0,1
BRDA:97,36,1,0
BRDA:100,37,0,1
BRDA:100,37,1,1
BRDA:101,38,0,1
BRDA:101,38,1,1
BRDA:101,39,0,1
BRDA:101,39,1,0
BRDA:105,40,0,1
BRDA:105,40,1,1
BRDA:107,41,0,0
BRDA:107,41,1,1
BRDA:110,42,0,1
BRDA:110,42,1,1
BRDA:111,43,0,1
BRDA:111,43,1,1
BRDA:112,44,0,1
BRDA:112,44,1,1
BRDA:113,45,0,0
BRDA:113,45,1,1
BRDA:118,46,0,1
BRDA:118,46,1,1
BRDA:122,47,0,1
BRDA:122,47,1,1
BRDA:124,48,0,1
BRDA:124,48,1,1
BRDA:126,49,0,1
BRDA:126,49,1,1
BRDA:129,50,0,1
BRDA:129,50,1,1
BRDA:132,51,0,1
BRDA:132,51,1,1
BRDA:143,52,0,1
BRDA:143,52,1,1
BRDA:144,53,0,1
BRDA:144,53,1,1
BRF:103
BRH:85
end_of_record
TN:
SF:src/db/index.ts
FN:7,slowQueryThresholdMs
FN:12,timedQuery
FN:31,initDb
FN:87,getDb
FN:94,getLastLedger
FN:96,(anonymous_6)
FN:102,setLastLedger
FN:104,(anonymous_8)
FN:120,getEvents
FN:132,(anonymous_10)
FN:135,(anonymous_11)
FN:138,(anonymous_12)
FN:141,(anonymous_13)
FN:144,(anonymous_14)
FN:153,getEventsCount
FN:159,(anonymous_16)
FN:160,(anonymous_17)
FN:190,insertPlayerProfileHistory
FN:204,getPlayerProfileHistory
FN:217,upsertPlayer
FN:232,(anonymous_21)
FN:237,updatePlayerProgress
FN:239,(anonymous_23)
FN:248,incrementValidatorApproved
FN:252,(anonymous_25)
FN:255,incrementValidatorRejected
FN:259,(anonymous_27)
FN:262,getValidatorStats
FN:264,(anonymous_29)
FN:278,insertPendingMilestone
FN:289,(anonymous_31)
FN:292,removePendingMilestone
FN:294,(anonymous_33)
FN:306,getPendingMilestones
FN:335,(anonymous_35)
FN:347,(anonymous_36)
FN:352,getPlayerById
FN:354,(anonymous_38)
FN:359,buildPlayerWhereClause
FN:380,queryPlayers
FN:385,(anonymous_41)
FN:390,countPlayers
FN:393,(anonymous_43)
FN:415,getIdempotencyRecord
FN:418,(anonymous_45)
FN:429,saveIdempotencyRecord
FN:440,(anonymous_47)
FN:451,purgeExpiredIdempotencyKeys
FN:453,(anonymous_49)
FN:470,getLatestSubscription
FN:472,(anonymous_51)
FN:477,insertSubscription
FN:484,(anonymous_53)
FN:490,dbRenewSubscription
FN:492,(anonymous_55)
FN:495,dbCancelSubscription
FN:497,(anonymous_57)
FN:509,insertContactUnlock
FN:516,(anonymous_59)
FN:519,getContactUnlocksByScout
FN:521,(anonymous_61)
FN:524,hasContactUnlock
FN:526,(anonymous_63)
FN:539,insertAuditLog
FN:546,(anonymous_65)
FN:551,getAuditLogs
FN:567,(anonymous_67)
FN:570,getAuditLogsCount
FN:582,(anonymous_69)
FN:602,getTrialOfferById
FN:604,(anonymous_71)
FN:609,insertTrialOffer
FN:617,(anonymous_73)
FN:620,respondToTrialOffer
FN:627,(anonymous_75)
FN:640,insertPendingPin
FN:646,(anonymous_77)
FN:649,getPendingPins
FN:651,(anonymous_79)
FN:654,deletePendingPin
FN:656,(anonymous_81)
FN:659,incrementPendingPinAttempts
FN:661,(anonymous_83)
FNF:83
FNH:2
FNDA:0,slowQueryThresholdMs
FNDA:0,timedQuery
FNDA:1,initDb
FNDA:1,getDb
FNDA:0,getLastLedger
FNDA:0,(anonymous_6)
FNDA:0,setLastLedger
FNDA:0,(anonymous_8)
FNDA:0,getEvents
FNDA:0,(anonymous_10)
FNDA:0,(anonymous_11)
FNDA:0,(anonymous_12)
FNDA:0,(anonymous_13)
FNDA:0,(anonymous_14)
FNDA:0,getEventsCount
FNDA:0,(anonymous_16)
FNDA:0,(anonymous_17)
FNDA:0,insertPlayerProfileHistory
FNDA:0,getPlayerProfileHistory
FNDA:0,upsertPlayer
FNDA:0,(anonymous_21)
FNDA:0,updatePlayerProgress
FNDA:0,(anonymous_23)
FNDA:0,incrementValidatorApproved
FNDA:0,(anonymous_25)
FNDA:0,incrementValidatorRejected
FNDA:0,(anonymous_27)
FNDA:0,getValidatorStats
FNDA:0,(anonymous_29)
FNDA:0,insertPendingMilestone
FNDA:0,(anonymous_31)
FNDA:0,removePendingMilestone
FNDA:0,(anonymous_33)
FNDA:0,getPendingMilestones
FNDA:0,(anonymous_35)
FNDA:0,(anonymous_36)
FNDA:0,getPlayerById
FNDA:0,(anonymous_38)
FNDA:0,buildPlayerWhereClause
FNDA:0,queryPlayers
FNDA:0,(anonymous_41)
FNDA:0,countPlayers
FNDA:0,(anonymous_43)
FNDA:0,getIdempotencyRecord
FNDA:0,(anonymous_45)
FNDA:0,saveIdempotencyRecord
FNDA:0,(anonymous_47)
FNDA:0,purgeExpiredIdempotencyKeys
FNDA:0,(anonymous_49)
FNDA:0,getLatestSubscription
FNDA:0,(anonymous_51)
FNDA:0,insertSubscription
FNDA:0,(anonymous_53)
FNDA:0,dbRenewSubscription
FNDA:0,(anonymous_55)
FNDA:0,dbCancelSubscription
FNDA:0,(anonymous_57)
FNDA:0,insertContactUnlock
FNDA:0,(anonymous_59)
FNDA:0,getContactUnlocksByScout
FNDA:0,(anonymous_61)
FNDA:0,hasContactUnlock
FNDA:0,(anonymous_63)
FNDA:0,insertAuditLog
FNDA:0,(anonymous_65)
FNDA:0,getAuditLogs
FNDA:0,(anonymous_67)
FNDA:0,getAuditLogsCount
FNDA:0,(anonymous_69)
FNDA:0,getTrialOfferById
FNDA:0,(anonymous_71)
FNDA:0,insertTrialOffer
FNDA:0,(anonymous_73)
FNDA:0,respondToTrialOffer
FNDA:0,(anonymous_75)
FNDA:0,insertPendingPin
FNDA:0,(anonymous_77)
FNDA:0,getPendingPins
FNDA:0,(anonymous_79)
FNDA:0,deletePendingPin
FNDA:0,(anonymous_81)
FNDA:0,incrementPendingPinAttempts
FNDA:0,(anonymous_83)
DA:1,1
DA:2,1
DA:4,1
DA:5,1
DA:8,0
DA:12,1
DA:13,0
DA:14,0
DA:15,0
DA:16,0
DA:17,0
DA:19,0
DA:24,1
DA:31,1
DA:32,1
DA:33,1
DA:84,1
DA:87,1
DA:88,1
DA:89,1
DA:94,1
DA:95,0
DA:96,0
DA:97,0
DA:99,0
DA:102,1
DA:103,0
DA:104,0
DA:120,1
DA:124,0
DA:125,0
DA:126,0
DA:130,0
DA:131,0
DA:132,0
DA:133,0
DA:134,0
DA:135,0
DA:136,0
DA:137,0
DA:138,0
DA:140,0
DA:141,0
DA:144,0
DA:153,1
DA:154,0
DA:155,0
DA:158,0
DA:159,0
DA:160,0
DA:161,0
DA:190,1
DA:196,0
DA:204,1
DA:207,0
DA:217,1
DA:225,0
DA:232,0
DA:233,0
DA:237,1
DA:238,0
DA:239,0
DA:248,1
DA:249,0
DA:252,0
DA:255,1
DA:256,0
DA:259,0
DA:262,1
DA:263,0
DA:264,0
DA:265,0
DA:278,1
DA:286,0
DA:289,0
DA:292,1
DA:293,0
DA:294,0
DA:306,1
DA:307,0
DA:309,0
DA:310,0
DA:312,0
DA:313,0
DA:314,0
DA:316,0
DA:317,0
DA:318,0
DA:320,0
DA:321,0
DA:322,0
DA:324,0
DA:325,0
DA:326,0
DA:329,0
DA:332,0
DA:335,0
DA:336,0
DA:339,0
DA:340,0
DA:341,0
DA:342,0
DA:347,0
DA:349,0
DA:352,1
DA:353,0
DA:354,0
DA:355,0
DA:360,0
DA:361,0
DA:363,0
DA:364,0
DA:365,0
DA:367,0
DA:368,0
DA:369,0
DA:371,0
DA:372,0
DA:373,0
DA:376,0
DA:377,0
DA:380,1
DA:381,0
DA:382,0
DA:383,0
DA:384,0
DA:385,0
DA:386,0
DA:390,1
DA:391,0
DA:392,0
DA:393,0
DA:394,0
DA:395,0
DA:409,1
DA:415,1
DA:416,0
DA:417,0
DA:418,0
DA:419,0
DA:429,1
DA:434,0
DA:435,0
DA:440,0
DA:441,0
DA:451,1
DA:452,0
DA:453,0
DA:454,0
DA:455,0
DA:470,1
DA:471,0
DA:472,0
DA:473,0
DA:477,1
DA:483,0
DA:484,0
DA:485,0
DA:486,0
DA:490,1
DA:491,0
DA:492,0
DA:495,1
DA:496,0
DA:497,0
DA:509,1
DA:515,0
DA:516,0
DA:519,1
DA:520,0
DA:521,0
DA:524,1
DA:525,0
DA:526,0
DA:539,1
DA:545,0
DA:546,0
DA:547,0
DA:551,1
DA:558,0
DA:559,0
DA:560,0
DA:561,0
DA:562,0
DA:563,0
DA:564,0
DA:565,0
DA:566,0
DA:567,0
DA:570,1
DA:575,0
DA:576,0
DA:577,0
DA:578,0
DA:579,0
DA:580,0
DA:581,0
DA:582,0
DA:583,0
DA:584,0
DA:602,1
DA:603,0
DA:604,0
DA:605,0
DA:609,1
DA:616,0
DA:617,0
DA:620,1
DA:626,0
DA:627,0
DA:640,1
DA:645,0
DA:646,0
DA:649,1
DA:650,0
DA:651,0
DA:654,1
DA:655,0
DA:656,0
DA:659,1
DA:660,0
DA:661,0
LF:222
LH:51
BRDA:8,0,0,0
BRDA:8,0,1,0
BRDA:16,1,0,0
BRDA:88,2,0,0
BRDA:99,3,0,0
BRDA:99,3,1,0
BRDA:125,4,0,0
BRDA:125,4,1,0
BRDA:126,5,0,0
BRDA:126,5,1,0
BRDA:130,6,0,0
BRDA:130,6,1,0
BRDA:130,7,0,0
BRDA:130,7,1,0
BRDA:133,8,0,0
BRDA:133,8,1,0
BRDA:136,9,0,0
BRDA:136,9,1,0
BRDA:155,10,0,0
BRDA:155,10,1,0
BRDA:158,11,0,0
BRDA:158,11,1,0
BRDA:161,12,0,0
BRDA:161,12,1,0
BRDA:233,13,0,0
BRDA:233,13,1,0
BRDA:233,14,0,0
BRDA:233,14,1,0
BRDA:233,15,0,0
BRDA:233,15,1,0
BRDA:233,16,0,0
BRDA:233,16,1,0
BRDA:265,17,0,0
BRDA:265,17,1,0
BRDA:312,18,0,0
BRDA:316,19,0,0
BRDA:320,20,0,0
BRDA:324,21,0,0
BRDA:329,22,0,0
BRDA:329,22,1,0
BRDA:339,23,0,0
BRDA:339,23,1,0
BRDA:340,24,0,0
BRDA:340,24,1,0
BRDA:355,25,0,0
BRDA:355,25,1,0
BRDA:363,26,0,0
BRDA:367,27,0,0
BRDA:371,28,0,0
BRDA:376,29,0,0
BRDA:376,29,1,0
BRDA:382,30,0,0
BRDA:382,30,1,0
BRDA:383,31,0,0
BRDA:383,31,1,0
BRDA:419,32,0,0
BRDA:419,32,1,0
BRDA:473,33,0,0
BRDA:473,33,1,0
BRDA:547,34,0,0
BRDA:547,34,1,0
BRDA:547,35,0,0
BRDA:547,35,1,0
BRDA:560,36,0,0
BRDA:561,37,0,0
BRDA:562,38,0,0
BRDA:563,39,0,0
BRDA:563,39,1,0
BRDA:564,40,0,0
BRDA:564,40,1,0
BRDA:565,41,0,0
BRDA:565,41,1,0
BRDA:577,42,0,0
BRDA:578,43,0,0
BRDA:579,44,0,0
BRDA:580,45,0,0
BRDA:580,45,1,0
BRDA:605,46,0,0
BRDA:605,46,1,0
BRDA:627,47,0,0
BRDA:627,47,1,0
BRF:81
BRH:0
end_of_record
TN:
SF:src/db/migrate.ts
FN:7,runMigrations
FN:17,(anonymous_2)
FN:29,(anonymous_3)
FNF:3
FNH:3
FNDA:2,runMigrations
FNDA:24,(anonymous_2)
FNDA:12,(anonymous_3)
DA:1,1
DA:2,1
DA:5,1
DA:7,1
DA:8,2
DA:15,2
DA:17,24
DA:20,2
DA:21,24
DA:25,24
DA:27,12
DA:29,12
DA:30,12
DA:31,12
LF:14
LH:14
BRDA:25,0,0,12
BRF:1
BRH:1
end_of_record
TN:
SF:src/utils/errorCodes.ts
FNF:0
FNH:0
DA:11,1
LF:1
LH:1
BRF:0
BRH:0
end_of_record
TN:
SF:src/utils/logger.ts
FN:5,shouldLog
FN:10,(anonymous_2)
FN:11,(anonymous_3)
FN:12,(anonymous_4)
FN:13,(anonymous_5)
FN:14,(anonymous_6)
FNF:6
FNH:0
FNDA:0,shouldLog
FNDA:0,(anonymous_2)
FNDA:0,(anonymous_3)
FNDA:0,(anonymous_4)
FNDA:0,(anonymous_5)
FNDA:0,(anonymous_6)
DA:1,1
DA:3,1
DA:6,0
DA:9,1
DA:10,0
DA:11,0
DA:12,0
DA:13,0
DA:14,0
LF:9
LH:3
BRDA:6,0,0,0
BRDA:6,0,1,0
BRDA:10,1,0,0
BRDA:10,1,1,0
BRDA:11,2,0,0
BRDA:11,2,1,0
BRDA:12,3,0,0
BRDA:12,3,1,0
BRDA:13,4,0,0
BRDA:13,4,1,0
BRF:10
BRH:0
end_of_record
